total_tasks=97
total_completed_tasks=20
total_failed_tasks_total=63
total_uncompleted_tasks=14
failed_tasks_due_to_bw=0
total_service_time=2340.2063861174233
total_processing_time=2336.6027842138515
network_delay=3.6036019035714864
total_failed_tasks_due_to_vm_capacity=0
failed_tasks_due_to_mobility=0
rejected_tasks_due_to_wlan_range=0
error_tasks_due_to_ram_capacity=0
error_tasks_due_to_delay_limit=0
rejected_tasks_by_solver=63

completed_tasks_on_edge=7
failed_tasks_on_edge=0
uncompleted_tasks_on_edge=0
service_time_on_edge=3652.598457563017
processing_time_on_edge=3643.9201593820044
vm_load_on_edge=86.15366972477064
failed_tasks_due_to_vm_capacity_on_edge=0

completed_tasks_on_cloud=13
failed_tasks_on_cloud=0
uncompleted_tasks_on_cloud=14
service_time_on_cloud=1633.533732262103
processing_time_on_cloud=1632.6626591233075
vm_load_on_cloud=61.51743119266043
failed_tasks_due_to_vm_capacity_on_cloud=0

completed_tasks_on_mobile=0
failed_tasks_on_mobile=63
uncompleted_tasks_on_mobile=0
serivice_time_on_mobile=0.0
processing_time_on_mobile=0.0
vm_load_on_mobile=0.0
failed_tasks_due_to_vm_capacity_on_mobile=0

lan_delay=0.10485977528717003
man_delay=10.00234480667896
wan_delay=0.8710731387958296
gsm_delay=0.0
failed_tasks_due_to_lan=0
failed_tasks_due_to_man=0
failed_tasks_due_to_wan=0
failed_tasks_due_to_gsm=0

