total_tasks=93
total_completed_tasks=22
total_failed_tasks_total=53
total_uncompleted_tasks=18
failed_tasks_due_to_bw=0
total_service_time=1538.5977578163015
total_processing_time=1535.2042431393556
network_delay=3.393514676945698
total_failed_tasks_due_to_vm_capacity=0
failed_tasks_due_to_mobility=0
rejected_tasks_due_to_wlan_range=0
error_tasks_due_to_ram_capacity=0
error_tasks_due_to_delay_limit=0
rejected_tasks_by_solver=53

completed_tasks_on_edge=7
failed_tasks_on_edge=0
uncompleted_tasks_on_edge=1
service_time_on_edge=3254.9192060957153
processing_time_on_edge=3246.2781538110003
vm_load_on_edge=83.39449541284404
failed_tasks_due_to_vm_capacity_on_edge=0

completed_tasks_on_cloud=15
failed_tasks_on_cloud=0
uncompleted_tasks_on_cloud=17
service_time_on_cloud=737.6477486192417
processing_time_on_cloud=736.7030848259216
vm_load_on_cloud=58.51467889908246
failed_tasks_due_to_vm_capacity_on_cloud=0

completed_tasks_on_mobile=0
failed_tasks_on_mobile=53
uncompleted_tasks_on_mobile=0
serivice_time_on_mobile=0.0
processing_time_on_mobile=0.0
vm_load_on_mobile=0.0
failed_tasks_due_to_vm_capacity_on_mobile=0

lan_delay=0.06761400268032336
man_delay=10.002344662373554
wan_delay=0.9446637933201175
gsm_delay=0.0
failed_tasks_due_to_lan=0
failed_tasks_due_to_man=0
failed_tasks_due_to_wan=0
failed_tasks_due_to_gsm=0

