total_tasks=31828
total_completed_tasks=26790
total_failed_tasks_total=5038
total_uncompleted_tasks=0
failed_tasks_due_to_bw=0
total_service_time=115.95625964979948
total_processing_time=112.84807702018401
network_delay=3.10818262961487
total_failed_tasks_due_to_vm_capacity=0
failed_tasks_due_to_mobility=7
rejected_tasks_due_to_wlan_range=0
error_tasks_due_to_ram_capacity=0
error_tasks_due_to_delay_limit=0
rejected_tasks_by_solver=5031

completed_tasks_on_edge=11197
failed_tasks_on_edge=2
uncompleted_tasks_on_edge=0
service_time_on_edge=52.861648873098055
processing_time_on_edge=45.47477371081156
vm_load_on_edge=78.72477064220183
failed_tasks_due_to_vm_capacity_on_edge=0

completed_tasks_on_cloud=15593
failed_tasks_on_cloud=5
uncompleted_tasks_on_cloud=0
service_time_on_cloud=161.26315100276014
processing_time_on_cloud=161.227406023906
vm_load_on_cloud=53.509633027522824
failed_tasks_due_to_vm_capacity_on_cloud=0

completed_tasks_on_mobile=0
failed_tasks_on_mobile=5031
uncompleted_tasks_on_mobile=0
serivice_time_on_mobile=0.0
processing_time_on_mobile=0.0
vm_load_on_mobile=0.0
failed_tasks_due_to_vm_capacity_on_mobile=0

lan_delay=0.002809238181988889
man_delay=10.002345288192828
wan_delay=0.035744978853580356
gsm_delay=0.0
failed_tasks_due_to_lan=0
failed_tasks_due_to_man=0
failed_tasks_due_to_wan=0
failed_tasks_due_to_gsm=0

