total_tasks=57
total_completed_tasks=26
total_failed_tasks_total=17
total_uncompleted_tasks=14
failed_tasks_due_to_bw=0
total_service_time=1224.502061906611
total_processing_time=1221.3185470025717
network_delay=3.1835149040396145
total_failed_tasks_due_to_vm_capacity=0
failed_tasks_due_to_mobility=1
rejected_tasks_due_to_wlan_range=0
error_tasks_due_to_ram_capacity=0
error_tasks_due_to_delay_limit=0
rejected_tasks_by_solver=16

completed_tasks_on_edge=7
failed_tasks_on_edge=1
uncompleted_tasks_on_edge=1
service_time_on_edge=3484.891963170033
processing_time_on_edge=3476.204395968975
vm_load_on_edge=66.82798165137615
failed_tasks_due_to_vm_capacity_on_edge=0

completed_tasks_on_cloud=19
failed_tasks_on_cloud=0
uncompleted_tasks_on_cloud=13
service_time_on_cloud=391.72683512535053
processing_time_on_cloud=390.5711289623177
vm_load_on_cloud=33.90045871559629
failed_tasks_due_to_vm_capacity_on_cloud=0

completed_tasks_on_mobile=0
failed_tasks_on_mobile=16
uncompleted_tasks_on_mobile=0
serivice_time_on_mobile=0.0
processing_time_on_mobile=0.0
vm_load_on_mobile=0.0
failed_tasks_due_to_vm_capacity_on_mobile=0

lan_delay=0.11412908036619904
man_delay=10.002344474140413
wan_delay=1.1557061630328476
gsm_delay=0.0
failed_tasks_due_to_lan=0
failed_tasks_due_to_man=0
failed_tasks_due_to_wan=0
failed_tasks_due_to_gsm=0

