total_tasks=31
total_completed_tasks=25
total_failed_tasks_total=4
total_uncompleted_tasks=2
failed_tasks_due_to_bw=0
total_service_time=817.0394702270542
total_processing_time=814.9911972883222
network_delay=2.048272938731783
total_failed_tasks_due_to_vm_capacity=0
failed_tasks_due_to_mobility=1
rejected_tasks_due_to_wlan_range=0
error_tasks_due_to_ram_capacity=0
error_tasks_due_to_delay_limit=0
rejected_tasks_by_solver=3

completed_tasks_on_edge=4
failed_tasks_on_edge=0
uncompleted_tasks_on_edge=0
service_time_on_edge=2856.4615920055585
processing_time_on_edge=2848.912520031697
vm_load_on_edge=20.704128440366972
failed_tasks_due_to_vm_capacity_on_edge=0

completed_tasks_on_cloud=21
failed_tasks_on_cloud=1
uncompleted_tasks_on_cloud=2
service_time_on_cloud=428.5781136978153
processing_time_on_cloud=427.5776120038701
vm_load_on_cloud=14.10825688073392
failed_tasks_due_to_vm_capacity_on_cloud=0

completed_tasks_on_mobile=0
failed_tasks_on_mobile=3
uncompleted_tasks_on_mobile=0
serivice_time_on_mobile=0.0
processing_time_on_mobile=0.0
vm_load_on_mobile=0.0
failed_tasks_due_to_vm_capacity_on_mobile=0

lan_delay=0.047314379547174636
man_delay=10.002343459085237
wan_delay=1.0005016939452462
gsm_delay=0.0
failed_tasks_due_to_lan=0
failed_tasks_due_to_man=0
failed_tasks_due_to_wan=0
failed_tasks_due_to_gsm=0

