total_tasks=26675
total_completed_tasks=24638
total_failed_tasks_total=1934
total_uncompleted_tasks=103
failed_tasks_due_to_bw=0
total_service_time=123.68644305185873
total_processing_time=120.60798990681633
network_delay=3.078453145043639
total_failed_tasks_due_to_vm_capacity=0
failed_tasks_due_to_mobility=1
rejected_tasks_due_to_wlan_range=0
error_tasks_due_to_ram_capacity=0
error_tasks_due_to_delay_limit=0
rejected_tasks_by_solver=1933

completed_tasks_on_edge=10240
failed_tasks_on_edge=0
uncompleted_tasks_on_edge=22
service_time_on_edge=64.77944540137568
processing_time_on_edge=57.42969012247672
vm_load_on_edge=73.37385321100918
failed_tasks_due_to_vm_capacity_on_edge=0

completed_tasks_on_cloud=14398
failed_tasks_on_cloud=1
uncompleted_tasks_on_cloud=81
service_time_on_cloud=165.58168238655549
processing_time_on_cloud=165.5410215634096
vm_load_on_cloud=43.56284403669716
failed_tasks_due_to_vm_capacity_on_cloud=0

completed_tasks_on_mobile=0
failed_tasks_on_mobile=1933
uncompleted_tasks_on_mobile=0
serivice_time_on_mobile=0.0
processing_time_on_mobile=0.0
vm_load_on_mobile=0.0
failed_tasks_due_to_vm_capacity_on_mobile=0

lan_delay=0.00330628344061762
man_delay=10.002345128772117
wan_delay=0.04066082314619525
gsm_delay=0.0
failed_tasks_due_to_lan=0
failed_tasks_due_to_man=0
failed_tasks_due_to_wan=0
failed_tasks_due_to_gsm=0

experiment_time=7523
cost_of_vm_utilization=0.01849997047313507

