total_tasks=328
total_completed_tasks=173
total_failed_tasks_total=83
total_uncompleted_tasks=72
failed_tasks_due_to_bw=0
total_service_time=1376.8000899225513
total_processing_time=1372.5634374424988
network_delay=4.2366524800525305
total_failed_tasks_due_to_vm_capacity=0
failed_tasks_due_to_mobility=0
rejected_tasks_due_to_wlan_range=0
error_tasks_due_to_ram_capacity=0
error_tasks_due_to_delay_limit=0
rejected_tasks_by_solver=83

completed_tasks_on_edge=88
failed_tasks_on_edge=0
uncompleted_tasks_on_edge=25
service_time_on_edge=1457.2117420183195
processing_time_on_edge=1449.2230011380768
vm_load_on_edge=79.47018348623853
failed_tasks_due_to_vm_capacity_on_edge=0

completed_tasks_on_cloud=85
failed_tasks_on_cloud=0
uncompleted_tasks_on_cloud=47
service_time_on_cloud=1293.5503795175214
processing_time_on_cloud=1293.1982420870781
vm_load_on_cloud=47.82568807339442
failed_tasks_due_to_vm_capacity_on_cloud=0

completed_tasks_on_mobile=0
failed_tasks_on_mobile=83
uncompleted_tasks_on_mobile=0
serivice_time_on_mobile=0.0
processing_time_on_mobile=0.0
vm_load_on_mobile=0.0
failed_tasks_due_to_vm_capacity_on_mobile=0

lan_delay=0.03233021124107375
man_delay=10.002344841031038
wan_delay=0.35213743044353174
gsm_delay=0.0
failed_tasks_due_to_lan=0
failed_tasks_due_to_man=0
failed_tasks_due_to_wan=0
failed_tasks_due_to_gsm=0

