total_tasks=6728
total_completed_tasks=6702
total_failed_tasks_total=6
total_uncompleted_tasks=20
failed_tasks_due_to_bw=0
total_service_time=100.50369261497718
total_processing_time=97.7720917787684
network_delay=2.731600836208278
total_failed_tasks_due_to_vm_capacity=0
failed_tasks_due_to_mobility=0
rejected_tasks_due_to_wlan_range=0
error_tasks_due_to_ram_capacity=0
error_tasks_due_to_delay_limit=0
rejected_tasks_by_solver=6

completed_tasks_on_edge=2290
failed_tasks_on_edge=0
uncompleted_tasks_on_edge=3
service_time_on_edge=61.44412258893227
processing_time_on_edge=53.53495994363087
vm_load_on_edge=16.28211009174312
failed_tasks_due_to_vm_capacity_on_edge=0

completed_tasks_on_cloud=4412
failed_tasks_on_cloud=0
uncompleted_tasks_on_cloud=17
service_time_on_cloud=120.77713217971888
processing_time_on_cloud=120.73288776754092
vm_load_on_cloud=9.058256880733937
failed_tasks_due_to_vm_capacity_on_cloud=0

completed_tasks_on_mobile=0
failed_tasks_on_mobile=6
uncompleted_tasks_on_mobile=0
serivice_time_on_mobile=0.0
processing_time_on_mobile=0.0
vm_load_on_mobile=0.0
failed_tasks_due_to_vm_capacity_on_mobile=0

lan_delay=0.0033804572056796212
man_delay=10.002343210353187
wan_delay=0.04424441217790759
gsm_delay=0.0
failed_tasks_due_to_lan=0
failed_tasks_due_to_man=0
failed_tasks_due_to_wan=0
failed_tasks_due_to_gsm=0

experiment_time=4185
cost_of_vm_utilization=0.005958964665616842

