total_tasks=23200
total_completed_tasks=22465
total_failed_tasks_total=651
total_uncompleted_tasks=84
failed_tasks_due_to_bw=0
total_service_time=116.66221810748011
total_processing_time=113.54707309709994
network_delay=3.1151450103802945
total_failed_tasks_due_to_vm_capacity=0
failed_tasks_due_to_mobility=2
rejected_tasks_due_to_wlan_range=0
error_tasks_due_to_ram_capacity=0
error_tasks_due_to_delay_limit=0
rejected_tasks_by_solver=649

completed_tasks_on_edge=9439
failed_tasks_on_edge=2
uncompleted_tasks_on_edge=20
service_time_on_edge=63.03875424191753
processing_time_on_edge=55.684434216926306
vm_load_on_edge=66.82798165137615
failed_tasks_due_to_vm_capacity_on_edge=0

completed_tasks_on_cloud=13026
failed_tasks_on_cloud=0
uncompleted_tasks_on_cloud=64
service_time_on_cloud=155.51926366460023
processing_time_on_cloud=155.47594215820547
vm_load_on_cloud=33.90045871559629
failed_tasks_due_to_vm_capacity_on_cloud=0

completed_tasks_on_mobile=0
failed_tasks_on_mobile=649
uncompleted_tasks_on_mobile=0
serivice_time_on_mobile=0.0
processing_time_on_mobile=0.0
vm_load_on_mobile=0.0
failed_tasks_due_to_vm_capacity_on_mobile=0

lan_delay=0.0033010548070916365
man_delay=10.002345114540855
wan_delay=0.04332150639451678
gsm_delay=0.0
failed_tasks_due_to_lan=0
failed_tasks_due_to_man=0
failed_tasks_due_to_wan=0
failed_tasks_due_to_gsm=0

experiment_time=7898
cost_of_vm_utilization=0.01755280448478572

