total_tasks=16701
total_completed_tasks=16533
total_failed_tasks_total=114
total_uncompleted_tasks=54
failed_tasks_due_to_bw=0
total_service_time=105.25530824800525
total_processing_time=102.19132658895427
network_delay=3.0639816590512887
total_failed_tasks_due_to_vm_capacity=0
failed_tasks_due_to_mobility=2
rejected_tasks_due_to_wlan_range=0
error_tasks_due_to_ram_capacity=0
error_tasks_due_to_delay_limit=0
rejected_tasks_by_solver=112

completed_tasks_on_edge=6690
failed_tasks_on_edge=0
uncompleted_tasks_on_edge=23
service_time_on_edge=59.53902663599915
processing_time_on_edge=52.03334165344799
vm_load_on_edge=39.325688073394495
failed_tasks_due_to_vm_capacity_on_edge=0

completed_tasks_on_cloud=9843
failed_tasks_on_cloud=2
uncompleted_tasks_on_cloud=31
service_time_on_cloud=136.32733141008245
processing_time_on_cloud=136.28224594469347
vm_load_on_cloud=21.003669724770603
failed_tasks_due_to_vm_capacity_on_cloud=0

completed_tasks_on_mobile=0
failed_tasks_on_mobile=112
uncompleted_tasks_on_mobile=0
serivice_time_on_mobile=0.0
processing_time_on_mobile=0.0
vm_load_on_mobile=0.0
failed_tasks_due_to_vm_capacity_on_mobile=0

lan_delay=0.003179166136464978
man_delay=10.002344342729117
wan_delay=0.045085465388938144
gsm_delay=0.0
failed_tasks_due_to_lan=0
failed_tasks_due_to_man=0
failed_tasks_due_to_wan=0
failed_tasks_due_to_gsm=0

experiment_time=9330
cost_of_vm_utilization=0.014390708037264426

