total_tasks=111
total_completed_tasks=93
total_failed_tasks_total=5
total_uncompleted_tasks=13
failed_tasks_due_to_bw=0
total_service_time=839.133129739944
total_processing_time=836.8720985430475
network_delay=2.2610311968967376
total_failed_tasks_due_to_vm_capacity=0
failed_tasks_due_to_mobility=1
rejected_tasks_due_to_wlan_range=0
error_tasks_due_to_ram_capacity=0
error_tasks_due_to_delay_limit=0
rejected_tasks_by_solver=4

completed_tasks_on_edge=19
failed_tasks_on_edge=0
uncompleted_tasks_on_edge=2
service_time_on_edge=496.11970376706256
processing_time_on_edge=487.1351152865178
vm_load_on_edge=39.325688073394495
failed_tasks_due_to_vm_capacity_on_edge=0

completed_tasks_on_cloud=74
failed_tasks_on_cloud=1
uncompleted_tasks_on_cloud=11
service_time_on_cloud=927.2041445167652
processing_time_on_cloud=926.6694320818863
vm_load_on_cloud=21.003669724770603
failed_tasks_due_to_vm_capacity_on_cloud=0

completed_tasks_on_mobile=0
failed_tasks_on_mobile=4
uncompleted_tasks_on_mobile=0
serivice_time_on_mobile=0.0
processing_time_on_mobile=0.0
vm_load_on_mobile=0.0
failed_tasks_due_to_vm_capacity_on_mobile=0

lan_delay=0.035123016510401533
man_delay=10.002343753920892
wan_delay=0.5347124348789699
gsm_delay=0.0
failed_tasks_due_to_lan=0
failed_tasks_due_to_man=0
failed_tasks_due_to_wan=0
failed_tasks_due_to_gsm=0

