total_tasks=9927
total_completed_tasks=9897
total_failed_tasks_total=26
total_uncompleted_tasks=4
failed_tasks_due_to_bw=0
total_service_time=93.13328397243195
total_processing_time=90.08843231187798
network_delay=3.0448516605537703
total_failed_tasks_due_to_vm_capacity=0
failed_tasks_due_to_mobility=9
rejected_tasks_due_to_wlan_range=0
error_tasks_due_to_ram_capacity=0
error_tasks_due_to_delay_limit=0
rejected_tasks_by_solver=17

completed_tasks_on_edge=3946
failed_tasks_on_edge=0
uncompleted_tasks_on_edge=0
service_time_on_edge=37.09834990498087
processing_time_on_edge=29.516518997366507
vm_load_on_edge=20.704128440366972
failed_tasks_due_to_vm_capacity_on_edge=0

completed_tasks_on_cloud=5951
failed_tasks_on_cloud=9
uncompleted_tasks_on_cloud=4
service_time_on_cloud=130.28903087718066
processing_time_on_cloud=130.25256774105964
vm_load_on_cloud=14.10825688073392
failed_tasks_due_to_vm_capacity_on_cloud=0

completed_tasks_on_mobile=0
failed_tasks_on_mobile=17
uncompleted_tasks_on_mobile=0
serivice_time_on_mobile=0.0
processing_time_on_mobile=0.0
vm_load_on_mobile=0.0
failed_tasks_due_to_vm_capacity_on_mobile=0

lan_delay=0.0027616717509096563
man_delay=10.002343546728191
wan_delay=0.03646313612060565
gsm_delay=0.0
failed_tasks_due_to_lan=0
failed_tasks_due_to_man=0
failed_tasks_due_to_wan=0
failed_tasks_due_to_gsm=0

