total_tasks=87
total_completed_tasks=26
total_failed_tasks_total=44
total_uncompleted_tasks=17
failed_tasks_due_to_bw=0
total_service_time=1469.1398101307152
total_processing_time=1466.4986518712778
network_delay=2.64115825943714
total_failed_tasks_due_to_vm_capacity=0
failed_tasks_due_to_mobility=0
rejected_tasks_due_to_wlan_range=0
error_tasks_due_to_ram_capacity=0
error_tasks_due_to_delay_limit=0
rejected_tasks_by_solver=44

completed_tasks_on_edge=8
failed_tasks_on_edge=0
uncompleted_tasks_on_edge=1
service_time_on_edge=1647.237366390225
processing_time_on_edge=1640.8807165260082
vm_load_on_edge=78.72477064220183
failed_tasks_due_to_vm_capacity_on_edge=0

completed_tasks_on_cloud=18
failed_tasks_on_cloud=0
uncompleted_tasks_on_cloud=16
service_time_on_cloud=1389.985340682044
processing_time_on_cloud=1388.995512024731
vm_load_on_cloud=53.509633027522824
failed_tasks_due_to_vm_capacity_on_cloud=0

completed_tasks_on_mobile=0
failed_tasks_on_mobile=44
uncompleted_tasks_on_mobile=0
serivice_time_on_mobile=0.0
processing_time_on_mobile=0.0
vm_load_on_mobile=0.0
failed_tasks_due_to_vm_capacity_on_mobile=0

lan_delay=0.10518424064075307
man_delay=10.002344997721268
wan_delay=0.9898286573129591
gsm_delay=0.0
failed_tasks_due_to_lan=0
failed_tasks_due_to_man=0
failed_tasks_due_to_wan=0
failed_tasks_due_to_gsm=0

