total_tasks=196
total_completed_tasks=162
total_failed_tasks_total=16
total_uncompleted_tasks=18
failed_tasks_due_to_bw=0
total_service_time=1064.2616669880522
total_processing_time=1061.5820154431274
network_delay=2.6796515449248557
total_failed_tasks_due_to_vm_capacity=0
failed_tasks_due_to_mobility=1
rejected_tasks_due_to_wlan_range=0
error_tasks_due_to_ram_capacity=0
error_tasks_due_to_delay_limit=0
rejected_tasks_by_solver=15

completed_tasks_on_edge=58
failed_tasks_on_edge=0
uncompleted_tasks_on_edge=5
service_time_on_edge=573.1225361519944
processing_time_on_edge=566.5333820336155
vm_load_on_edge=78.72477064220183
failed_tasks_due_to_vm_capacity_on_edge=0

completed_tasks_on_cloud=104
failed_tasks_on_cloud=1
uncompleted_tasks_on_cloud=13
service_time_on_cloud=1338.1661822620076
processing_time_on_cloud=1337.6668302292017
vm_load_on_cloud=53.509633027522824
failed_tasks_due_to_vm_capacity_on_cloud=0

completed_tasks_on_mobile=0
failed_tasks_on_mobile=15
uncompleted_tasks_on_mobile=0
serivice_time_on_mobile=0.0
processing_time_on_mobile=0.0
vm_load_on_mobile=0.0
failed_tasks_due_to_vm_capacity_on_mobile=0

lan_delay=0.03589368225430141
man_delay=10.00234487619033
wan_delay=0.4993520328061952
gsm_delay=0.0
failed_tasks_due_to_lan=0
failed_tasks_due_to_man=0
failed_tasks_due_to_wan=0
failed_tasks_due_to_gsm=0

