total_tasks=13
total_completed_tasks=12
total_failed_tasks_total=1
total_uncompleted_tasks=0
failed_tasks_due_to_bw=0
total_service_time=1022.7560463036461
total_processing_time=1018.895637558122
network_delay=3.860408745523993
total_failed_tasks_due_to_vm_capacity=0
failed_tasks_due_to_mobility=0
rejected_tasks_due_to_wlan_range=0
error_tasks_due_to_ram_capacity=0
error_tasks_due_to_delay_limit=0
rejected_tasks_by_solver=1

completed_tasks_on_edge=4
failed_tasks_on_edge=0
uncompleted_tasks_on_edge=0
service_time_on_edge=2236.9130264853707
processing_time_on_edge=2226.8739197250948
vm_load_on_edge=7.727064220183486
failed_tasks_due_to_vm_capacity_on_edge=0

completed_tasks_on_cloud=8
failed_tasks_on_cloud=0
uncompleted_tasks_on_cloud=0
service_time_on_cloud=415.6775562127837
processing_time_on_cloud=414.90649647463584
vm_load_on_cloud=0.48440366972477045
failed_tasks_due_to_vm_capacity_on_cloud=0

completed_tasks_on_mobile=0
failed_tasks_on_mobile=1
uncompleted_tasks_on_mobile=0
serivice_time_on_mobile=0.0
processing_time_on_mobile=0.0
vm_load_on_mobile=0.0
failed_tasks_due_to_vm_capacity_on_mobile=0

lan_delay=0.03676347580255472
man_delay=10.00234328447374
wan_delay=0.7710597381478425
gsm_delay=0.0
failed_tasks_due_to_lan=0
failed_tasks_due_to_man=0
failed_tasks_due_to_wan=0
failed_tasks_due_to_gsm=0

