total_tasks=27
total_completed_tasks=26
total_failed_tasks_total=1
total_uncompleted_tasks=0
failed_tasks_due_to_bw=0
total_service_time=666.6269114929623
total_processing_time=661.7923496579114
network_delay=4.8345618350507875
total_failed_tasks_due_to_vm_capacity=0
failed_tasks_due_to_mobility=0
rejected_tasks_due_to_wlan_range=0
error_tasks_due_to_ram_capacity=0
error_tasks_due_to_delay_limit=0
rejected_tasks_by_solver=1

completed_tasks_on_edge=13
failed_tasks_on_edge=0
uncompleted_tasks_on_edge=0
service_time_on_edge=1154.169823085717
processing_time_on_edge=1144.9124429221988
vm_load_on_edge=7.727064220183486
failed_tasks_due_to_vm_capacity_on_edge=0

completed_tasks_on_cloud=13
failed_tasks_on_cloud=0
uncompleted_tasks_on_cloud=0
service_time_on_cloud=179.08399990020766
processing_time_on_cloud=178.67225639362417
vm_load_on_cloud=0.48440366972477045
failed_tasks_due_to_vm_capacity_on_cloud=0

completed_tasks_on_mobile=0
failed_tasks_on_mobile=1
uncompleted_tasks_on_mobile=0
serivice_time_on_mobile=0.0
processing_time_on_mobile=0.0
vm_load_on_mobile=0.0
failed_tasks_due_to_vm_capacity_on_mobile=0

lan_delay=0.024448017212783443
man_delay=10.002343158497432
wan_delay=0.41174350658346826
gsm_delay=0.0
failed_tasks_due_to_lan=0
failed_tasks_due_to_man=0
failed_tasks_due_to_wan=0
failed_tasks_due_to_gsm=0

