total_tasks=26164
total_completed_tasks=24330
total_failed_tasks_total=1834
total_uncompleted_tasks=0
failed_tasks_due_to_bw=0
total_service_time=110.74054963688226
total_processing_time=107.66978012806881
network_delay=3.070769508814699
total_failed_tasks_due_to_vm_capacity=0
failed_tasks_due_to_mobility=0
rejected_tasks_due_to_wlan_range=0
error_tasks_due_to_ram_capacity=0
error_tasks_due_to_delay_limit=0
rejected_tasks_by_solver=1834

completed_tasks_on_edge=10103
failed_tasks_on_edge=0
uncompleted_tasks_on_edge=0
service_time_on_edge=49.421657758042315
processing_time_on_edge=42.07673708516464
vm_load_on_edge=73.37385321100918
failed_tasks_due_to_vm_capacity_on_edge=0

completed_tasks_on_cloud=14227
failed_tasks_on_cloud=0
uncompleted_tasks_on_cloud=0
service_time_on_cloud=154.28485023798842
processing_time_on_cloud=154.249277834012
vm_load_on_cloud=43.56284403669716
failed_tasks_due_to_vm_capacity_on_cloud=0

completed_tasks_on_mobile=0
failed_tasks_on_mobile=1834
uncompleted_tasks_on_mobile=0
serivice_time_on_mobile=0.0
processing_time_on_mobile=0.0
vm_load_on_mobile=0.0
failed_tasks_due_to_vm_capacity_on_mobile=0

lan_delay=0.002805310211167251
man_delay=10.002345133363185
wan_delay=0.03557240397677453
gsm_delay=0.0
failed_tasks_due_to_lan=0
failed_tasks_due_to_man=0
failed_tasks_due_to_wan=0
failed_tasks_due_to_gsm=0

