total_tasks=66
total_completed_tasks=60
total_failed_tasks_total=1
total_uncompleted_tasks=5
failed_tasks_due_to_bw=0
total_service_time=691.5945127257775
total_processing_time=688.555696616255
network_delay=3.0388161095221755
total_failed_tasks_due_to_vm_capacity=0
failed_tasks_due_to_mobility=0
rejected_tasks_due_to_wlan_range=0
error_tasks_due_to_ram_capacity=0
error_tasks_due_to_delay_limit=0
rejected_tasks_by_solver=1

completed_tasks_on_edge=19
failed_tasks_on_edge=0
uncompleted_tasks_on_edge=0
service_time_on_edge=423.8508923650731
processing_time_on_edge=415.38693044642184
vm_load_on_edge=20.704128440366972
failed_tasks_due_to_vm_capacity_on_edge=0

completed_tasks_on_cloud=41
failed_tasks_on_cloud=0
uncompleted_tasks_on_cloud=5
service_time_on_cloud=815.6708246002498
processing_time_on_cloud=815.1461004510559
vm_load_on_cloud=14.10825688073392
failed_tasks_due_to_vm_capacity_on_cloud=0

completed_tasks_on_mobile=0
failed_tasks_on_mobile=1
uncompleted_tasks_on_mobile=0
serivice_time_on_mobile=0.0
processing_time_on_mobile=0.0
vm_load_on_mobile=0.0
failed_tasks_due_to_vm_capacity_on_mobile=0

lan_delay=0.0409356268708082
man_delay=10.002343721489341
wan_delay=0.5247241491940399
gsm_delay=0.0
failed_tasks_due_to_lan=0
failed_tasks_due_to_man=0
failed_tasks_due_to_wan=0
failed_tasks_due_to_gsm=0

