total_tasks=20693
total_completed_tasks=20374
total_failed_tasks_total=245
total_uncompleted_tasks=74
failed_tasks_due_to_bw=0
total_service_time=99.5656809134635
total_processing_time=96.3878121862746
network_delay=3.1778687271903268
total_failed_tasks_due_to_vm_capacity=0
failed_tasks_due_to_mobility=12
rejected_tasks_due_to_wlan_range=0
error_tasks_due_to_ram_capacity=0
error_tasks_due_to_delay_limit=0
rejected_tasks_by_solver=233

completed_tasks_on_edge=8477
failed_tasks_on_edge=3
uncompleted_tasks_on_edge=23
service_time_on_edge=58.34777310021535
processing_time_on_edge=50.772751551603335
vm_load_on_edge=56.18348623853211
failed_tasks_due_to_vm_capacity_on_edge=0

completed_tasks_on_cloud=11897
failed_tasks_on_cloud=9
uncompleted_tasks_on_cloud=51
service_time_on_cloud=128.9347827486249
processing_time_on_cloud=128.89002862740253
vm_load_on_cloud=25.553211009174284
failed_tasks_due_to_vm_capacity_on_cloud=0

completed_tasks_on_mobile=0
failed_tasks_on_mobile=233
uncompleted_tasks_on_mobile=0
serivice_time_on_mobile=0.0
processing_time_on_mobile=0.0
vm_load_on_mobile=0.0
failed_tasks_due_to_vm_capacity_on_mobile=0

lan_delay=0.0033514842354264713
man_delay=10.002344886352383
wan_delay=0.044754121222309096
gsm_delay=0.0
failed_tasks_due_to_lan=0
failed_tasks_due_to_man=0
failed_tasks_due_to_wan=0
failed_tasks_due_to_gsm=0

experiment_time=8989
cost_of_vm_utilization=0.015767421617788525

