total_tasks=78
total_completed_tasks=68
total_failed_tasks_total=2
total_uncompleted_tasks=8
failed_tasks_due_to_bw=0
total_service_time=807.7948023054587
total_processing_time=803.7203396517061
network_delay=4.0744626537525
total_failed_tasks_due_to_vm_capacity=0
failed_tasks_due_to_mobility=0
rejected_tasks_due_to_wlan_range=0
error_tasks_due_to_ram_capacity=0
error_tasks_due_to_delay_limit=0
rejected_tasks_by_solver=2

completed_tasks_on_edge=30
failed_tasks_on_edge=0
uncompleted_tasks_on_edge=3
service_time_on_edge=1462.588783206583
processing_time_on_edge=1453.8875093733914
vm_load_on_edge=16.28211009174312
failed_tasks_due_to_vm_capacity_on_edge=0

completed_tasks_on_cloud=38
failed_tasks_on_cloud=0
uncompleted_tasks_on_cloud=5
service_time_on_cloud=290.8521858045711
processing_time_on_cloud=290.43046881879684
vm_load_on_cloud=9.058256880733937
failed_tasks_due_to_vm_capacity_on_cloud=0

completed_tasks_on_mobile=0
failed_tasks_on_mobile=2
uncompleted_tasks_on_mobile=0
serivice_time_on_mobile=0.0
processing_time_on_mobile=0.0
vm_load_on_mobile=0.0
failed_tasks_due_to_vm_capacity_on_mobile=0

lan_delay=0.03257638993108886
man_delay=10.002343203762045
wan_delay=0.4217169857743204
gsm_delay=0.0
failed_tasks_due_to_lan=0
failed_tasks_due_to_man=0
failed_tasks_due_to_wan=0
failed_tasks_due_to_gsm=0

