total_tasks=367
total_completed_tasks=189
total_failed_tasks_total=111
total_uncompleted_tasks=67
failed_tasks_due_to_bw=0
total_service_time=1497.0585222051811
total_processing_time=1492.9002346402806
network_delay=4.1582875649024365
total_failed_tasks_due_to_vm_capacity=0
failed_tasks_due_to_mobility=0
rejected_tasks_due_to_wlan_range=0
error_tasks_due_to_ram_capacity=0
error_tasks_due_to_delay_limit=0
rejected_tasks_by_solver=111

completed_tasks_on_edge=101
failed_tasks_on_edge=0
uncompleted_tasks_on_edge=17
service_time_on_edge=1815.2410569854362
processing_time_on_edge=1807.7831936749144
vm_load_on_edge=78.72477064220183
failed_tasks_due_to_vm_capacity_on_edge=0

completed_tasks_on_cloud=88
failed_tasks_on_cloud=0
uncompleted_tasks_on_cloud=50
service_time_on_cloud=1131.8717493323907
processing_time_on_cloud=1131.5004748391652
vm_load_on_cloud=53.509633027522824
failed_tasks_due_to_vm_capacity_on_cloud=0

completed_tasks_on_mobile=0
failed_tasks_on_mobile=111
uncompleted_tasks_on_mobile=0
serivice_time_on_mobile=0.0
processing_time_on_mobile=0.0
vm_load_on_mobile=0.0
failed_tasks_due_to_vm_capacity_on_mobile=0

lan_delay=0.03037949432102935
man_delay=10.002344872484157
wan_delay=0.3712744932252869
gsm_delay=0.0
failed_tasks_due_to_lan=0
failed_tasks_due_to_man=0
failed_tasks_due_to_wan=0
failed_tasks_due_to_gsm=0

