total_tasks=76
total_completed_tasks=25
total_failed_tasks_total=37
total_uncompleted_tasks=14
failed_tasks_due_to_bw=0
total_service_time=1834.837408602501
total_processing_time=1830.9409844292386
network_delay=3.8964241732630085
total_failed_tasks_due_to_vm_capacity=0
failed_tasks_due_to_mobility=0
rejected_tasks_due_to_wlan_range=0
error_tasks_due_to_ram_capacity=0
error_tasks_due_to_delay_limit=0
rejected_tasks_by_solver=37

completed_tasks_on_edge=9
failed_tasks_on_edge=0
uncompleted_tasks_on_edge=0
service_time_on_edge=3891.2974861872417
processing_time_on_edge=3882.246690199779
vm_load_on_edge=79.47018348623853
failed_tasks_due_to_vm_capacity_on_edge=0

completed_tasks_on_cloud=16
failed_tasks_on_cloud=0
uncompleted_tasks_on_cloud=14
service_time_on_cloud=678.0786149610853
processing_time_on_cloud=677.0815249333094
vm_load_on_cloud=47.82568807339442
failed_tasks_due_to_vm_capacity_on_cloud=0

completed_tasks_on_mobile=0
failed_tasks_on_mobile=37
uncompleted_tasks_on_mobile=0
serivice_time_on_mobile=0.0
processing_time_on_mobile=0.0
vm_load_on_mobile=0.0
failed_tasks_due_to_vm_capacity_on_mobile=0

lan_delay=0.15982294374506578
man_delay=10.002344674181954
wan_delay=0.9970900277758761
gsm_delay=0.0
failed_tasks_due_to_lan=0
failed_tasks_due_to_man=0
failed_tasks_due_to_wan=0
failed_tasks_due_to_gsm=0

