total_tasks=22748
total_completed_tasks=22153
total_failed_tasks_total=594
total_uncompleted_tasks=1
failed_tasks_due_to_bw=0
total_service_time=101.84245606593927
total_processing_time=98.729663243657
network_delay=3.1127928222824086
total_failed_tasks_due_to_vm_capacity=0
failed_tasks_due_to_mobility=0
rejected_tasks_due_to_wlan_range=0
error_tasks_due_to_ram_capacity=0
error_tasks_due_to_delay_limit=0
rejected_tasks_by_solver=594

completed_tasks_on_edge=9316
failed_tasks_on_edge=0
uncompleted_tasks_on_edge=1
service_time_on_edge=47.20644080267933
processing_time_on_edge=39.85430878730094
vm_load_on_edge=66.82798165137615
failed_tasks_due_to_vm_capacity_on_edge=0

completed_tasks_on_cloud=12837
failed_tasks_on_cloud=0
uncompleted_tasks_on_cloud=0
service_time_on_cloud=141.4926171777669
processing_time_on_cloud=141.45637525701017
vm_load_on_cloud=33.90045871559629
failed_tasks_due_to_vm_capacity_on_cloud=0

completed_tasks_on_mobile=0
failed_tasks_on_mobile=594
uncompleted_tasks_on_mobile=0
serivice_time_on_mobile=0.0
processing_time_on_mobile=0.0
vm_load_on_mobile=0.0
failed_tasks_due_to_vm_capacity_on_mobile=0

lan_delay=0.0028348569957225966
man_delay=10.00234511723811
wan_delay=0.036241920756475955
gsm_delay=0.0
failed_tasks_due_to_lan=0
failed_tasks_due_to_man=0
failed_tasks_due_to_wan=0
failed_tasks_due_to_gsm=0

