total_tasks=20298
total_completed_tasks=20077
total_failed_tasks_total=218
total_uncompleted_tasks=3
failed_tasks_due_to_bw=0
total_service_time=87.53093924697795
total_processing_time=84.35471476816068
network_delay=3.1762244788187206
total_failed_tasks_due_to_vm_capacity=0
failed_tasks_due_to_mobility=12
rejected_tasks_due_to_wlan_range=0
error_tasks_due_to_ram_capacity=0
error_tasks_due_to_delay_limit=0
rejected_tasks_by_solver=206

completed_tasks_on_edge=8360
failed_tasks_on_edge=3
uncompleted_tasks_on_edge=3
service_time_on_edge=45.93974371247722
processing_time_on_edge=38.36329662832716
vm_load_on_edge=56.18348623853211
failed_tasks_due_to_vm_capacity_on_edge=0

completed_tasks_on_cloud=11717
failed_tasks_on_cloud=9
uncompleted_tasks_on_cloud=0
service_time_on_cloud=117.20597506403327
processing_time_on_cloud=117.16927955855061
vm_load_on_cloud=25.553211009174284
failed_tasks_due_to_vm_capacity_on_cloud=0

completed_tasks_on_mobile=0
failed_tasks_on_mobile=206
uncompleted_tasks_on_mobile=0
serivice_time_on_mobile=0.0
processing_time_on_mobile=0.0
vm_load_on_mobile=0.0
failed_tasks_due_to_vm_capacity_on_mobile=0

lan_delay=0.002901253839522495
man_delay=10.002344888056696
wan_delay=0.036695505482563895
gsm_delay=0.0
failed_tasks_due_to_lan=0
failed_tasks_due_to_man=0
failed_tasks_due_to_wan=0
failed_tasks_due_to_gsm=0

