total_tasks=260
total_completed_tasks=173
total_failed_tasks_total=32
total_uncompleted_tasks=55
failed_tasks_due_to_bw=0
total_service_time=1114.7953752853837
total_processing_time=1110.3320624877
network_delay=4.463312797684599
total_failed_tasks_due_to_vm_capacity=0
failed_tasks_due_to_mobility=1
rejected_tasks_due_to_wlan_range=0
error_tasks_due_to_ram_capacity=0
error_tasks_due_to_delay_limit=0
rejected_tasks_by_solver=31

completed_tasks_on_edge=96
failed_tasks_on_edge=1
uncompleted_tasks_on_edge=16
service_time_on_edge=1246.5560003519074
processing_time_on_edge=1238.8127866830584
vm_load_on_edge=66.82798165137615
failed_tasks_due_to_vm_capacity_on_edge=0

completed_tasks_on_cloud=77
failed_tasks_on_cloud=0
uncompleted_tasks_on_cloud=39
service_time_on_cloud=950.5223881894588
processing_time_on_cloud=950.1483024519271
vm_load_on_cloud=33.90045871559629
failed_tasks_due_to_vm_capacity_on_cloud=0

completed_tasks_on_mobile=0
failed_tasks_on_mobile=31
uncompleted_tasks_on_mobile=0
serivice_time_on_mobile=0.0
processing_time_on_mobile=0.0
vm_load_on_mobile=0.0
failed_tasks_due_to_vm_capacity_on_mobile=0

lan_delay=0.03307274151020171
man_delay=10.00234498681757
wan_delay=0.3740857375318983
gsm_delay=0.0
failed_tasks_due_to_lan=0
failed_tasks_due_to_man=0
failed_tasks_due_to_wan=0
failed_tasks_due_to_gsm=0

