total_tasks=16388
total_completed_tasks=16275
total_failed_tasks_total=100
total_uncompleted_tasks=13
failed_tasks_due_to_bw=0
total_service_time=92.8634370830946
total_processing_time=89.79622686750325
network_delay=3.067210215591649
total_failed_tasks_due_to_vm_capacity=0
failed_tasks_due_to_mobility=1
rejected_tasks_due_to_wlan_range=0
error_tasks_due_to_ram_capacity=0
error_tasks_due_to_delay_limit=0
rejected_tasks_by_solver=99

completed_tasks_on_edge=6605
failed_tasks_on_edge=0
uncompleted_tasks_on_edge=13
service_time_on_edge=44.43202212226176
processing_time_on_edge=36.92705672026707
vm_load_on_edge=39.325688073394495
failed_tasks_due_to_vm_capacity_on_edge=0

completed_tasks_on_cloud=9670
failed_tasks_on_cloud=1
uncompleted_tasks_on_cloud=0
service_time_on_cloud=125.94404678488424
processing_time_on_cloud=125.90800234035734
vm_load_on_cloud=21.003669724770603
failed_tasks_due_to_vm_capacity_on_cloud=0

completed_tasks_on_mobile=0
failed_tasks_on_mobile=99
uncompleted_tasks_on_mobile=0
serivice_time_on_mobile=0.0
processing_time_on_mobile=0.0
vm_load_on_mobile=0.0
failed_tasks_due_to_vm_capacity_on_mobile=0

lan_delay=0.0028285521600347283
man_delay=10.002344346620582
wan_delay=0.03604444452685803
gsm_delay=0.0
failed_tasks_due_to_lan=0
failed_tasks_due_to_man=0
failed_tasks_due_to_wan=0
failed_tasks_due_to_gsm=0

