total_tasks=215
total_completed_tasks=156
total_failed_tasks_total=14
total_uncompleted_tasks=45
failed_tasks_due_to_bw=0
total_service_time=905.5723847100065
total_processing_time=901.5644692844493
network_delay=4.007915425556788
total_failed_tasks_due_to_vm_capacity=0
failed_tasks_due_to_mobility=0
rejected_tasks_due_to_wlan_range=0
error_tasks_due_to_ram_capacity=0
error_tasks_due_to_delay_limit=0
rejected_tasks_by_solver=14

completed_tasks_on_edge=78
failed_tasks_on_edge=0
uncompleted_tasks_on_edge=17
service_time_on_edge=992.9833142187892
processing_time_on_edge=985.3869374442517
vm_load_on_edge=56.18348623853211
failed_tasks_due_to_vm_capacity_on_edge=0

completed_tasks_on_cloud=78
failed_tasks_on_cloud=0
uncompleted_tasks_on_cloud=28
service_time_on_cloud=818.1614552012237
processing_time_on_cloud=817.7420011246481
vm_load_on_cloud=25.553211009174284
failed_tasks_due_to_vm_capacity_on_cloud=0

completed_tasks_on_mobile=0
failed_tasks_on_mobile=14
uncompleted_tasks_on_mobile=0
serivice_time_on_mobile=0.0
processing_time_on_mobile=0.0
vm_load_on_mobile=0.0
failed_tasks_due_to_vm_capacity_on_mobile=0

lan_delay=0.030500641723086374
man_delay=10.002344717958657
wan_delay=0.4194540765756058
gsm_delay=0.0
failed_tasks_due_to_lan=0
failed_tasks_due_to_man=0
failed_tasks_due_to_wan=0
failed_tasks_due_to_gsm=0

