total_tasks=50
total_completed_tasks=44
total_failed_tasks_total=1
total_uncompleted_tasks=5
failed_tasks_due_to_bw=0
total_service_time=382.0649963289025
total_processing_time=379.0016917676932
network_delay=3.063304561209341
total_failed_tasks_due_to_vm_capacity=0
failed_tasks_due_to_mobility=0
rejected_tasks_due_to_wlan_range=0
error_tasks_due_to_ram_capacity=0
error_tasks_due_to_delay_limit=0
rejected_tasks_by_solver=1

completed_tasks_on_edge=19
failed_tasks_on_edge=0
uncompleted_tasks_on_edge=0
service_time_on_edge=287.99517357563536
processing_time_on_edge=281.6346464810145
vm_load_on_edge=16.28211009174312
failed_tasks_due_to_vm_capacity_on_edge=0

completed_tasks_on_cloud=25
failed_tasks_on_cloud=0
uncompleted_tasks_on_cloud=5
service_time_on_cloud=453.55806162138566
processing_time_on_cloud=453.0006461855691
vm_load_on_cloud=9.058256880733937
failed_tasks_due_to_vm_capacity_on_cloud=0

completed_tasks_on_mobile=0
failed_tasks_on_mobile=1
uncompleted_tasks_on_mobile=0
serivice_time_on_mobile=0.0
processing_time_on_mobile=0.0
vm_load_on_mobile=0.0
failed_tasks_due_to_vm_capacity_on_mobile=0

lan_delay=0.04325770929808635
man_delay=10.00234319342771
wan_delay=0.5574154358165914
gsm_delay=0.0
failed_tasks_due_to_lan=0
failed_tasks_due_to_man=0
failed_tasks_due_to_wan=0
failed_tasks_due_to_gsm=0

