total_tasks=129
total_completed_tasks=106
total_failed_tasks_total=4
total_uncompleted_tasks=19
failed_tasks_due_to_bw=0
total_service_time=820.6498327294809
total_processing_time=818.4377583896046
network_delay=2.212074339876012
total_failed_tasks_due_to_vm_capacity=0
failed_tasks_due_to_mobility=0
rejected_tasks_due_to_wlan_range=0
error_tasks_due_to_ram_capacity=0
error_tasks_due_to_delay_limit=0
rejected_tasks_by_solver=4

completed_tasks_on_edge=28
failed_tasks_on_edge=0
uncompleted_tasks_on_edge=3
service_time_on_edge=311.4873544679276
processing_time_on_edge=304.666921676496
vm_load_on_edge=56.18348623853211
failed_tasks_due_to_vm_capacity_on_edge=0

completed_tasks_on_cloud=78
failed_tasks_on_cloud=0
uncompleted_tasks_on_cloud=16
service_time_on_cloud=1003.4261069772181
processing_time_on_cloud=1002.8683151584128
vm_load_on_cloud=25.553211009174284
failed_tasks_due_to_vm_capacity_on_cloud=0

completed_tasks_on_mobile=0
failed_tasks_on_mobile=4
uncompleted_tasks_on_mobile=0
serivice_time_on_mobile=0.0
processing_time_on_mobile=0.0
vm_load_on_mobile=0.0
failed_tasks_due_to_vm_capacity_on_mobile=0

lan_delay=0.033127342943158396
man_delay=10.002344871456684
wan_delay=0.5577918188047677
gsm_delay=0.0
failed_tasks_due_to_lan=0
failed_tasks_due_to_man=0
failed_tasks_due_to_wan=0
failed_tasks_due_to_gsm=0

