total_tasks=258
total_completed_tasks=208
total_failed_tasks_total=22
total_uncompleted_tasks=28
failed_tasks_due_to_bw=0
total_service_time=1126.7233439079923
total_processing_time=1123.569748636334
network_delay=3.153595271658105
total_failed_tasks_due_to_vm_capacity=0
failed_tasks_due_to_mobility=0
rejected_tasks_due_to_wlan_range=0
error_tasks_due_to_ram_capacity=0
error_tasks_due_to_delay_limit=0
rejected_tasks_by_solver=22

completed_tasks_on_edge=80
failed_tasks_on_edge=0
uncompleted_tasks_on_edge=8
service_time_on_edge=565.1313760612081
processing_time_on_edge=557.7200489711576
vm_load_on_edge=86.15366972477064
failed_tasks_due_to_vm_capacity_on_edge=0

completed_tasks_on_cloud=128
failed_tasks_on_cloud=0
uncompleted_tasks_on_cloud=20
service_time_on_cloud=1477.718323812233
processing_time_on_cloud=1477.2258109270697
vm_load_on_cloud=61.51743119266043
failed_tasks_due_to_vm_capacity_on_cloud=0

completed_tasks_on_mobile=0
failed_tasks_on_mobile=22
uncompleted_tasks_on_mobile=0
serivice_time_on_mobile=0.0
processing_time_on_mobile=0.0
vm_load_on_mobile=0.0
failed_tasks_due_to_vm_capacity_on_mobile=0

lan_delay=0.03459728793923085
man_delay=10.002345494388056
wan_delay=0.4925128851629066
gsm_delay=0.0
failed_tasks_due_to_lan=0
failed_tasks_due_to_man=0
failed_tasks_due_to_wan=0
failed_tasks_due_to_gsm=0

