total_tasks=135
total_completed_tasks=113
total_failed_tasks_total=8
total_uncompleted_tasks=14
failed_tasks_due_to_bw=0
total_service_time=1238.9747524057038
total_processing_time=1237.4782146652906
network_delay=1.4965377404128781
total_failed_tasks_due_to_vm_capacity=0
failed_tasks_due_to_mobility=0
rejected_tasks_due_to_wlan_range=0
error_tasks_due_to_ram_capacity=0
error_tasks_due_to_delay_limit=0
rejected_tasks_by_solver=8

completed_tasks_on_edge=20
failed_tasks_on_edge=0
uncompleted_tasks_on_edge=2
service_time_on_edge=559.1989497862776
processing_time_on_edge=553.1587808857705
vm_load_on_edge=66.82798165137615
failed_tasks_due_to_vm_capacity_on_edge=0

completed_tasks_on_cloud=93
failed_tasks_on_cloud=0
uncompleted_tasks_on_cloud=12
service_time_on_cloud=1385.163097055043
processing_time_on_cloud=1384.6436842952949
vm_load_on_cloud=33.90045871559629
failed_tasks_due_to_vm_capacity_on_cloud=0

completed_tasks_on_mobile=0
failed_tasks_on_mobile=8
uncompleted_tasks_on_mobile=0
serivice_time_on_mobile=0.0
processing_time_on_mobile=0.0
vm_load_on_mobile=0.0
failed_tasks_due_to_vm_capacity_on_mobile=0

lan_delay=0.03876209022217455
man_delay=10.002344683808184
wan_delay=0.5194127597474567
gsm_delay=0.0
failed_tasks_due_to_lan=0
failed_tasks_due_to_man=0
failed_tasks_due_to_wan=0
failed_tasks_due_to_gsm=0

