total_tasks=36621
total_completed_tasks=27611
total_failed_tasks_total=9010
total_uncompleted_tasks=0
failed_tasks_due_to_bw=0
total_service_time=130.9979947015513
total_processing_time=127.98883480398698
network_delay=3.009159897564346
total_failed_tasks_due_to_vm_capacity=0
failed_tasks_due_to_mobility=0
rejected_tasks_due_to_wlan_range=0
error_tasks_due_to_ram_capacity=0
error_tasks_due_to_delay_limit=0
rejected_tasks_by_solver=9010

completed_tasks_on_edge=11176
failed_tasks_on_edge=0
uncompleted_tasks_on_edge=0
service_time_on_edge=53.58939400138819
processing_time_on_edge=46.20744740585293
vm_load_on_edge=86.15366972477064
failed_tasks_due_to_vm_capacity_on_edge=0

completed_tasks_on_cloud=16435
failed_tasks_on_cloud=0
uncompleted_tasks_on_cloud=0
service_time_on_cloud=183.6367851746294
processing_time_on_cloud=183.60117344478854
vm_load_on_cloud=61.51743119266043
failed_tasks_due_to_vm_capacity_on_cloud=0

completed_tasks_on_mobile=0
failed_tasks_on_mobile=9010
uncompleted_tasks_on_mobile=0
serivice_time_on_mobile=0.0
processing_time_on_mobile=0.0
vm_load_on_mobile=0.0
failed_tasks_due_to_vm_capacity_on_mobile=0

lan_delay=0.002800476867061694
man_delay=10.002345302878972
wan_delay=0.03561172984189679
gsm_delay=0.0
failed_tasks_due_to_lan=0
failed_tasks_due_to_man=0
failed_tasks_due_to_wan=0
failed_tasks_due_to_gsm=0

