total_tasks=29657
total_completed_tasks=26005
total_failed_tasks_total=3546
total_uncompleted_tasks=106
failed_tasks_due_to_bw=0
total_service_time=128.8657958863684
total_processing_time=125.69865651545409
network_delay=3.1671393709143145
total_failed_tasks_due_to_vm_capacity=0
failed_tasks_due_to_mobility=6
rejected_tasks_due_to_wlan_range=0
error_tasks_due_to_ram_capacity=0
error_tasks_due_to_delay_limit=0
rejected_tasks_by_solver=3540

completed_tasks_on_edge=10887
failed_tasks_on_edge=1
uncompleted_tasks_on_edge=30
service_time_on_edge=66.72406387655622
processing_time_on_edge=59.21646500629067
vm_load_on_edge=79.47018348623853
failed_tasks_due_to_vm_capacity_on_edge=0

completed_tasks_on_cloud=15118
failed_tasks_on_cloud=5
uncompleted_tasks_on_cloud=76
service_time_on_cloud=173.61622824453943
processing_time_on_cloud=173.57480540818264
vm_load_on_cloud=47.82568807339442
failed_tasks_due_to_vm_capacity_on_cloud=0

completed_tasks_on_mobile=0
failed_tasks_on_mobile=3540
uncompleted_tasks_on_mobile=0
serivice_time_on_mobile=0.0
processing_time_on_mobile=0.0
vm_load_on_mobile=0.0
failed_tasks_due_to_vm_capacity_on_mobile=0

lan_delay=0.003313468262323827
man_delay=10.002345148336385
wan_delay=0.04142283635719314
gsm_delay=0.0
failed_tasks_due_to_lan=0
failed_tasks_due_to_man=0
failed_tasks_due_to_wan=0
failed_tasks_due_to_gsm=0

experiment_time=6888
cost_of_vm_utilization=0.01905205502352874

