total_tasks=38
total_completed_tasks=31
total_failed_tasks_total=3
total_uncompleted_tasks=4
failed_tasks_due_to_bw=0
total_service_time=785.002859488165
total_processing_time=783.4357215356902
network_delay=1.5671379524744307
total_failed_tasks_due_to_vm_capacity=0
failed_tasks_due_to_mobility=0
rejected_tasks_due_to_wlan_range=0
error_tasks_due_to_ram_capacity=0
error_tasks_due_to_delay_limit=0
rejected_tasks_by_solver=3

completed_tasks_on_edge=5
failed_tasks_on_edge=0
uncompleted_tasks_on_edge=0
service_time_on_edge=1865.1676016822526
processing_time_on_edge=1861.1243319493824
vm_load_on_edge=39.325688073394495
failed_tasks_due_to_vm_capacity_on_edge=0

completed_tasks_on_cloud=26
failed_tasks_on_cloud=0
uncompleted_tasks_on_cloud=4
service_time_on_cloud=577.2788706046865
processing_time_on_cloud=576.1879118407495
vm_load_on_cloud=21.003669724770603
failed_tasks_due_to_vm_capacity_on_cloud=0

completed_tasks_on_mobile=0
failed_tasks_on_mobile=3
uncompleted_tasks_on_mobile=0
serivice_time_on_mobile=0.0
processing_time_on_mobile=0.0
vm_load_on_mobile=0.0
failed_tasks_due_to_vm_capacity_on_mobile=0

lan_delay=0.042332139058002455
man_delay=10.002343984530661
wan_delay=1.0909587639367702
gsm_delay=0.0
failed_tasks_due_to_lan=0
failed_tasks_due_to_man=0
failed_tasks_due_to_wan=0
failed_tasks_due_to_gsm=0

