total_tasks=18
total_completed_tasks=14
total_failed_tasks_total=1
total_uncompleted_tasks=3
failed_tasks_due_to_bw=0
total_service_time=1312.0960407300731
total_processing_time=1308.4061364406964
network_delay=3.6899042893764964
total_failed_tasks_due_to_vm_capacity=0
failed_tasks_due_to_mobility=0
rejected_tasks_due_to_wlan_range=0
error_tasks_due_to_ram_capacity=0
error_tasks_due_to_delay_limit=0
rejected_tasks_by_solver=1

completed_tasks_on_edge=4
failed_tasks_on_edge=0
uncompleted_tasks_on_edge=0
service_time_on_edge=3505.7835347587143
processing_time_on_edge=3495.751061309474
vm_load_on_edge=16.28211009174312
failed_tasks_due_to_vm_capacity_on_edge=0

completed_tasks_on_cloud=10
failed_tasks_on_cloud=0
uncompleted_tasks_on_cloud=3
service_time_on_cloud=434.62104311861657
processing_time_on_cloud=433.4681664931857
vm_load_on_cloud=9.058256880733937
failed_tasks_due_to_vm_capacity_on_cloud=0

completed_tasks_on_mobile=0
failed_tasks_on_mobile=1
uncompleted_tasks_on_mobile=0
serivice_time_on_mobile=0.0
processing_time_on_mobile=0.0
vm_load_on_mobile=0.0
failed_tasks_due_to_vm_capacity_on_mobile=0

lan_delay=0.0301301483456983
man_delay=10.00234330089474
wan_delay=1.1528766254309197
gsm_delay=0.0
failed_tasks_due_to_lan=0
failed_tasks_due_to_man=0
failed_tasks_due_to_wan=0
failed_tasks_due_to_gsm=0

