total_tasks=297
total_completed_tasks=168
total_failed_tasks_total=65
total_uncompleted_tasks=64
failed_tasks_due_to_bw=0
total_service_time=1102.1260424823788
total_processing_time=1097.8979955659477
network_delay=4.228046916430837
total_failed_tasks_due_to_vm_capacity=0
failed_tasks_due_to_mobility=1
rejected_tasks_due_to_wlan_range=0
error_tasks_due_to_ram_capacity=0
error_tasks_due_to_delay_limit=0
rejected_tasks_by_solver=64

completed_tasks_on_edge=88
failed_tasks_on_edge=0
uncompleted_tasks_on_edge=18
service_time_on_edge=1318.736780741739
processing_time_on_edge=1310.975257394898
vm_load_on_edge=73.37385321100918
failed_tasks_due_to_vm_capacity_on_edge=0

completed_tasks_on_cloud=80
failed_tasks_on_cloud=1
uncompleted_tasks_on_cloud=46
service_time_on_cloud=863.8542303970823
processing_time_on_cloud=863.5130075541023
vm_load_on_cloud=43.56284403669716
failed_tasks_due_to_vm_capacity_on_cloud=0

completed_tasks_on_mobile=0
failed_tasks_on_mobile=64
uncompleted_tasks_on_mobile=0
serivice_time_on_mobile=0.0
processing_time_on_mobile=0.0
vm_load_on_mobile=0.0
failed_tasks_due_to_vm_capacity_on_mobile=0

lan_delay=0.0324387181831942
man_delay=10.002344813557023
wan_delay=0.3412228429797707
gsm_delay=0.0
failed_tasks_due_to_lan=0
failed_tasks_due_to_man=0
failed_tasks_due_to_wan=0
failed_tasks_due_to_gsm=0

