total_tasks=401
total_completed_tasks=193
total_failed_tasks_total=152
total_uncompleted_tasks=56
failed_tasks_due_to_bw=0
total_service_time=1665.4415295212768
total_processing_time=1661.7310028683821
network_delay=3.710526652895918
total_failed_tasks_due_to_vm_capacity=0
failed_tasks_due_to_mobility=1
rejected_tasks_due_to_wlan_range=0
error_tasks_due_to_ram_capacity=0
error_tasks_due_to_delay_limit=0
rejected_tasks_by_solver=151

completed_tasks_on_edge=97
failed_tasks_on_edge=1
uncompleted_tasks_on_edge=21
service_time_on_edge=1983.7941806880408
processing_time_on_edge=1976.749315744158
vm_load_on_edge=83.39449541284404
failed_tasks_due_to_vm_capacity_on_edge=0

completed_tasks_on_cloud=96
failed_tasks_on_cloud=0
uncompleted_tasks_on_cloud=35
service_time_on_cloud=1343.7727049048592
processing_time_on_cloud=1343.431249233481
vm_load_on_cloud=58.51467889908246
failed_tasks_due_to_vm_capacity_on_cloud=0

completed_tasks_on_mobile=0
failed_tasks_on_mobile=151
uncompleted_tasks_on_mobile=0
serivice_time_on_mobile=0.0
processing_time_on_mobile=0.0
vm_load_on_mobile=0.0
failed_tasks_due_to_vm_capacity_on_mobile=0

lan_delay=0.03291168638498534
man_delay=10.0023450879013
wan_delay=0.3414556713779236
gsm_delay=0.0
failed_tasks_due_to_lan=0
failed_tasks_due_to_man=0
failed_tasks_due_to_wan=0
failed_tasks_due_to_gsm=0

