total_tasks=3797
total_completed_tasks=3794
total_failed_tasks_total=3
total_uncompleted_tasks=0
failed_tasks_due_to_bw=0
total_service_time=26.212564157763623
total_processing_time=22.1374612933571
network_delay=4.075102864406461
total_failed_tasks_due_to_vm_capacity=0
failed_tasks_due_to_mobility=0
rejected_tasks_due_to_wlan_range=0
error_tasks_due_to_ram_capacity=0
error_tasks_due_to_delay_limit=0
rejected_tasks_by_solver=3

completed_tasks_on_edge=1762
failed_tasks_on_edge=0
uncompleted_tasks_on_edge=0
service_time_on_edge=46.97800928377545
processing_time_on_edge=38.25553291766877
vm_load_on_edge=7.727064220183486
failed_tasks_due_to_vm_capacity_on_edge=0

completed_tasks_on_cloud=2032
failed_tasks_on_cloud=0
uncompleted_tasks_on_cloud=0
service_time_on_cloud=8.206307114440413
processing_time_on_cloud=8.161062571882114
vm_load_on_cloud=0.48440366972477045
failed_tasks_due_to_vm_capacity_on_cloud=0

completed_tasks_on_mobile=0
failed_tasks_on_mobile=3
uncompleted_tasks_on_mobile=0
serivice_time_on_mobile=0.0
processing_time_on_mobile=0.0
vm_load_on_mobile=0.0
failed_tasks_due_to_vm_capacity_on_mobile=0

lan_delay=0.003067138377189059
man_delay=10.002343137538753
wan_delay=0.04524454255840353
gsm_delay=0.0
failed_tasks_due_to_lan=0
failed_tasks_due_to_man=0
failed_tasks_due_to_wan=0
failed_tasks_due_to_gsm=0

experiment_time=1875
cost_of_vm_utilization=0.0034388277436396206

