total_tasks=232
total_completed_tasks=180
total_failed_tasks_total=19
total_uncompleted_tasks=33
failed_tasks_due_to_bw=0
total_service_time=1120.8570641180831
total_processing_time=1117.6674545986332
network_delay=3.189609519450078
total_failed_tasks_due_to_vm_capacity=0
failed_tasks_due_to_mobility=2
rejected_tasks_due_to_wlan_range=0
error_tasks_due_to_ram_capacity=0
error_tasks_due_to_delay_limit=0
rejected_tasks_by_solver=17

completed_tasks_on_edge=68
failed_tasks_on_edge=0
uncompleted_tasks_on_edge=10
service_time_on_edge=501.2186296750396
processing_time_on_edge=493.5355646032698
vm_load_on_edge=83.39449541284404
failed_tasks_due_to_vm_capacity_on_edge=0

completed_tasks_on_cloud=112
failed_tasks_on_cloud=2
uncompleted_tasks_on_cloud=23
service_time_on_cloud=1497.06611360136
processing_time_on_cloud=1496.6046735243892
vm_load_on_cloud=58.51467889908246
failed_tasks_due_to_vm_capacity_on_cloud=0

completed_tasks_on_mobile=0
failed_tasks_on_mobile=17
uncompleted_tasks_on_mobile=0
serivice_time_on_mobile=0.0
processing_time_on_mobile=0.0
vm_load_on_mobile=0.0
failed_tasks_due_to_vm_capacity_on_mobile=0

lan_delay=0.03421282385091481
man_delay=10.0023452472785
wan_delay=0.4614400769702671
gsm_delay=0.0
failed_tasks_due_to_lan=0
failed_tasks_due_to_man=0
failed_tasks_due_to_wan=0
failed_tasks_due_to_gsm=0

