total_tasks=12973
total_completed_tasks=12891
total_failed_tasks_total=51
total_uncompleted_tasks=31
failed_tasks_due_to_bw=0
total_service_time=100.44048674140826
total_processing_time=97.25283421614353
network_delay=3.1876525252654053
total_failed_tasks_due_to_vm_capacity=0
failed_tasks_due_to_mobility=5
rejected_tasks_due_to_wlan_range=0
error_tasks_due_to_ram_capacity=0
error_tasks_due_to_delay_limit=0
rejected_tasks_by_solver=46

completed_tasks_on_edge=5429
failed_tasks_on_edge=2
uncompleted_tasks_on_edge=12
service_time_on_edge=54.10152945813184
processing_time_on_edge=46.59605683637126
vm_load_on_edge=33.97018348623853
failed_tasks_due_to_vm_capacity_on_edge=0

completed_tasks_on_cloud=7462
failed_tasks_on_cloud=3
uncompleted_tasks_on_cloud=19
service_time_on_cloud=134.1545311116715
processing_time_on_cloud=134.1083212698529
vm_load_on_cloud=16.59449541284401
failed_tasks_due_to_vm_capacity_on_cloud=0

completed_tasks_on_mobile=0
failed_tasks_on_mobile=46
uncompleted_tasks_on_mobile=0
serivice_time_on_mobile=0.0
processing_time_on_mobile=0.0
vm_load_on_mobile=0.0
failed_tasks_due_to_vm_capacity_on_mobile=0

lan_delay=0.0032541283661977607
man_delay=10.002343860667617
wan_delay=0.046209841819234716
gsm_delay=0.0
failed_tasks_due_to_lan=0
failed_tasks_due_to_man=0
failed_tasks_due_to_wan=0
failed_tasks_due_to_gsm=0

experiment_time=7446
cost_of_vm_utilization=0.011505695905132202

