total_tasks=35669
total_completed_tasks=27760
total_failed_tasks_total=7793
total_uncompleted_tasks=116
failed_tasks_due_to_bw=0
total_service_time=145.93160681745118
total_processing_time=142.8174299327973
network_delay=3.1141768846534075
total_failed_tasks_due_to_vm_capacity=0
failed_tasks_due_to_mobility=10
rejected_tasks_due_to_wlan_range=0
error_tasks_due_to_ram_capacity=0
error_tasks_due_to_delay_limit=0
rejected_tasks_by_solver=7783

completed_tasks_on_edge=11377
failed_tasks_on_edge=1
uncompleted_tasks_on_edge=41
service_time_on_edge=71.92449813484828
processing_time_on_edge=64.38496693940387
vm_load_on_edge=83.39449541284404
failed_tasks_due_to_vm_capacity_on_edge=0

completed_tasks_on_cloud=16383
failed_tasks_on_cloud=9
uncompleted_tasks_on_cloud=75
service_time_on_cloud=197.3250558488839
processing_time_on_cloud=197.28401917016816
vm_load_on_cloud=58.51467889908246
failed_tasks_due_to_vm_capacity_on_cloud=0

completed_tasks_on_mobile=0
failed_tasks_on_mobile=7783
uncompleted_tasks_on_mobile=0
serivice_time_on_mobile=0.0
processing_time_on_mobile=0.0
vm_load_on_mobile=0.0
failed_tasks_due_to_vm_capacity_on_mobile=0

lan_delay=0.0032647405581975784
man_delay=10.002345246994796
wan_delay=0.041036678716734706
gsm_delay=0.0
failed_tasks_due_to_lan=0
failed_tasks_due_to_man=0
failed_tasks_due_to_wan=0
failed_tasks_due_to_gsm=0

experiment_time=7379
cost_of_vm_utilization=0.019777689501499007

