total_tasks=3734
total_completed_tasks=3734
total_failed_tasks_total=0
total_uncompleted_tasks=0
failed_tasks_due_to_bw=0
total_service_time=18.18764519770348
total_processing_time=14.11227494696441
network_delay=4.075370250739005
total_failed_tasks_due_to_vm_capacity=0
failed_tasks_due_to_mobility=0
rejected_tasks_due_to_wlan_range=0
error_tasks_due_to_ram_capacity=0
error_tasks_due_to_delay_limit=0
rejected_tasks_by_solver=0

completed_tasks_on_edge=1737
failed_tasks_on_edge=0
uncompleted_tasks_on_edge=0
service_time_on_edge=32.98432039044318
processing_time_on_edge=24.263424836437064
vm_load_on_edge=7.727064220183486
failed_tasks_due_to_vm_capacity_on_edge=0

completed_tasks_on_cloud=1997
failed_tasks_on_cloud=0
uncompleted_tasks_on_cloud=0
service_time_on_cloud=5.3174274662118455
processing_time_on_cloud=5.282756991023506
vm_load_on_cloud=0.48440366972477045
failed_tasks_due_to_vm_capacity_on_cloud=0

completed_tasks_on_mobile=0
failed_tasks_on_mobile=0
uncompleted_tasks_on_mobile=0
serivice_time_on_mobile=0.0
processing_time_on_mobile=0.0
vm_load_on_mobile=0.0
failed_tasks_due_to_vm_capacity_on_mobile=0

lan_delay=0.002675917214369039
man_delay=10.002343136794881
wan_delay=0.03467047518844576
gsm_delay=0.0
failed_tasks_due_to_lan=0
failed_tasks_due_to_man=0
failed_tasks_due_to_wan=0
failed_tasks_due_to_gsm=0

