total_tasks=51
total_completed_tasks=35
total_failed_tasks_total=9
total_uncompleted_tasks=7
failed_tasks_due_to_bw=0
total_service_time=1226.6954681498012
total_processing_time=1223.3490710035576
network_delay=3.346397146244186
total_failed_tasks_due_to_vm_capacity=0
failed_tasks_due_to_mobility=0
rejected_tasks_due_to_wlan_range=0
error_tasks_due_to_ram_capacity=0
error_tasks_due_to_delay_limit=0
rejected_tasks_by_solver=9

completed_tasks_on_edge=11
failed_tasks_on_edge=0
uncompleted_tasks_on_edge=0
service_time_on_edge=2216.679154549859
processing_time_on_edge=2208.418196593895
vm_load_on_edge=56.18348623853211
failed_tasks_due_to_vm_capacity_on_edge=0

completed_tasks_on_cloud=24
failed_tasks_on_cloud=0
uncompleted_tasks_on_cloud=7
service_time_on_cloud=772.9529452164415
processing_time_on_cloud=771.8590551079856
vm_load_on_cloud=25.553211009174284
failed_tasks_due_to_vm_capacity_on_cloud=0

completed_tasks_on_mobile=0
failed_tasks_on_mobile=9
uncompleted_tasks_on_mobile=0
serivice_time_on_mobile=0.0
processing_time_on_mobile=0.0
vm_load_on_mobile=0.0
failed_tasks_due_to_vm_capacity_on_mobile=0

lan_delay=0.07722128259026984
man_delay=10.002344823012498
wan_delay=1.093890108455877
gsm_delay=0.0
failed_tasks_due_to_lan=0
failed_tasks_due_to_man=0
failed_tasks_due_to_wan=0
failed_tasks_due_to_gsm=0

