total_tasks=36
total_completed_tasks=31
total_failed_tasks_total=3
total_uncompleted_tasks=2
failed_tasks_due_to_bw=0
total_service_time=1237.3126406367585
total_processing_time=1235.1420511818692
network_delay=2.17058945488964
total_failed_tasks_due_to_vm_capacity=0
failed_tasks_due_to_mobility=0
rejected_tasks_due_to_wlan_range=0
error_tasks_due_to_ram_capacity=0
error_tasks_due_to_delay_limit=0
rejected_tasks_by_solver=3

completed_tasks_on_edge=8
failed_tasks_on_edge=0
uncompleted_tasks_on_edge=0
service_time_on_edge=2633.477705270852
processing_time_on_edge=2628.416139348566
vm_load_on_edge=33.97018348623853
failed_tasks_due_to_vm_capacity_on_edge=0

completed_tasks_on_cloud=23
failed_tasks_on_cloud=0
uncompleted_tasks_on_cloud=2
service_time_on_cloud=751.6900094596833
processing_time_on_cloud=750.5249770369315
vm_load_on_cloud=16.59449541284401
failed_tasks_due_to_vm_capacity_on_cloud=0

completed_tasks_on_mobile=0
failed_tasks_on_mobile=3
uncompleted_tasks_on_mobile=0
serivice_time_on_mobile=0.0
processing_time_on_mobile=0.0
vm_load_on_mobile=0.0
failed_tasks_due_to_vm_capacity_on_mobile=0

lan_delay=0.06039425528359648
man_delay=10.002343334004976
wan_delay=1.1650324227517457
gsm_delay=0.0
failed_tasks_due_to_lan=0
failed_tasks_due_to_man=0
failed_tasks_due_to_wan=0
failed_tasks_due_to_gsm=0

