total_tasks=6582
total_completed_tasks=6576
total_failed_tasks_total=2
total_uncompleted_tasks=4
failed_tasks_due_to_bw=0
total_service_time=88.72650500914129
total_processing_time=86.01304982619244
network_delay=2.7134551829483318
total_failed_tasks_due_to_vm_capacity=0
failed_tasks_due_to_mobility=0
rejected_tasks_due_to_wlan_range=0
error_tasks_due_to_ram_capacity=0
error_tasks_due_to_delay_limit=0
rejected_tasks_by_solver=2

completed_tasks_on_edge=2237
failed_tasks_on_edge=0
uncompleted_tasks_on_edge=0
service_time_on_edge=34.57055645752591
processing_time_on_edge=26.662660018478213
vm_load_on_edge=16.28211009174312
failed_tasks_due_to_vm_capacity_on_edge=0

completed_tasks_on_cloud=4339
failed_tasks_on_cloud=0
uncompleted_tasks_on_cloud=4
service_time_on_cloud=116.64696062332915
processing_time_on_cloud=116.61153380864373
vm_load_on_cloud=9.058256880733937
failed_tasks_due_to_vm_capacity_on_cloud=0

completed_tasks_on_mobile=0
failed_tasks_on_mobile=2
uncompleted_tasks_on_mobile=0
serivice_time_on_mobile=0.0
processing_time_on_mobile=0.0
vm_load_on_mobile=0.0
failed_tasks_due_to_vm_capacity_on_mobile=0

lan_delay=0.0026023863357296523
man_delay=10.00234321036015
wan_delay=0.035426814685360714
gsm_delay=0.0
failed_tasks_due_to_lan=0
failed_tasks_due_to_man=0
failed_tasks_due_to_wan=0
failed_tasks_due_to_gsm=0

