total_tasks=135
total_completed_tasks=116
total_failed_tasks_total=3
total_uncompleted_tasks=16
failed_tasks_due_to_bw=0
total_service_time=861.0711050282349
total_processing_time=857.7550639312564
network_delay=3.3160410969788803
total_failed_tasks_due_to_vm_capacity=0
failed_tasks_due_to_mobility=0
rejected_tasks_due_to_wlan_range=0
error_tasks_due_to_ram_capacity=0
error_tasks_due_to_delay_limit=0
rejected_tasks_by_solver=3

completed_tasks_on_edge=52
failed_tasks_on_edge=0
uncompleted_tasks_on_edge=9
service_time_on_edge=1141.356204531055
processing_time_on_edge=1134.3988140822123
vm_load_on_edge=33.97018348623853
failed_tasks_due_to_vm_capacity_on_edge=0

completed_tasks_on_cloud=64
failed_tasks_on_cloud=0
uncompleted_tasks_on_cloud=7
service_time_on_cloud=633.3394616821934
processing_time_on_cloud=632.9820169336037
vm_load_on_cloud=16.59449541284401
failed_tasks_due_to_vm_capacity_on_cloud=0

completed_tasks_on_mobile=0
failed_tasks_on_mobile=3
uncompleted_tasks_on_mobile=0
serivice_time_on_mobile=0.0
processing_time_on_mobile=0.0
vm_load_on_mobile=0.0
failed_tasks_due_to_vm_capacity_on_mobile=0

lan_delay=0.032690952114167435
man_delay=10.002343717496792
wan_delay=0.35744474858951825
gsm_delay=0.0
failed_tasks_due_to_lan=0
failed_tasks_due_to_man=0
failed_tasks_due_to_wan=0
failed_tasks_due_to_gsm=0

