total_tasks=103
total_completed_tasks=87
total_failed_tasks_total=3
total_uncompleted_tasks=13
failed_tasks_due_to_bw=0
total_service_time=864.315479712686
total_processing_time=861.9039730313159
network_delay=2.411506681369929
total_failed_tasks_due_to_vm_capacity=0
failed_tasks_due_to_mobility=0
rejected_tasks_due_to_wlan_range=0
error_tasks_due_to_ram_capacity=0
error_tasks_due_to_delay_limit=0
rejected_tasks_by_solver=3

completed_tasks_on_edge=36
failed_tasks_on_edge=0
uncompleted_tasks_on_edge=6
service_time_on_edge=1207.5891926931706
processing_time_on_edge=1202.2770815360902
vm_load_on_edge=20.704128440366972
failed_tasks_due_to_vm_capacity_on_edge=0

completed_tasks_on_cloud=51
failed_tasks_on_cloud=0
uncompleted_tasks_on_cloud=7
service_time_on_cloud=622.0046234911675
processing_time_on_cloud=621.6406023220642
vm_load_on_cloud=14.10825688073392
failed_tasks_due_to_vm_capacity_on_cloud=0

completed_tasks_on_mobile=0
failed_tasks_on_mobile=3
uncompleted_tasks_on_mobile=0
serivice_time_on_mobile=0.0
processing_time_on_mobile=0.0
vm_load_on_mobile=0.0
failed_tasks_due_to_vm_capacity_on_mobile=0

lan_delay=0.03309655145538257
man_delay=10.002343463290194
wan_delay=0.36402116910345994
gsm_delay=0.0
failed_tasks_due_to_lan=0
failed_tasks_due_to_man=0
failed_tasks_due_to_wan=0
failed_tasks_due_to_gsm=0

