total_tasks=32478
total_completed_tasks=27167
total_failed_tasks_total=5209
total_uncompleted_tasks=102
failed_tasks_due_to_bw=0
total_service_time=132.51445804948543
total_processing_time=129.40197221512065
network_delay=3.112485834364196
total_failed_tasks_due_to_vm_capacity=0
failed_tasks_due_to_mobility=8
rejected_tasks_due_to_wlan_range=0
error_tasks_due_to_ram_capacity=0
error_tasks_due_to_delay_limit=0
rejected_tasks_by_solver=5201

completed_tasks_on_edge=11364
failed_tasks_on_edge=2
uncompleted_tasks_on_edge=23
service_time_on_edge=72.30290700594381
processing_time_on_edge=64.92019761450908
vm_load_on_edge=78.72477064220183
failed_tasks_due_to_vm_capacity_on_edge=0

completed_tasks_on_cloud=15803
failed_tasks_on_cloud=6
uncompleted_tasks_on_cloud=79
service_time_on_cloud=175.812823300311
processing_time_on_cloud=175.7710721683791
vm_load_on_cloud=53.509633027522824
failed_tasks_due_to_vm_capacity_on_cloud=0

completed_tasks_on_mobile=0
failed_tasks_on_mobile=5201
uncompleted_tasks_on_mobile=0
serivice_time_on_mobile=0.0
processing_time_on_mobile=0.0
vm_load_on_mobile=0.0
failed_tasks_due_to_vm_capacity_on_mobile=0

lan_delay=0.0032952020719842537
man_delay=10.002345282433453
wan_delay=0.041751131931353616
gsm_delay=0.0
failed_tasks_due_to_lan=0
failed_tasks_due_to_man=0
failed_tasks_due_to_wan=0
failed_tasks_due_to_gsm=0

experiment_time=7525
cost_of_vm_utilization=0.019093820126021586

