total_tasks=149
total_completed_tasks=115
total_failed_tasks_total=11
total_uncompleted_tasks=23
failed_tasks_due_to_bw=0
total_service_time=1042.7049393483678
total_processing_time=1040.1082265959722
network_delay=2.5967127523961007
total_failed_tasks_due_to_vm_capacity=0
failed_tasks_due_to_mobility=0
rejected_tasks_due_to_wlan_range=0
error_tasks_due_to_ram_capacity=0
error_tasks_due_to_delay_limit=0
rejected_tasks_by_solver=11

completed_tasks_on_edge=36
failed_tasks_on_edge=0
uncompleted_tasks_on_edge=4
service_time_on_edge=379.8898366834385
processing_time_on_edge=372.6259373678371
vm_load_on_edge=73.37385321100918
failed_tasks_due_to_vm_capacity_on_edge=0

completed_tasks_on_cloud=79
failed_tasks_on_cloud=0
uncompleted_tasks_on_cloud=19
service_time_on_cloud=1344.7472646133988
processing_time_on_cloud=1344.2773710543624
vm_load_on_cloud=43.56284403669716
failed_tasks_due_to_vm_capacity_on_cloud=0

completed_tasks_on_mobile=0
failed_tasks_on_mobile=11
uncompleted_tasks_on_mobile=0
serivice_time_on_mobile=0.0
processing_time_on_mobile=0.0
vm_load_on_mobile=0.0
failed_tasks_due_to_vm_capacity_on_mobile=0

lan_delay=0.03998344672383565
man_delay=10.002345049214973
wan_delay=0.4698935590367605
gsm_delay=0.0
failed_tasks_due_to_lan=0
failed_tasks_due_to_man=0
failed_tasks_due_to_wan=0
failed_tasks_due_to_gsm=0

