total_tasks=426
total_completed_tasks=192
total_failed_tasks_total=167
total_uncompleted_tasks=67
failed_tasks_due_to_bw=0
total_service_time=1802.4415864581906
total_processing_time=1798.3810235803176
network_delay=4.060562877873309
total_failed_tasks_due_to_vm_capacity=0
failed_tasks_due_to_mobility=1
rejected_tasks_due_to_wlan_range=0
error_tasks_due_to_ram_capacity=0
error_tasks_due_to_delay_limit=0
rejected_tasks_by_solver=166

completed_tasks_on_edge=99
failed_tasks_on_edge=0
uncompleted_tasks_on_edge=23
service_time_on_edge=1931.6691417468555
processing_time_on_edge=1924.159905455662
vm_load_on_edge=86.15366972477064
failed_tasks_due_to_vm_capacity_on_edge=0

completed_tasks_on_cloud=93
failed_tasks_on_cloud=1
uncompleted_tasks_on_cloud=44
service_time_on_cloud=1664.8767695380002
processing_time_on_cloud=1664.4873751323712
vm_load_on_cloud=61.51743119266043
failed_tasks_due_to_vm_capacity_on_cloud=0

completed_tasks_on_mobile=0
failed_tasks_on_mobile=166
uncompleted_tasks_on_mobile=0
serivice_time_on_mobile=0.0
processing_time_on_mobile=0.0
vm_load_on_mobile=0.0
failed_tasks_due_to_vm_capacity_on_mobile=0

lan_delay=0.03273574113384851
man_delay=10.002345330485626
wan_delay=0.3893944056289
gsm_delay=0.0
failed_tasks_due_to_lan=0
failed_tasks_due_to_man=0
failed_tasks_due_to_wan=0
failed_tasks_due_to_gsm=0

