total_tasks=10127
total_completed_tasks=10069
total_failed_tasks_total=34
total_uncompleted_tasks=24
failed_tasks_due_to_bw=0
total_service_time=105.1601167672446
total_processing_time=102.12324778762182
network_delay=3.0368689796225516
total_failed_tasks_due_to_vm_capacity=0
failed_tasks_due_to_mobility=10
rejected_tasks_due_to_wlan_range=0
error_tasks_due_to_ram_capacity=0
error_tasks_due_to_delay_limit=0
rejected_tasks_by_solver=24

completed_tasks_on_edge=4005
failed_tasks_on_edge=0
uncompleted_tasks_on_edge=6
service_time_on_edge=52.27024044568471
processing_time_on_edge=44.70465934020382
vm_load_on_edge=20.704128440366972
failed_tasks_due_to_vm_capacity_on_edge=0

completed_tasks_on_cloud=6064
failed_tasks_on_cloud=10
uncompleted_tasks_on_cloud=18
service_time_on_cloud=140.0915077085119
processing_time_on_cloud=140.04564995317375
vm_load_on_cloud=14.10825688073392
failed_tasks_due_to_vm_capacity_on_cloud=0

completed_tasks_on_mobile=0
failed_tasks_on_mobile=24
uncompleted_tasks_on_mobile=0
serivice_time_on_mobile=0.0
processing_time_on_mobile=0.0
vm_load_on_mobile=0.0
failed_tasks_due_to_vm_capacity_on_mobile=0

lan_delay=0.0032599418252727413
man_delay=10.002343547041246
wan_delay=0.04585775533769896
gsm_delay=0.0
failed_tasks_due_to_lan=0
failed_tasks_due_to_man=0
failed_tasks_due_to_wan=0
failed_tasks_due_to_gsm=0

experiment_time=6350
cost_of_vm_utilization=0.008352094892614131

