total_tasks=12718
total_completed_tasks=12670
total_failed_tasks_total=43
total_uncompleted_tasks=5
failed_tasks_due_to_bw=0
total_service_time=86.28401615410485
total_processing_time=83.0892672119568
network_delay=3.194748942148741
total_failed_tasks_due_to_vm_capacity=0
failed_tasks_due_to_mobility=5
rejected_tasks_due_to_wlan_range=0
error_tasks_due_to_ram_capacity=0
error_tasks_due_to_delay_limit=0
rejected_tasks_by_solver=38

completed_tasks_on_edge=5355
failed_tasks_on_edge=2
uncompleted_tasks_on_edge=3
service_time_on_edge=39.11988949106448
processing_time_on_edge=31.610196574043606
vm_load_on_edge=33.97018348623853
failed_tasks_due_to_vm_capacity_on_edge=0

completed_tasks_on_cloud=7315
failed_tasks_on_cloud=3
uncompleted_tasks_on_cloud=2
service_time_on_cloud=120.81086485958372
processing_time_on_cloud=120.77490265502185
vm_load_on_cloud=16.59449541284401
failed_tasks_due_to_vm_capacity_on_cloud=0

completed_tasks_on_mobile=0
failed_tasks_on_mobile=38
uncompleted_tasks_on_mobile=0
serivice_time_on_mobile=0.0
processing_time_on_mobile=0.0
vm_load_on_mobile=0.0
failed_tasks_due_to_vm_capacity_on_mobile=0

lan_delay=0.0027984287794674064
man_delay=10.002343862785056
wan_delay=0.035962204562512756
gsm_delay=0.0
failed_tasks_due_to_lan=0
failed_tasks_due_to_man=0
failed_tasks_due_to_wan=0
failed_tasks_due_to_gsm=0

