total_tasks=34943
total_completed_tasks=27365
total_failed_tasks_total=7569
total_uncompleted_tasks=9
failed_tasks_due_to_bw=0
total_service_time=127.68235950453588
total_processing_time=124.57310930765706
network_delay=3.1092501968783433
total_failed_tasks_due_to_vm_capacity=0
failed_tasks_due_to_mobility=7
rejected_tasks_due_to_wlan_range=0
error_tasks_due_to_ram_capacity=0
error_tasks_due_to_delay_limit=0
rejected_tasks_by_solver=7562

completed_tasks_on_edge=11205
failed_tasks_on_edge=0
uncompleted_tasks_on_edge=9
service_time_on_edge=50.779980231401716
processing_time_on_edge=43.23772599488756
vm_load_on_edge=83.39449541284404
failed_tasks_due_to_vm_capacity_on_edge=0

completed_tasks_on_cloud=16160
failed_tasks_on_cloud=7
uncompleted_tasks_on_cloud=0
service_time_on_cloud=181.00483226168055
processing_time_on_cloud=180.96933269995856
vm_load_on_cloud=58.51467889908246
failed_tasks_due_to_vm_capacity_on_cloud=0

completed_tasks_on_mobile=0
failed_tasks_on_mobile=7562
uncompleted_tasks_on_mobile=0
serivice_time_on_mobile=0.0
processing_time_on_mobile=0.0
vm_load_on_mobile=0.0
failed_tasks_due_to_vm_capacity_on_mobile=0

lan_delay=0.0027800758331678536
man_delay=10.002345248689249
wan_delay=0.035499561722989625
gsm_delay=0.0
failed_tasks_due_to_lan=0
failed_tasks_due_to_man=0
failed_tasks_due_to_wan=0
failed_tasks_due_to_gsm=0

