total_tasks=164
total_completed_tasks=134
total_failed_tasks_total=6
total_uncompleted_tasks=24
failed_tasks_due_to_bw=0
total_service_time=943.7246494549144
total_processing_time=940.1492365257893
network_delay=3.5754129291250583
total_failed_tasks_due_to_vm_capacity=0
failed_tasks_due_to_mobility=0
rejected_tasks_due_to_wlan_range=0
error_tasks_due_to_ram_capacity=0
error_tasks_due_to_delay_limit=0
rejected_tasks_by_solver=6

completed_tasks_on_edge=61
failed_tasks_on_edge=0
uncompleted_tasks_on_edge=8
service_time_on_edge=1411.3191753657356
processing_time_on_edge=1403.912412688727
vm_load_on_edge=39.325688073394495
failed_tasks_due_to_vm_capacity_on_edge=0

completed_tasks_on_cloud=73
failed_tasks_on_cloud=0
uncompleted_tasks_on_cloud=16
service_time_on_cloud=552.994977118474
processing_time_on_cloud=552.6211030197726
vm_load_on_cloud=21.003669724770603
failed_tasks_due_to_vm_capacity_on_cloud=0

completed_tasks_on_mobile=0
failed_tasks_on_mobile=6
uncompleted_tasks_on_mobile=0
serivice_time_on_mobile=0.0
processing_time_on_mobile=0.0
vm_load_on_mobile=0.0
failed_tasks_due_to_vm_capacity_on_mobile=0

lan_delay=0.027984203720224327
man_delay=10.002344152680514
wan_delay=0.3738740987013857
gsm_delay=0.0
failed_tasks_due_to_lan=0
failed_tasks_due_to_man=0
failed_tasks_due_to_wan=0
failed_tasks_due_to_gsm=0

