total_tasks=29086
total_completed_tasks=25672
total_failed_tasks_total=3414
total_uncompleted_tasks=0
failed_tasks_due_to_bw=0
total_service_time=114.22672722170402
total_processing_time=111.06515056627975
network_delay=3.161576655424261
total_failed_tasks_due_to_vm_capacity=0
failed_tasks_due_to_mobility=6
rejected_tasks_due_to_wlan_range=0
error_tasks_due_to_ram_capacity=0
error_tasks_due_to_delay_limit=0
rejected_tasks_by_solver=3408

completed_tasks_on_edge=10751
failed_tasks_on_edge=1
uncompleted_tasks_on_edge=0
service_time_on_edge=50.330608228096835
processing_time_on_edge=42.830937424737975
vm_load_on_edge=79.47018348623853
failed_tasks_due_to_vm_capacity_on_edge=0

completed_tasks_on_cloud=14921
failed_tasks_on_cloud=5
uncompleted_tasks_on_cloud=0
service_time_on_cloud=160.26567737921857
processing_time_on_cloud=160.2298195217602
vm_load_on_cloud=47.82568807339442
failed_tasks_due_to_vm_capacity_on_cloud=0

completed_tasks_on_mobile=0
failed_tasks_on_mobile=3408
uncompleted_tasks_on_mobile=0
serivice_time_on_mobile=0.0
processing_time_on_mobile=0.0
vm_load_on_mobile=0.0
failed_tasks_due_to_vm_capacity_on_mobile=0

lan_delay=0.0027963505647782268
man_delay=10.0023451528905
wan_delay=0.035857857458806576
gsm_delay=0.0
failed_tasks_due_to_lan=0
failed_tasks_due_to_man=0
failed_tasks_due_to_wan=0
failed_tasks_due_to_gsm=0

