total_tasks=167
total_completed_tasks=135
total_failed_tasks_total=12
total_uncompleted_tasks=20
failed_tasks_due_to_bw=0
total_service_time=997.5491112426747
total_processing_time=994.8297633967895
network_delay=2.719347845884912
total_failed_tasks_due_to_vm_capacity=0
failed_tasks_due_to_mobility=0
rejected_tasks_due_to_wlan_range=0
error_tasks_due_to_ram_capacity=0
error_tasks_due_to_delay_limit=0
rejected_tasks_by_solver=12

completed_tasks_on_edge=39
failed_tasks_on_edge=0
uncompleted_tasks_on_edge=5
service_time_on_edge=565.7488125769514
processing_time_on_edge=557.4974861071724
vm_load_on_edge=79.47018348623853
failed_tasks_due_to_vm_capacity_on_edge=0

completed_tasks_on_cloud=96
failed_tasks_on_cloud=0
uncompleted_tasks_on_cloud=15
service_time_on_cloud=1172.967982575624
processing_time_on_cloud=1172.4960010456964
vm_load_on_cloud=47.82568807339442
failed_tasks_due_to_vm_capacity_on_cloud=0

completed_tasks_on_mobile=0
failed_tasks_on_mobile=12
uncompleted_tasks_on_mobile=0
serivice_time_on_mobile=0.0
processing_time_on_mobile=0.0
vm_load_on_mobile=0.0
failed_tasks_due_to_vm_capacity_on_mobile=0

lan_delay=0.04427433248894118
man_delay=10.002344792322356
wan_delay=0.47198152992790415
gsm_delay=0.0
failed_tasks_due_to_lan=0
failed_tasks_due_to_man=0
failed_tasks_due_to_wan=0
failed_tasks_due_to_gsm=0

