total_tasks=65
total_completed_tasks=25
total_failed_tasks_total=24
total_uncompleted_tasks=16
failed_tasks_due_to_bw=0
total_service_time=1920.030723369919
total_processing_time=1914.983819784414
network_delay=5.04690358550482
total_failed_tasks_due_to_vm_capacity=0
failed_tasks_due_to_mobility=0
rejected_tasks_due_to_wlan_range=0
error_tasks_due_to_ram_capacity=0
error_tasks_due_to_delay_limit=0
rejected_tasks_by_solver=24

completed_tasks_on_edge=13
failed_tasks_on_edge=0
uncompleted_tasks_on_edge=0
service_time_on_edge=2639.203211900674
processing_time_on_edge=2630.6458220577083
vm_load_on_edge=73.37385321100918
failed_tasks_due_to_vm_capacity_on_edge=0

completed_tasks_on_cloud=12
failed_tasks_on_cloud=0
uncompleted_tasks_on_cloud=16
service_time_on_cloud=1140.927194128267
processing_time_on_cloud=1139.6833173216785
vm_load_on_cloud=43.56284403669716
failed_tasks_due_to_vm_capacity_on_cloud=0

completed_tasks_on_mobile=0
failed_tasks_on_mobile=24
uncompleted_tasks_on_mobile=0
serivice_time_on_mobile=0.0
processing_time_on_mobile=0.0
vm_load_on_mobile=0.0
failed_tasks_due_to_vm_capacity_on_mobile=0

lan_delay=0.0938678527940397
man_delay=10.002344170203255
wan_delay=1.2438768065885173
gsm_delay=0.0
failed_tasks_due_to_lan=0
failed_tasks_due_to_man=0
failed_tasks_due_to_wan=0
failed_tasks_due_to_gsm=0

