total_tasks=23
total_completed_tasks=22
total_failed_tasks_total=1
total_uncompleted_tasks=0
failed_tasks_due_to_bw=0
total_service_time=87.83768144861915
total_processing_time=84.58839787402532
network_delay=3.249283574593831
total_failed_tasks_due_to_vm_capacity=0
failed_tasks_due_to_mobility=0
rejected_tasks_due_to_wlan_range=0
error_tasks_due_to_ram_capacity=0
error_tasks_due_to_delay_limit=0
rejected_tasks_by_solver=1

completed_tasks_on_edge=8
failed_tasks_on_edge=0
uncompleted_tasks_on_edge=0
service_time_on_edge=191.20350421959105
processing_time_on_edge=183.66532789403075
vm_load_on_edge=7.727064220183486
failed_tasks_due_to_vm_capacity_on_edge=0

completed_tasks_on_cloud=14
failed_tasks_on_cloud=0
uncompleted_tasks_on_cloud=0
service_time_on_cloud=28.77149700806378
processing_time_on_cloud=27.973009291165063
vm_load_on_cloud=0.48440366972477045
failed_tasks_due_to_vm_capacity_on_cloud=0

completed_tasks_on_mobile=0
failed_tasks_on_mobile=1
uncompleted_tasks_on_mobile=0
serivice_time_on_mobile=0.0
processing_time_on_mobile=0.0
vm_load_on_mobile=0.0
failed_tasks_due_to_vm_capacity_on_mobile=0

lan_delay=0.03641893653396229
man_delay=10.002343185368437
wan_delay=0.7984877168987113
gsm_delay=0.0
failed_tasks_due_to_lan=0
failed_tasks_due_to_man=0
failed_tasks_due_to_wan=0
failed_tasks_due_to_gsm=0

