total_tasks=297
total_completed_tasks=234
total_failed_tasks_total=49
total_uncompleted_tasks=14
failed_tasks_due_to_bw=0
total_service_time=387.13436500074795
total_processing_time=385.5866896720325
network_delay=1.5476753287154181
total_failed_tasks_due_to_vm_capacity=0
failed_tasks_due_to_mobility=0
rejected_tasks_due_to_wlan_range=0
error_tasks_due_to_ram_capacity=0
error_tasks_due_to_delay_limit=35
rejected_tasks_by_solver=14

completed_tasks_on_edge=37
failed_tasks_on_edge=1
uncompleted_tasks_on_edge=0
service_time_on_edge=495.54932039793493
processing_time_on_edge=487.953729302053
vm_load_on_edge=11.534403669724771
failed_tasks_due_to_vm_capacity_on_edge=0

completed_tasks_on_cloud=197
failed_tasks_on_cloud=34
uncompleted_tasks_on_cloud=14
service_time_on_cloud=366.7721652560986
processing_time_on_cloud=366.3603928887292
vm_load_on_cloud=7.908256880733947
failed_tasks_due_to_vm_capacity_on_cloud=0

completed_tasks_on_mobile=0
failed_tasks_on_mobile=14
uncompleted_tasks_on_mobile=0
serivice_time_on_mobile=0.0
processing_time_on_mobile=0.0
vm_load_on_mobile=0.0
failed_tasks_due_to_vm_capacity_on_mobile=0

lan_delay=0.026250066367776787
man_delay=10.002343503286765
wan_delay=0.41177236736939515
gsm_delay=0.0
failed_tasks_due_to_lan=0
failed_tasks_due_to_man=0
failed_tasks_due_to_wan=0
failed_tasks_due_to_gsm=0

