total_tasks=38
total_completed_tasks=22
total_failed_tasks_total=16
total_uncompleted_tasks=0
failed_tasks_due_to_bw=0
total_service_time=303.9636406171116
total_processing_time=302.28814852204385
network_delay=1.675492095067824
total_failed_tasks_due_to_vm_capacity=0
failed_tasks_due_to_mobility=0
rejected_tasks_due_to_wlan_range=0
error_tasks_due_to_ram_capacity=0
error_tasks_due_to_delay_limit=3
rejected_tasks_by_solver=13

completed_tasks_on_edge=2
failed_tasks_on_edge=0
uncompleted_tasks_on_edge=0
service_time_on_edge=232.06279713389063
processing_time_on_edge=221.9361355234234
vm_load_on_edge=8.81651376146789
failed_tasks_due_to_vm_capacity_on_edge=0

completed_tasks_on_cloud=20
failed_tasks_on_cloud=3
uncompleted_tasks_on_cloud=0
service_time_on_cloud=311.15372496543375
processing_time_on_cloud=310.32334982190594
vm_load_on_cloud=3.131192660550459
failed_tasks_due_to_vm_capacity_on_cloud=0

completed_tasks_on_mobile=0
failed_tasks_on_mobile=13
uncompleted_tasks_on_mobile=0
serivice_time_on_mobile=0.0
processing_time_on_mobile=0.0
vm_load_on_mobile=0.0
failed_tasks_due_to_vm_capacity_on_mobile=0

lan_delay=0.1243184616050523
man_delay=10.002343148862192
wan_delay=0.8303751435278819
gsm_delay=0.0
failed_tasks_due_to_lan=0
failed_tasks_due_to_man=0
failed_tasks_due_to_wan=0
failed_tasks_due_to_gsm=0

