total_tasks=258
total_completed_tasks=128
total_failed_tasks_total=129
total_uncompleted_tasks=1
failed_tasks_due_to_bw=0
total_service_time=49.66061727409399
total_processing_time=48.39640723995931
network_delay=1.2642100341346911
total_failed_tasks_due_to_vm_capacity=0
failed_tasks_due_to_mobility=0
rejected_tasks_due_to_wlan_range=0
error_tasks_due_to_ram_capacity=0
error_tasks_due_to_delay_limit=84
rejected_tasks_by_solver=45

completed_tasks_on_edge=16
failed_tasks_on_edge=0
uncompleted_tasks_on_edge=0
service_time_on_edge=57.81459452604844
processing_time_on_edge=50.92089247080127
vm_load_on_edge=15.055045871559633
failed_tasks_due_to_vm_capacity_on_edge=0

completed_tasks_on_cloud=112
failed_tasks_on_cloud=84
uncompleted_tasks_on_cloud=1
service_time_on_cloud=48.495763380957634
processing_time_on_cloud=48.03576649269616
vm_load_on_cloud=12.797706422018353
failed_tasks_due_to_vm_capacity_on_cloud=0

completed_tasks_on_mobile=0
failed_tasks_on_mobile=45
uncompleted_tasks_on_mobile=0
serivice_time_on_mobile=0.0
processing_time_on_mobile=0.0
vm_load_on_mobile=0.0
failed_tasks_due_to_vm_capacity_on_mobile=0

lan_delay=0.017090764922207277
man_delay=10.00234369501812
wan_delay=0.45999688826148083
gsm_delay=0.0
failed_tasks_due_to_lan=0
failed_tasks_due_to_man=0
failed_tasks_due_to_wan=0
failed_tasks_due_to_gsm=0

