total_tasks=260
total_completed_tasks=215
total_failed_tasks_total=30
total_uncompleted_tasks=15
failed_tasks_due_to_bw=0
total_service_time=352.2883944546459
total_processing_time=350.5423192625936
network_delay=1.746075192052349
total_failed_tasks_due_to_vm_capacity=0
failed_tasks_due_to_mobility=0
rejected_tasks_due_to_wlan_range=0
error_tasks_due_to_ram_capacity=0
error_tasks_due_to_delay_limit=25
rejected_tasks_by_solver=5

completed_tasks_on_edge=38
failed_tasks_on_edge=1
uncompleted_tasks_on_edge=1
service_time_on_edge=463.3858321998404
processing_time_on_edge=455.46726425798875
vm_load_on_edge=11.26834862385321
failed_tasks_due_to_vm_capacity_on_edge=0

completed_tasks_on_cloud=177
failed_tasks_on_cloud=24
uncompleted_tasks_on_cloud=14
service_time_on_cloud=328.4369671421185
processing_time_on_cloud=328.0160598850513
vm_load_on_cloud=6.323853211009175
failed_tasks_due_to_vm_capacity_on_cloud=0

completed_tasks_on_mobile=0
failed_tasks_on_mobile=5
uncompleted_tasks_on_mobile=0
serivice_time_on_mobile=0.0
processing_time_on_mobile=0.0
vm_load_on_mobile=0.0
failed_tasks_due_to_vm_capacity_on_mobile=0

lan_delay=0.021980890337002745
man_delay=10.002343598585135
wan_delay=0.42090725706720405
gsm_delay=0.0
failed_tasks_due_to_lan=0
failed_tasks_due_to_man=0
failed_tasks_due_to_wan=0
failed_tasks_due_to_gsm=0

