total_tasks=93
total_completed_tasks=34
total_failed_tasks_total=59
total_uncompleted_tasks=0
failed_tasks_due_to_bw=0
total_service_time=272.8404050574309
total_processing_time=271.0339867735729
network_delay=1.8064182838580485
total_failed_tasks_due_to_vm_capacity=0
failed_tasks_due_to_mobility=0
rejected_tasks_due_to_wlan_range=0
error_tasks_due_to_ram_capacity=0
error_tasks_due_to_delay_limit=13
rejected_tasks_by_solver=46

completed_tasks_on_edge=4
failed_tasks_on_edge=1
uncompleted_tasks_on_edge=0
service_time_on_edge=295.4499504369635
processing_time_on_edge=287.80751388281703
vm_load_on_edge=14.837155963302752
failed_tasks_due_to_vm_capacity_on_edge=0

completed_tasks_on_cloud=30
failed_tasks_on_cloud=12
uncompleted_tasks_on_cloud=0
service_time_on_cloud=269.8257990068266
processing_time_on_cloud=268.7975164923403
vm_load_on_cloud=12.21788990825689
failed_tasks_due_to_vm_capacity_on_cloud=0

completed_tasks_on_mobile=0
failed_tasks_on_mobile=46
uncompleted_tasks_on_mobile=0
serivice_time_on_mobile=0.0
processing_time_on_mobile=0.0
vm_load_on_mobile=0.0
failed_tasks_due_to_vm_capacity_on_mobile=0

lan_delay=0.140678871871108
man_delay=10.002343576367101
wan_delay=1.0282825144862637
gsm_delay=0.0
failed_tasks_due_to_lan=0
failed_tasks_due_to_man=0
failed_tasks_due_to_wan=0
failed_tasks_due_to_gsm=0

