total_tasks=23
total_completed_tasks=22
total_failed_tasks_total=1
total_uncompleted_tasks=0
failed_tasks_due_to_bw=0
total_service_time=26.87986593836054
total_processing_time=25.32558484340419
network_delay=1.554281094956348
total_failed_tasks_due_to_vm_capacity=0
failed_tasks_due_to_mobility=0
rejected_tasks_due_to_wlan_range=0
error_tasks_due_to_ram_capacity=0
error_tasks_due_to_delay_limit=0
rejected_tasks_by_solver=1

completed_tasks_on_edge=2
failed_tasks_on_edge=0
uncompleted_tasks_on_edge=0
service_time_on_edge=37.23587286307702
processing_time_on_edge=27.20327542172287
vm_load_on_edge=2.479357798165138
failed_tasks_due_to_vm_capacity_on_edge=0

completed_tasks_on_cloud=20
failed_tasks_on_cloud=0
uncompleted_tasks_on_cloud=0
service_time_on_cloud=25.84426524588889
processing_time_on_cloud=25.137815785572325
vm_load_on_cloud=0.3779816513761467
failed_tasks_due_to_vm_capacity_on_cloud=0

completed_tasks_on_mobile=0
failed_tasks_on_mobile=1
uncompleted_tasks_on_mobile=0
serivice_time_on_mobile=0.0
processing_time_on_mobile=0.0
vm_load_on_mobile=0.0
failed_tasks_due_to_vm_capacity_on_mobile=0

lan_delay=0.030254325604620002
man_delay=10.002343115749529
wan_delay=0.7064494603165679
gsm_delay=0.0
failed_tasks_due_to_lan=0
failed_tasks_due_to_man=0
failed_tasks_due_to_wan=0
failed_tasks_due_to_gsm=0

