total_tasks=84
total_completed_tasks=76
total_failed_tasks_total=8
total_uncompleted_tasks=0
failed_tasks_due_to_bw=0
total_service_time=40.55093396283872
total_processing_time=39.42777121456794
network_delay=1.1231627482707705
total_failed_tasks_due_to_vm_capacity=0
failed_tasks_due_to_mobility=0
rejected_tasks_due_to_wlan_range=0
error_tasks_due_to_ram_capacity=0
error_tasks_due_to_delay_limit=5
rejected_tasks_by_solver=3

completed_tasks_on_edge=12
failed_tasks_on_edge=1
uncompleted_tasks_on_edge=0
service_time_on_edge=48.09609802163671
processing_time_on_edge=43.89642025095953
vm_load_on_edge=6.360091743119266
failed_tasks_due_to_vm_capacity_on_edge=0

completed_tasks_on_cloud=64
failed_tasks_on_cloud=4
uncompleted_tasks_on_cloud=0
service_time_on_cloud=39.136215701814095
processing_time_on_cloud=38.58989952024451
vm_load_on_cloud=2.175229357798165
failed_tasks_due_to_vm_capacity_on_cloud=0

completed_tasks_on_mobile=0
failed_tasks_on_mobile=3
uncompleted_tasks_on_mobile=0
serivice_time_on_mobile=0.0
processing_time_on_mobile=0.0
vm_load_on_mobile=0.0
failed_tasks_due_to_vm_capacity_on_mobile=0

lan_delay=0.03203482195147242
man_delay=10.002343076941695
wan_delay=0.5463161815695694
gsm_delay=0.0
failed_tasks_due_to_lan=0
failed_tasks_due_to_man=0
failed_tasks_due_to_wan=0
failed_tasks_due_to_gsm=0

