total_tasks=37402
total_completed_tasks=32252
total_failed_tasks_total=5127
total_uncompleted_tasks=23
failed_tasks_due_to_bw=0
total_service_time=20.02337273456326
total_processing_time=19.30279465301168
network_delay=0.7205780815516311
total_failed_tasks_due_to_vm_capacity=0
failed_tasks_due_to_mobility=2
rejected_tasks_due_to_wlan_range=0
error_tasks_due_to_ram_capacity=0
error_tasks_due_to_delay_limit=2172
rejected_tasks_by_solver=2953

completed_tasks_on_edge=5257
failed_tasks_on_edge=1896
uncompleted_tasks_on_edge=3
service_time_on_edge=28.445485554157923
processing_time_on_edge=24.24492060210393
vm_load_on_edge=15.055045871559633
failed_tasks_due_to_vm_capacity_on_edge=0

completed_tasks_on_cloud=26995
failed_tasks_on_cloud=278
uncompleted_tasks_on_cloud=20
service_time_on_cloud=18.383252449599112
processing_time_on_cloud=18.34036619906176
vm_load_on_cloud=12.797706422018353
failed_tasks_due_to_vm_capacity_on_cloud=0

completed_tasks_on_mobile=0
failed_tasks_on_mobile=2953
uncompleted_tasks_on_mobile=0
serivice_time_on_mobile=0.0
processing_time_on_mobile=0.0
vm_load_on_mobile=0.0
failed_tasks_due_to_vm_capacity_on_mobile=0

lan_delay=0.0032717685272697487
man_delay=10.002343728830953
wan_delay=0.042886250537403886
gsm_delay=0.0
failed_tasks_due_to_lan=0
failed_tasks_due_to_man=0
failed_tasks_due_to_wan=0
failed_tasks_due_to_gsm=0

experiment_time=6332
cost_of_vm_utilization=0.019008644083583947

