total_tasks=12718
total_completed_tasks=12180
total_failed_tasks_total=537
total_uncompleted_tasks=1
failed_tasks_due_to_bw=0
total_service_time=10.938642409920748
total_processing_time=9.82541952846303
network_delay=1.1132228814575778
total_failed_tasks_due_to_vm_capacity=0
failed_tasks_due_to_mobility=1
rejected_tasks_due_to_wlan_range=0
error_tasks_due_to_ram_capacity=0
error_tasks_due_to_delay_limit=530
rejected_tasks_by_solver=6

completed_tasks_on_edge=2868
failed_tasks_on_edge=529
uncompleted_tasks_on_edge=1
service_time_on_edge=24.211973292277126
processing_time_on_edge=19.601977801665626
vm_load_on_edge=6.360091743119266
failed_tasks_due_to_vm_capacity_on_edge=0

completed_tasks_on_cloud=9312
failed_tasks_on_cloud=2
uncompleted_tasks_on_cloud=0
service_time_on_cloud=6.850593336617629
processing_time_on_cloud=6.8143403695771205
vm_load_on_cloud=2.175229357798165
failed_tasks_due_to_vm_capacity_on_cloud=0

completed_tasks_on_mobile=0
failed_tasks_on_mobile=6
uncompleted_tasks_on_mobile=0
serivice_time_on_mobile=0.0
processing_time_on_mobile=0.0
vm_load_on_mobile=0.0
failed_tasks_due_to_vm_capacity_on_mobile=0

lan_delay=0.0029189307529440727
man_delay=10.002343356301989
wan_delay=0.036252967040546806
gsm_delay=0.0
failed_tasks_due_to_lan=0
failed_tasks_due_to_man=0
failed_tasks_due_to_wan=0
failed_tasks_due_to_gsm=0

