total_tasks=31
total_completed_tasks=19
total_failed_tasks_total=12
total_uncompleted_tasks=0
failed_tasks_due_to_bw=0
total_service_time=290.21778863403864
total_processing_time=287.873808450999
network_delay=2.34398018303963
total_failed_tasks_due_to_vm_capacity=0
failed_tasks_due_to_mobility=0
rejected_tasks_due_to_wlan_range=0
error_tasks_due_to_ram_capacity=0
error_tasks_due_to_delay_limit=2
rejected_tasks_by_solver=10

completed_tasks_on_edge=3
failed_tasks_on_edge=0
uncompleted_tasks_on_edge=0
service_time_on_edge=368.5755472205248
processing_time_on_edge=358.53932593901555
vm_load_on_edge=5.222477064220183
failed_tasks_due_to_vm_capacity_on_edge=0

completed_tasks_on_cloud=16
failed_tasks_on_cloud=2
uncompleted_tasks_on_cloud=0
service_time_on_cloud=275.52570889907247
processing_time_on_cloud=274.6240239219959
vm_load_on_cloud=1.488073394495413
failed_tasks_due_to_vm_capacity_on_cloud=0

completed_tasks_on_mobile=0
failed_tasks_on_mobile=10
uncompleted_tasks_on_mobile=0
serivice_time_on_mobile=0.0
processing_time_on_mobile=0.0
vm_load_on_mobile=0.0
failed_tasks_due_to_vm_capacity_on_mobile=0

lan_delay=0.033878293969587206
man_delay=10.002342987539606
wan_delay=0.901684977076586
gsm_delay=0.0
failed_tasks_due_to_lan=0
failed_tasks_due_to_man=0
failed_tasks_due_to_wan=0
failed_tasks_due_to_gsm=0

