total_tasks=6728
total_completed_tasks=6550
total_failed_tasks_total=177
total_uncompleted_tasks=1
failed_tasks_due_to_bw=0
total_service_time=12.35576311172478
total_processing_time=11.12891694683406
network_delay=1.2268461648908526
total_failed_tasks_due_to_vm_capacity=0
failed_tasks_due_to_mobility=0
rejected_tasks_due_to_wlan_range=0
error_tasks_due_to_ram_capacity=0
error_tasks_due_to_delay_limit=166
rejected_tasks_by_solver=11

completed_tasks_on_edge=1612
failed_tasks_on_edge=164
uncompleted_tasks_on_edge=0
service_time_on_edge=28.424384624708285
processing_time_on_edge=23.58148800177349
vm_load_on_edge=3.1926605504587156
failed_tasks_due_to_vm_capacity_on_edge=0

completed_tasks_on_cloud=4938
failed_tasks_on_cloud=2
uncompleted_tasks_on_cloud=1
service_time_on_cloud=7.110194484967071
processing_time_on_cloud=7.0638005959710854
vm_load_on_cloud=0.8316513761467891
failed_tasks_due_to_vm_capacity_on_cloud=0

completed_tasks_on_mobile=0
failed_tasks_on_mobile=11
uncompleted_tasks_on_mobile=0
serivice_time_on_mobile=0.0
processing_time_on_mobile=0.0
vm_load_on_mobile=0.0
failed_tasks_due_to_vm_capacity_on_mobile=0

lan_delay=0.003053160987763398
man_delay=10.002343154690799
wan_delay=0.04639388899625454
gsm_delay=0.0
failed_tasks_due_to_lan=0
failed_tasks_due_to_man=0
failed_tasks_due_to_wan=0
failed_tasks_due_to_gsm=0

experiment_time=1776
cost_of_vm_utilization=0.007490026869565252

