total_tasks=50
total_completed_tasks=47
total_failed_tasks_total=3
total_uncompleted_tasks=0
failed_tasks_due_to_bw=0
total_service_time=35.10508216912454
total_processing_time=33.55017223092894
network_delay=1.554909938195592
total_failed_tasks_due_to_vm_capacity=0
failed_tasks_due_to_mobility=0
rejected_tasks_due_to_wlan_range=0
error_tasks_due_to_ram_capacity=0
error_tasks_due_to_delay_limit=1
rejected_tasks_by_solver=2

completed_tasks_on_edge=9
failed_tasks_on_edge=0
uncompleted_tasks_on_edge=0
service_time_on_edge=56.483753161786154
processing_time_on_edge=50.90083501726173
vm_load_on_edge=3.1926605504587156
failed_tasks_due_to_vm_capacity_on_edge=0

completed_tasks_on_cloud=38
failed_tasks_on_cloud=1
uncompleted_tasks_on_cloud=0
service_time_on_cloud=30.041712723494165
processing_time_on_cloud=29.44080472890277
vm_load_on_cloud=0.8316513761467891
failed_tasks_due_to_vm_capacity_on_cloud=0

completed_tasks_on_mobile=0
failed_tasks_on_mobile=2
uncompleted_tasks_on_mobile=0
serivice_time_on_mobile=0.0
processing_time_on_mobile=0.0
vm_load_on_mobile=0.0
failed_tasks_due_to_vm_capacity_on_mobile=0

lan_delay=0.026060900701348644
man_delay=10.002343038881534
wan_delay=0.6009079945913951
gsm_delay=0.0
failed_tasks_due_to_lan=0
failed_tasks_due_to_man=0
failed_tasks_due_to_wan=0
failed_tasks_due_to_gsm=0

