total_tasks=167
total_completed_tasks=107
total_failed_tasks_total=60
total_uncompleted_tasks=0
failed_tasks_due_to_bw=0
total_service_time=48.36865504108473
total_processing_time=46.78711161826812
network_delay=1.581543422816605
total_failed_tasks_due_to_vm_capacity=0
failed_tasks_due_to_mobility=0
rejected_tasks_due_to_wlan_range=0
error_tasks_due_to_ram_capacity=0
error_tasks_due_to_delay_limit=44
rejected_tasks_by_solver=16

completed_tasks_on_edge=15
failed_tasks_on_edge=2
uncompleted_tasks_on_edge=0
service_time_on_edge=53.738168752332555
processing_time_on_edge=45.71526470242495
vm_load_on_edge=13.277522935779816
failed_tasks_due_to_vm_capacity_on_edge=0

completed_tasks_on_cloud=92
failed_tasks_on_cloud=42
uncompleted_tasks_on_cloud=0
service_time_on_cloud=47.493190849033454
processing_time_on_cloud=46.96186926759037
vm_load_on_cloud=9.601376146788997
failed_tasks_due_to_vm_capacity_on_cloud=0

completed_tasks_on_mobile=0
failed_tasks_on_mobile=16
uncompleted_tasks_on_mobile=0
serivice_time_on_mobile=0.0
processing_time_on_mobile=0.0
vm_load_on_mobile=0.0
failed_tasks_due_to_vm_capacity_on_mobile=0

lan_delay=0.02102938377520638
man_delay=10.002343332665506
wan_delay=0.5313215814430696
gsm_delay=0.0
failed_tasks_due_to_lan=0
failed_tasks_due_to_man=0
failed_tasks_due_to_wan=0
failed_tasks_due_to_gsm=0

