total_tasks=29086
total_completed_tasks=27106
total_failed_tasks_total=1980
total_uncompleted_tasks=0
failed_tasks_due_to_bw=0
total_service_time=14.971557354340138
total_processing_time=14.185694478615266
network_delay=0.7858628757249544
total_failed_tasks_due_to_vm_capacity=0
failed_tasks_due_to_mobility=2
rejected_tasks_due_to_wlan_range=0
error_tasks_due_to_ram_capacity=0
error_tasks_due_to_delay_limit=1616
rejected_tasks_by_solver=362

completed_tasks_on_edge=4863
failed_tasks_on_edge=1569
uncompleted_tasks_on_edge=0
service_time_on_edge=24.470100060568544
processing_time_on_edge=20.25891865911104
vm_load_on_edge=13.277522935779816
failed_tasks_due_to_vm_capacity_on_edge=0

completed_tasks_on_cloud=22243
failed_tasks_on_cloud=49
uncompleted_tasks_on_cloud=0
service_time_on_cloud=12.894885449453778
processing_time_on_cloud=12.857901951089648
vm_load_on_cloud=9.601376146788997
failed_tasks_due_to_vm_capacity_on_cloud=0

completed_tasks_on_mobile=0
failed_tasks_on_mobile=362
uncompleted_tasks_on_mobile=0
serivice_time_on_mobile=0.0
processing_time_on_mobile=0.0
vm_load_on_mobile=0.0
failed_tasks_due_to_vm_capacity_on_mobile=0

lan_delay=0.002915900446852712
man_delay=10.002343661493454
wan_delay=0.03698349836424827
gsm_delay=0.0
failed_tasks_due_to_lan=0
failed_tasks_due_to_man=0
failed_tasks_due_to_wan=0
failed_tasks_due_to_gsm=0

