total_tasks=29657
total_completed_tasks=27475
total_failed_tasks_total=2162
total_uncompleted_tasks=20
failed_tasks_due_to_bw=0
total_service_time=18.601450886834286
total_processing_time=17.806213213675633
network_delay=0.7952376731587338
total_failed_tasks_due_to_vm_capacity=0
failed_tasks_due_to_mobility=2
rejected_tasks_due_to_wlan_range=0
error_tasks_due_to_ram_capacity=0
error_tasks_due_to_delay_limit=1730
rejected_tasks_by_solver=430

completed_tasks_on_edge=4920
failed_tasks_on_edge=1574
uncompleted_tasks_on_edge=0
service_time_on_edge=28.523828753643638
processing_time_on_edge=24.283812875108264
vm_load_on_edge=13.277522935779816
failed_tasks_due_to_vm_capacity_on_edge=0

completed_tasks_on_cloud=22555
failed_tasks_on_cloud=158
uncompleted_tasks_on_cloud=20
service_time_on_cloud=16.43704835503643
processing_time_on_cloud=16.393232041684946
vm_load_on_cloud=9.601376146788997
failed_tasks_due_to_vm_capacity_on_cloud=0

completed_tasks_on_mobile=0
failed_tasks_on_mobile=430
uncompleted_tasks_on_mobile=0
serivice_time_on_mobile=0.0
processing_time_on_mobile=0.0
vm_load_on_mobile=0.0
failed_tasks_due_to_vm_capacity_on_mobile=0

lan_delay=0.0032508008602559575
man_delay=10.002343657467549
wan_delay=0.04381631335160246
gsm_delay=0.0
failed_tasks_due_to_lan=0
failed_tasks_due_to_man=0
failed_tasks_due_to_wan=0
failed_tasks_due_to_gsm=0

experiment_time=5601
cost_of_vm_utilization=0.01805693240822323

