total_tasks=26675
total_completed_tasks=25108
total_failed_tasks_total=1548
total_uncompleted_tasks=19
failed_tasks_due_to_bw=0
total_service_time=17.625613435621243
total_processing_time=16.796076243824068
network_delay=0.829537191797021
total_failed_tasks_due_to_vm_capacity=0
failed_tasks_due_to_mobility=0
rejected_tasks_due_to_wlan_range=0
error_tasks_due_to_ram_capacity=0
error_tasks_due_to_delay_limit=1420
rejected_tasks_by_solver=128

completed_tasks_on_edge=4420
failed_tasks_on_edge=1280
uncompleted_tasks_on_edge=3
service_time_on_edge=28.751416133927385
processing_time_on_edge=24.242606495024898
vm_load_on_edge=11.534403669724771
failed_tasks_due_to_vm_capacity_on_edge=0

completed_tasks_on_cloud=20688
failed_tasks_on_cloud=140
uncompleted_tasks_on_cloud=16
service_time_on_cloud=15.248580956574756
processing_time_on_cloud=15.205121888144085
vm_load_on_cloud=7.908256880733947
failed_tasks_due_to_vm_capacity_on_cloud=0

completed_tasks_on_mobile=0
failed_tasks_on_mobile=128
uncompleted_tasks_on_mobile=0
serivice_time_on_mobile=0.0
processing_time_on_mobile=0.0
vm_load_on_mobile=0.0
failed_tasks_due_to_vm_capacity_on_mobile=0

lan_delay=0.0032290342918337464
man_delay=10.00234368276254
wan_delay=0.043459068430677976
gsm_delay=0.0
failed_tasks_due_to_lan=0
failed_tasks_due_to_man=0
failed_tasks_due_to_wan=0
failed_tasks_due_to_gsm=0

experiment_time=5379
cost_of_vm_utilization=0.016623392012150743

