total_tasks=22748
total_completed_tasks=21480
total_failed_tasks_total=1265
total_uncompleted_tasks=3
failed_tasks_due_to_bw=0
total_service_time=13.345194092436472
total_processing_time=12.413629085223013
network_delay=0.9315650072134185
total_failed_tasks_due_to_vm_capacity=0
failed_tasks_due_to_mobility=0
rejected_tasks_due_to_wlan_range=0
error_tasks_due_to_ram_capacity=0
error_tasks_due_to_delay_limit=1228
rejected_tasks_by_solver=37

completed_tasks_on_edge=4267
failed_tasks_on_edge=1174
uncompleted_tasks_on_edge=3
service_time_on_edge=24.454913783550108
processing_time_on_edge=19.913792422668216
vm_load_on_edge=11.26834862385321
failed_tasks_due_to_vm_capacity_on_edge=0

completed_tasks_on_cloud=17213
failed_tasks_on_cloud=54
uncompleted_tasks_on_cloud=0
service_time_on_cloud=10.591160866271316
processing_time_on_cloud=10.554383343000348
vm_load_on_cloud=6.323853211009175
failed_tasks_due_to_vm_capacity_on_cloud=0

completed_tasks_on_mobile=0
failed_tasks_on_mobile=37
uncompleted_tasks_on_mobile=0
serivice_time_on_mobile=0.0
processing_time_on_mobile=0.0
vm_load_on_mobile=0.0
failed_tasks_due_to_vm_capacity_on_mobile=0

lan_delay=0.0029124742304819707
man_delay=10.00234365668509
wan_delay=0.036777523271044096
gsm_delay=0.0
failed_tasks_due_to_lan=0
failed_tasks_due_to_man=0
failed_tasks_due_to_wan=0
failed_tasks_due_to_gsm=0

