total_tasks=129
total_completed_tasks=100
total_failed_tasks_total=29
total_uncompleted_tasks=0
failed_tasks_due_to_bw=0
total_service_time=47.19615728301622
total_processing_time=45.736206868274586
network_delay=1.4599504147416134
total_failed_tasks_due_to_vm_capacity=0
failed_tasks_due_to_mobility=0
rejected_tasks_due_to_wlan_range=0
error_tasks_due_to_ram_capacity=0
error_tasks_due_to_delay_limit=23
rejected_tasks_by_solver=6

completed_tasks_on_edge=16
failed_tasks_on_edge=4
uncompleted_tasks_on_edge=0
service_time_on_edge=51.129316964469226
processing_time_on_edge=44.85284146671118
vm_load_on_edge=9.238532110091743
failed_tasks_due_to_vm_capacity_on_edge=0

completed_tasks_on_cloud=84
failed_tasks_on_cloud=19
uncompleted_tasks_on_cloud=0
service_time_on_cloud=46.4469840103585
processing_time_on_cloud=45.90446694476287
vm_load_on_cloud=4.994036697247709
failed_tasks_due_to_vm_capacity_on_cloud=0

completed_tasks_on_mobile=0
failed_tasks_on_mobile=6
uncompleted_tasks_on_mobile=0
serivice_time_on_mobile=0.0
processing_time_on_mobile=0.0
vm_load_on_mobile=0.0
failed_tasks_due_to_vm_capacity_on_mobile=0

lan_delay=0.025010957879421845
man_delay=10.002343263805797
wan_delay=0.5425170655956263
gsm_delay=0.0
failed_tasks_due_to_lan=0
failed_tasks_due_to_man=0
failed_tasks_due_to_wan=0
failed_tasks_due_to_gsm=0

