total_tasks=27
total_completed_tasks=26
total_failed_tasks_total=1
total_uncompleted_tasks=0
failed_tasks_due_to_bw=0
total_service_time=288.72306053848064
total_processing_time=286.19409210843924
network_delay=2.528968430041444
total_failed_tasks_due_to_vm_capacity=0
failed_tasks_due_to_mobility=0
rejected_tasks_due_to_wlan_range=0
error_tasks_due_to_ram_capacity=0
error_tasks_due_to_delay_limit=0
rejected_tasks_by_solver=1

completed_tasks_on_edge=9
failed_tasks_on_edge=0
uncompleted_tasks_on_edge=0
service_time_on_edge=467.14246807848434
processing_time_on_edge=460.4395460972942
vm_load_on_edge=2.479357798165138
failed_tasks_due_to_vm_capacity_on_edge=0

completed_tasks_on_cloud=17
failed_tasks_on_cloud=0
uncompleted_tasks_on_cloud=0
service_time_on_cloud=194.26572713494923
processing_time_on_cloud=193.94649882022188
vm_load_on_cloud=0.3779816513761467
failed_tasks_due_to_vm_capacity_on_cloud=0

completed_tasks_on_mobile=0
failed_tasks_on_mobile=1
uncompleted_tasks_on_mobile=0
serivice_time_on_mobile=0.0
processing_time_on_mobile=0.0
vm_load_on_mobile=0.0
failed_tasks_due_to_vm_capacity_on_mobile=0

lan_delay=0.03469320880810017
man_delay=10.00234315857313
wan_delay=0.3192283147274031
gsm_delay=0.0
failed_tasks_due_to_lan=0
failed_tasks_due_to_man=0
failed_tasks_due_to_wan=0
failed_tasks_due_to_gsm=0

