total_tasks=367
total_completed_tasks=255
total_failed_tasks_total=96
total_uncompleted_tasks=16
failed_tasks_due_to_bw=0
total_service_time=404.83301539738693
total_processing_time=403.4295723960633
network_delay=1.403443001323467
total_failed_tasks_due_to_vm_capacity=0
failed_tasks_due_to_mobility=1
rejected_tasks_due_to_wlan_range=0
error_tasks_due_to_ram_capacity=0
error_tasks_due_to_delay_limit=67
rejected_tasks_by_solver=28

completed_tasks_on_edge=37
failed_tasks_on_edge=2
uncompleted_tasks_on_edge=0
service_time_on_edge=503.893062753148
processing_time_on_edge=496.5623028610857
vm_load_on_edge=13.071100917431192
failed_tasks_due_to_vm_capacity_on_edge=0

completed_tasks_on_cloud=218
failed_tasks_on_cloud=66
uncompleted_tasks_on_cloud=16
service_time_on_cloud=388.02007158012486
processing_time_on_cloud=387.62264107860534
vm_load_on_cloud=10.969266055045873
failed_tasks_due_to_vm_capacity_on_cloud=0

completed_tasks_on_mobile=0
failed_tasks_on_mobile=28
uncompleted_tasks_on_mobile=0
serivice_time_on_mobile=0.0
processing_time_on_mobile=0.0
vm_load_on_mobile=0.0
failed_tasks_due_to_vm_capacity_on_mobile=0

lan_delay=0.031752143517240025
man_delay=10.002343951709626
wan_delay=0.397430501519205
gsm_delay=0.0
failed_tasks_due_to_lan=0
failed_tasks_due_to_man=0
failed_tasks_due_to_wan=0
failed_tasks_due_to_gsm=0

