total_tasks=3797
total_completed_tasks=3717
total_failed_tasks_total=80
total_uncompleted_tasks=0
failed_tasks_due_to_bw=0
total_service_time=12.750510204880438
total_processing_time=10.746737484479688
network_delay=2.0037727204008844
total_failed_tasks_due_to_vm_capacity=0
failed_tasks_due_to_mobility=0
rejected_tasks_due_to_wlan_range=0
error_tasks_due_to_ram_capacity=0
error_tasks_due_to_delay_limit=74
rejected_tasks_by_solver=6

completed_tasks_on_edge=1212
failed_tasks_on_edge=74
uncompleted_tasks_on_edge=0
service_time_on_edge=28.03482632319403
processing_time_on_edge=21.982536581348
vm_load_on_edge=2.479357798165138
failed_tasks_due_to_vm_capacity_on_edge=0

completed_tasks_on_cloud=2505
failed_tasks_on_cloud=0
uncompleted_tasks_on_cloud=0
service_time_on_cloud=5.355463843444905
processing_time_on_cloud=5.310494568150427
vm_load_on_cloud=0.3779816513761467
failed_tasks_due_to_vm_capacity_on_cloud=0

completed_tasks_on_mobile=0
failed_tasks_on_mobile=6
uncompleted_tasks_on_mobile=0
serivice_time_on_mobile=0.0
processing_time_on_mobile=0.0
vm_load_on_mobile=0.0
failed_tasks_due_to_vm_capacity_on_mobile=0

lan_delay=0.0030178817954024948
man_delay=10.002343102839534
wan_delay=0.044969275294392125
gsm_delay=0.0
failed_tasks_due_to_lan=0
failed_tasks_due_to_man=0
failed_tasks_due_to_wan=0
failed_tasks_due_to_gsm=0

experiment_time=953
cost_of_vm_utilization=0.004890546811320678

