total_tasks=164
total_completed_tasks=143
total_failed_tasks_total=21
total_uncompleted_tasks=0
failed_tasks_due_to_bw=0
total_service_time=297.00427029890005
total_processing_time=295.36603370393954
network_delay=1.638236594960494
total_failed_tasks_due_to_vm_capacity=0
failed_tasks_due_to_mobility=0
rejected_tasks_due_to_wlan_range=0
error_tasks_due_to_ram_capacity=0
error_tasks_due_to_delay_limit=17
rejected_tasks_by_solver=4

completed_tasks_on_edge=23
failed_tasks_on_edge=5
uncompleted_tasks_on_edge=0
service_time_on_edge=423.1320247270128
processing_time_on_edge=414.84060301639647
vm_load_on_edge=8.81651376146789
failed_tasks_due_to_vm_capacity_on_edge=0

completed_tasks_on_cloud=120
failed_tasks_on_cloud=12
uncompleted_tasks_on_cloud=0
service_time_on_cloud=272.82978403351166
processing_time_on_cloud=272.46674125238525
vm_load_on_cloud=3.131192660550459
failed_tasks_due_to_vm_capacity_on_cloud=0

completed_tasks_on_mobile=0
failed_tasks_on_mobile=4
uncompleted_tasks_on_mobile=0
serivice_time_on_mobile=0.0
processing_time_on_mobile=0.0
vm_load_on_mobile=0.0
failed_tasks_due_to_vm_capacity_on_mobile=0

lan_delay=0.028616201911364346
man_delay=10.002343510537573
wan_delay=0.36304278112646127
gsm_delay=0.0
failed_tasks_due_to_lan=0
failed_tasks_due_to_man=0
failed_tasks_due_to_wan=0
failed_tasks_due_to_gsm=0

