total_tasks=23200
total_completed_tasks=21820
total_failed_tasks_total=1360
total_uncompleted_tasks=20
failed_tasks_due_to_bw=0
total_service_time=17.142715571629786
total_processing_time=16.200273228997368
network_delay=0.9424423426323802
total_failed_tasks_due_to_vm_capacity=0
failed_tasks_due_to_mobility=0
rejected_tasks_due_to_wlan_range=0
error_tasks_due_to_ram_capacity=0
error_tasks_due_to_delay_limit=1294
rejected_tasks_by_solver=66

completed_tasks_on_edge=4319
failed_tasks_on_edge=1178
uncompleted_tasks_on_edge=4
service_time_on_edge=28.455791508108934
processing_time_on_edge=23.87404949431317
vm_load_on_edge=11.26834862385321
failed_tasks_due_to_vm_capacity_on_edge=0

completed_tasks_on_cloud=17501
failed_tasks_on_cloud=116
uncompleted_tasks_on_cloud=16
service_time_on_cloud=14.35080796808414
processing_time_on_cloud=14.30649346270407
vm_load_on_cloud=6.323853211009175
failed_tasks_due_to_vm_capacity_on_cloud=0

completed_tasks_on_mobile=0
failed_tasks_on_mobile=66
uncompleted_tasks_on_mobile=0
serivice_time_on_mobile=0.0
processing_time_on_mobile=0.0
vm_load_on_mobile=0.0
failed_tasks_due_to_vm_capacity_on_mobile=0

lan_delay=0.0032207346203472877
man_delay=10.002343654405367
wan_delay=0.04431450538014394
gsm_delay=0.0
failed_tasks_due_to_lan=0
failed_tasks_due_to_man=0
failed_tasks_due_to_wan=0
failed_tasks_due_to_gsm=0

experiment_time=5000
cost_of_vm_utilization=0.01625751474780761

