total_tasks=51
total_completed_tasks=27
total_failed_tasks_total=24
total_uncompleted_tasks=0
failed_tasks_due_to_bw=0
total_service_time=297.9656475308592
total_processing_time=296.10470360568127
network_delay=1.8609439251778737
total_failed_tasks_due_to_vm_capacity=0
failed_tasks_due_to_mobility=0
rejected_tasks_due_to_wlan_range=0
error_tasks_due_to_ram_capacity=0
error_tasks_due_to_delay_limit=7
rejected_tasks_by_solver=17

completed_tasks_on_edge=3
failed_tasks_on_edge=0
uncompleted_tasks_on_edge=0
service_time_on_edge=266.55710576756684
processing_time_on_edge=259.85234779517026
vm_load_on_edge=9.238532110091743
failed_tasks_due_to_vm_capacity_on_edge=0

completed_tasks_on_cloud=24
failed_tasks_on_cloud=7
uncompleted_tasks_on_cloud=0
service_time_on_cloud=301.8917152512707
processing_time_on_cloud=300.6362480819951
vm_load_on_cloud=4.994036697247709
failed_tasks_due_to_vm_capacity_on_cloud=0

completed_tasks_on_mobile=0
failed_tasks_on_mobile=17
uncompleted_tasks_on_mobile=0
serivice_time_on_mobile=0.0
processing_time_on_mobile=0.0
vm_load_on_mobile=0.0
failed_tasks_due_to_vm_capacity_on_mobile=0

lan_delay=0.036528734762414826
man_delay=10.002343856451287
wan_delay=1.2554671692755315
gsm_delay=0.0
failed_tasks_due_to_lan=0
failed_tasks_due_to_man=0
failed_tasks_due_to_wan=0
failed_tasks_due_to_gsm=0

