total_tasks=16388
total_completed_tasks=15526
total_failed_tasks_total=859
total_uncompleted_tasks=3
failed_tasks_due_to_bw=0
total_service_time=11.962561826536975
total_processing_time=10.902194911364308
network_delay=1.060366915172464
total_failed_tasks_due_to_vm_capacity=0
failed_tasks_due_to_mobility=0
rejected_tasks_due_to_wlan_range=0
error_tasks_due_to_ram_capacity=0
error_tasks_due_to_delay_limit=849
rejected_tasks_by_solver=10

completed_tasks_on_edge=3501
failed_tasks_on_edge=826
uncompleted_tasks_on_edge=3
service_time_on_edge=24.329015290126637
processing_time_on_edge=19.752092703794006
vm_load_on_edge=8.81651376146789
failed_tasks_due_to_vm_capacity_on_edge=0

completed_tasks_on_cloud=12025
failed_tasks_on_cloud=23
uncompleted_tasks_on_cloud=0
service_time_on_cloud=8.362149886742493
processing_time_on_cloud=8.325605125809506
vm_load_on_cloud=3.131192660550459
failed_tasks_due_to_vm_capacity_on_cloud=0

completed_tasks_on_mobile=0
failed_tasks_on_mobile=10
uncompleted_tasks_on_mobile=0
serivice_time_on_mobile=0.0
processing_time_on_mobile=0.0
vm_load_on_mobile=0.0
failed_tasks_due_to_vm_capacity_on_mobile=0

lan_delay=0.002871745021585521
man_delay=10.002343532436281
wan_delay=0.036544760933102965
gsm_delay=0.0
failed_tasks_due_to_lan=0
failed_tasks_due_to_man=0
failed_tasks_due_to_wan=0
failed_tasks_due_to_gsm=0

