total_tasks=3734
total_completed_tasks=3660
total_failed_tasks_total=74
total_uncompleted_tasks=0
failed_tasks_due_to_bw=0
total_service_time=10.082321566058026
total_processing_time=8.078845357848213
network_delay=2.003476208209947
total_failed_tasks_due_to_vm_capacity=0
failed_tasks_due_to_mobility=0
rejected_tasks_due_to_wlan_range=0
error_tasks_due_to_ram_capacity=0
error_tasks_due_to_delay_limit=74
rejected_tasks_by_solver=0

completed_tasks_on_edge=1200
failed_tasks_on_edge=74
uncompleted_tasks_on_edge=0
service_time_on_edge=24.352347936819353
processing_time_on_edge=18.314869375601326
vm_load_on_edge=2.479357798165138
failed_tasks_due_to_vm_capacity_on_edge=0

completed_tasks_on_cloud=2460
failed_tasks_on_cloud=0
uncompleted_tasks_on_cloud=0
service_time_on_cloud=3.121333092515939
processing_time_on_cloud=3.085662910163605
vm_load_on_cloud=0.3779816513761467
failed_tasks_due_to_vm_capacity_on_cloud=0

completed_tasks_on_mobile=0
failed_tasks_on_mobile=0
uncompleted_tasks_on_mobile=0
serivice_time_on_mobile=0.0
processing_time_on_mobile=0.0
vm_load_on_mobile=0.0
failed_tasks_due_to_vm_capacity_on_mobile=0

lan_delay=0.0027315565247985423
man_delay=10.002343101701511
wan_delay=0.03567018235224635
gsm_delay=0.0
failed_tasks_due_to_lan=0
failed_tasks_due_to_man=0
failed_tasks_due_to_wan=0
failed_tasks_due_to_gsm=0

