total_tasks=20693
total_completed_tasks=19354
total_failed_tasks_total=1329
total_uncompleted_tasks=10
failed_tasks_due_to_bw=0
total_service_time=16.313049495982373
total_processing_time=15.372786256417337
network_delay=0.9402632395649195
total_failed_tasks_due_to_vm_capacity=0
failed_tasks_due_to_mobility=0
rejected_tasks_due_to_wlan_range=0
error_tasks_due_to_ram_capacity=0
error_tasks_due_to_delay_limit=1282
rejected_tasks_by_solver=47

completed_tasks_on_edge=4073
failed_tasks_on_edge=1206
uncompleted_tasks_on_edge=3
service_time_on_edge=27.17607468414275
processing_time_on_edge=22.87772977838442
vm_load_on_edge=9.238532110091743
failed_tasks_due_to_vm_capacity_on_edge=0

completed_tasks_on_cloud=15281
failed_tasks_on_cloud=76
uncompleted_tasks_on_cloud=7
service_time_on_cloud=13.417617155731255
processing_time_on_cloud=13.372417500120541
vm_load_on_cloud=4.994036697247709
failed_tasks_due_to_vm_capacity_on_cloud=0

completed_tasks_on_mobile=0
failed_tasks_on_mobile=47
uncompleted_tasks_on_mobile=0
serivice_time_on_mobile=0.0
processing_time_on_mobile=0.0
vm_load_on_mobile=0.0
failed_tasks_due_to_vm_capacity_on_mobile=0

lan_delay=0.00320645157196412
man_delay=10.002343581419181
wan_delay=0.045199655610814925
gsm_delay=0.0
failed_tasks_due_to_lan=0
failed_tasks_due_to_man=0
failed_tasks_due_to_wan=0
failed_tasks_due_to_gsm=0

experiment_time=4698
cost_of_vm_utilization=0.015377276940656928

