total_tasks=87
total_completed_tasks=32
total_failed_tasks_total=54
total_uncompleted_tasks=1
failed_tasks_due_to_bw=0
total_service_time=255.4502047375926
total_processing_time=253.5632966105866
network_delay=1.8869081270060055
total_failed_tasks_due_to_vm_capacity=0
failed_tasks_due_to_mobility=0
rejected_tasks_due_to_wlan_range=0
error_tasks_due_to_ram_capacity=0
error_tasks_due_to_delay_limit=16
rejected_tasks_by_solver=38

completed_tasks_on_edge=2
failed_tasks_on_edge=0
uncompleted_tasks_on_edge=0
service_time_on_edge=341.6730288318554
processing_time_on_edge=331.65749428561764
vm_load_on_edge=13.071100917431192
failed_tasks_due_to_vm_capacity_on_edge=0

completed_tasks_on_cloud=30
failed_tasks_on_cloud=16
uncompleted_tasks_on_cloud=1
service_time_on_cloud=249.70201646464176
processing_time_on_cloud=248.35701676558452
vm_load_on_cloud=10.969266055045873
failed_tasks_due_to_vm_capacity_on_cloud=0

completed_tasks_on_mobile=0
failed_tasks_on_mobile=38
uncompleted_tasks_on_mobile=0
serivice_time_on_mobile=0.0
processing_time_on_mobile=0.0
vm_load_on_mobile=0.0
failed_tasks_due_to_vm_capacity_on_mobile=0

lan_delay=0.013190931997538687
man_delay=10.00234361424022
wan_delay=1.3449996990572222
gsm_delay=0.0
failed_tasks_due_to_lan=0
failed_tasks_due_to_man=0
failed_tasks_due_to_wan=0
failed_tasks_due_to_gsm=0

