total_tasks=34943
total_completed_tasks=30862
total_failed_tasks_total=4076
total_uncompleted_tasks=5
failed_tasks_due_to_bw=0
total_service_time=15.973294522410177
total_processing_time=15.261858883061569
network_delay=0.7114356393486294
total_failed_tasks_due_to_vm_capacity=0
failed_tasks_due_to_mobility=2
rejected_tasks_due_to_wlan_range=0
error_tasks_due_to_ram_capacity=0
error_tasks_due_to_delay_limit=1871
rejected_tasks_by_solver=2203

completed_tasks_on_edge=5053
failed_tasks_on_edge=1799
uncompleted_tasks_on_edge=5
service_time_on_edge=24.44147824227589
processing_time_on_edge=20.28367967278255
vm_load_on_edge=14.837155963302752
failed_tasks_due_to_vm_capacity_on_edge=0

completed_tasks_on_cloud=25809
failed_tasks_on_cloud=74
uncompleted_tasks_on_cloud=0
service_time_on_cloud=14.315356115789108
processing_time_on_cloud=14.278664631038614
vm_load_on_cloud=12.21788990825689
failed_tasks_due_to_vm_capacity_on_cloud=0

completed_tasks_on_mobile=0
failed_tasks_on_mobile=2203
uncompleted_tasks_on_mobile=0
serivice_time_on_mobile=0.0
processing_time_on_mobile=0.0
vm_load_on_mobile=0.0
failed_tasks_due_to_vm_capacity_on_mobile=0

lan_delay=0.0028570623087908207
man_delay=10.002343704527977
wan_delay=0.036691484750656964
gsm_delay=0.0
failed_tasks_due_to_lan=0
failed_tasks_due_to_man=0
failed_tasks_due_to_wan=0
failed_tasks_due_to_gsm=0

