total_tasks=9927
total_completed_tasks=9511
total_failed_tasks_total=416
total_uncompleted_tasks=0
failed_tasks_due_to_bw=0
total_service_time=9.76941258496179
total_processing_time=8.486876306376706
network_delay=1.282536278585055
total_failed_tasks_due_to_vm_capacity=0
failed_tasks_due_to_mobility=0
rejected_tasks_due_to_wlan_range=0
error_tasks_due_to_ram_capacity=0
error_tasks_due_to_delay_limit=412
rejected_tasks_by_solver=4

completed_tasks_on_edge=2413
failed_tasks_on_edge=412
uncompleted_tasks_on_edge=0
service_time_on_edge=24.37012058716918
processing_time_on_edge=19.4219826291937
vm_load_on_edge=5.222477064220183
failed_tasks_due_to_vm_capacity_on_edge=0

completed_tasks_on_cloud=7098
failed_tasks_on_cloud=0
uncompleted_tasks_on_cloud=0
service_time_on_cloud=4.805830109711552
processing_time_on_cloud=4.769433145351361
vm_load_on_cloud=1.488073394495413
failed_tasks_due_to_vm_capacity_on_cloud=0

completed_tasks_on_mobile=0
failed_tasks_on_mobile=4
uncompleted_tasks_on_mobile=0
serivice_time_on_mobile=0.0
processing_time_on_mobile=0.0
vm_load_on_mobile=0.0
failed_tasks_due_to_vm_capacity_on_mobile=0

lan_delay=0.0029263653489160217
man_delay=10.00234331350223
wan_delay=0.036396964360237816
gsm_delay=0.0
failed_tasks_due_to_lan=0
failed_tasks_due_to_man=0
failed_tasks_due_to_wan=0
failed_tasks_due_to_gsm=0

