total_tasks=36
total_completed_tasks=20
total_failed_tasks_total=15
total_uncompleted_tasks=1
failed_tasks_due_to_bw=0
total_service_time=295.93805786988634
total_processing_time=294.66283215421515
network_delay=1.2752257156711733
total_failed_tasks_due_to_vm_capacity=0
failed_tasks_due_to_mobility=0
rejected_tasks_due_to_wlan_range=0
error_tasks_due_to_ram_capacity=0
error_tasks_due_to_delay_limit=2
rejected_tasks_by_solver=13

completed_tasks_on_edge=2
failed_tasks_on_edge=0
uncompleted_tasks_on_edge=0
service_time_on_edge=308.84874021998485
processing_time_on_edge=303.80243786818494
vm_load_on_edge=6.360091743119266
failed_tasks_due_to_vm_capacity_on_edge=0

completed_tasks_on_cloud=18
failed_tasks_on_cloud=2
uncompleted_tasks_on_cloud=1
service_time_on_cloud=294.5035376087642
processing_time_on_cloud=293.64732040821855
vm_load_on_cloud=2.175229357798165
failed_tasks_due_to_vm_capacity_on_cloud=0

completed_tasks_on_mobile=0
failed_tasks_on_mobile=13
uncompleted_tasks_on_mobile=0
serivice_time_on_mobile=0.0
processing_time_on_mobile=0.0
vm_load_on_mobile=0.0
failed_tasks_due_to_vm_capacity_on_mobile=0

lan_delay=0.04513085803979941
man_delay=10.002342987520295
wan_delay=0.8562172005457538
gsm_delay=0.0
failed_tasks_due_to_lan=0
failed_tasks_due_to_man=0
failed_tasks_due_to_wan=0
failed_tasks_due_to_gsm=0

