total_tasks=76
total_completed_tasks=27
total_failed_tasks_total=46
total_uncompleted_tasks=3
failed_tasks_due_to_bw=0
total_service_time=248.6808790440309
total_processing_time=246.76171826524484
network_delay=1.9191607787860336
total_failed_tasks_due_to_vm_capacity=0
failed_tasks_due_to_mobility=0
rejected_tasks_due_to_wlan_range=0
error_tasks_due_to_ram_capacity=0
error_tasks_due_to_delay_limit=17
rejected_tasks_by_solver=29

completed_tasks_on_edge=3
failed_tasks_on_edge=0
uncompleted_tasks_on_edge=0
service_time_on_edge=301.04236962282783
processing_time_on_edge=294.2558512397039
vm_load_on_edge=13.277522935779816
failed_tasks_due_to_vm_capacity_on_edge=0

completed_tasks_on_cloud=24
failed_tasks_on_cloud=17
uncompleted_tasks_on_cloud=3
service_time_on_cloud=242.13569272168127
processing_time_on_cloud=240.82495164343746
vm_load_on_cloud=9.601376146788997
failed_tasks_due_to_vm_capacity_on_cloud=0

completed_tasks_on_mobile=0
failed_tasks_on_mobile=29
uncompleted_tasks_on_mobile=0
serivice_time_on_mobile=0.0
processing_time_on_mobile=0.0
vm_load_on_mobile=0.0
failed_tasks_due_to_vm_capacity_on_mobile=0

lan_delay=0.11828963929092388
man_delay=10.002343115749529
wan_delay=1.310741078243795
gsm_delay=0.0
failed_tasks_due_to_lan=0
failed_tasks_due_to_man=0
failed_tasks_due_to_wan=0
failed_tasks_due_to_gsm=0

