total_tasks=149
total_completed_tasks=100
total_failed_tasks_total=49
total_uncompleted_tasks=0
failed_tasks_due_to_bw=0
total_service_time=44.97514660521663
total_processing_time=43.60477540123202
network_delay=1.3703712039846083
total_failed_tasks_due_to_vm_capacity=0
failed_tasks_due_to_mobility=0
rejected_tasks_due_to_wlan_range=0
error_tasks_due_to_ram_capacity=0
error_tasks_due_to_delay_limit=39
rejected_tasks_by_solver=10

completed_tasks_on_edge=13
failed_tasks_on_edge=1
uncompleted_tasks_on_edge=0
service_time_on_edge=52.415070013500134
processing_time_on_edge=45.463079712258455
vm_load_on_edge=11.534403669724771
failed_tasks_due_to_vm_capacity_on_edge=0

completed_tasks_on_cloud=87
failed_tasks_on_cloud=38
uncompleted_tasks_on_cloud=0
service_time_on_cloud=43.863433912024846
processing_time_on_cloud=43.32709774556141
vm_load_on_cloud=7.908256880733947
failed_tasks_due_to_vm_capacity_on_cloud=0

completed_tasks_on_mobile=0
failed_tasks_on_mobile=10
uncompleted_tasks_on_mobile=0
serivice_time_on_mobile=0.0
processing_time_on_mobile=0.0
vm_load_on_mobile=0.0
failed_tasks_due_to_vm_capacity_on_mobile=0

lan_delay=0.027291032970131694
man_delay=10.002343387503348
wan_delay=0.5363361664634365
gsm_delay=0.0
failed_tasks_due_to_lan=0
failed_tasks_due_to_man=0
failed_tasks_due_to_wan=0
failed_tasks_due_to_gsm=0

