total_tasks=13
total_completed_tasks=9
total_failed_tasks_total=4
total_uncompleted_tasks=0
failed_tasks_due_to_bw=0
total_service_time=266.02143056931
total_processing_time=264.31555096802515
network_delay=1.70587960128479
total_failed_tasks_due_to_vm_capacity=0
failed_tasks_due_to_mobility=0
rejected_tasks_due_to_wlan_range=0
error_tasks_due_to_ram_capacity=0
error_tasks_due_to_delay_limit=0
rejected_tasks_by_solver=4

completed_tasks_on_edge=1
failed_tasks_on_edge=0
uncompleted_tasks_on_edge=0
service_time_on_edge=476.63802109542667
processing_time_on_edge=466.6286201530926
vm_load_on_edge=2.479357798165138
failed_tasks_due_to_vm_capacity_on_edge=0

completed_tasks_on_cloud=8
failed_tasks_on_cloud=0
uncompleted_tasks_on_cloud=0
service_time_on_cloud=239.69435675354538
processing_time_on_cloud=239.02641731989172
vm_load_on_cloud=0.3779816513761467
failed_tasks_due_to_vm_capacity_on_cloud=0

completed_tasks_on_mobile=0
failed_tasks_on_mobile=4
uncompleted_tasks_on_mobile=0
serivice_time_on_mobile=0.0
processing_time_on_mobile=0.0
vm_load_on_mobile=0.0
failed_tasks_due_to_vm_capacity_on_mobile=0

lan_delay=0.00705737578743172
man_delay=10.002343566546656
wan_delay=0.6679394336536276
gsm_delay=0.0
failed_tasks_due_to_lan=0
failed_tasks_due_to_man=0
failed_tasks_due_to_wan=0
failed_tasks_due_to_gsm=0

