total_tasks=18
total_completed_tasks=11
total_failed_tasks_total=7
total_uncompleted_tasks=0
failed_tasks_due_to_bw=0
total_service_time=217.48577093928955
total_processing_time=216.65921074053375
network_delay=0.8265601987558386
total_failed_tasks_due_to_vm_capacity=0
failed_tasks_due_to_mobility=0
rejected_tasks_due_to_wlan_range=0
error_tasks_due_to_ram_capacity=0
error_tasks_due_to_delay_limit=1
rejected_tasks_by_solver=6

completed_tasks_on_edge=0
failed_tasks_on_edge=0
uncompleted_tasks_on_edge=0
service_time_on_edge=0.0
processing_time_on_edge=0.0
vm_load_on_edge=3.1926605504587156
failed_tasks_due_to_vm_capacity_on_edge=0

completed_tasks_on_cloud=11
failed_tasks_on_cloud=1
uncompleted_tasks_on_cloud=0
service_time_on_cloud=217.48577093928955
processing_time_on_cloud=216.65921074053375
vm_load_on_cloud=0.8316513761467891
failed_tasks_due_to_vm_capacity_on_cloud=0

completed_tasks_on_mobile=0
failed_tasks_on_mobile=6
uncompleted_tasks_on_mobile=0
serivice_time_on_mobile=0.0
processing_time_on_mobile=0.0
vm_load_on_mobile=0.0
failed_tasks_due_to_vm_capacity_on_mobile=0

lan_delay=0.0
man_delay=0.0
wan_delay=0.8265601987558386
gsm_delay=0.0
failed_tasks_due_to_lan=0
failed_tasks_due_to_man=0
failed_tasks_due_to_wan=0
failed_tasks_due_to_gsm=0

