total_tasks=65
total_completed_tasks=26
total_failed_tasks_total=37
total_uncompleted_tasks=2
failed_tasks_due_to_bw=0
total_service_time=260.22188042278015
total_processing_time=257.86921037223306
network_delay=2.352670050547113
total_failed_tasks_due_to_vm_capacity=0
failed_tasks_due_to_mobility=0
rejected_tasks_due_to_wlan_range=0
error_tasks_due_to_ram_capacity=0
error_tasks_due_to_delay_limit=15
rejected_tasks_by_solver=22

completed_tasks_on_edge=4
failed_tasks_on_edge=1
uncompleted_tasks_on_edge=0
service_time_on_edge=322.01615565783607
processing_time_on_edge=311.90111420938337
vm_load_on_edge=11.534403669724771
failed_tasks_due_to_vm_capacity_on_edge=0

completed_tasks_on_cloud=22
failed_tasks_on_cloud=14
uncompleted_tasks_on_cloud=2
service_time_on_cloud=248.98655765277
processing_time_on_cloud=248.04522785638756
vm_load_on_cloud=7.908256880733947
failed_tasks_due_to_vm_capacity_on_cloud=0

completed_tasks_on_mobile=0
failed_tasks_on_mobile=22
uncompleted_tasks_on_mobile=0
serivice_time_on_mobile=0.0
processing_time_on_mobile=0.0
vm_load_on_mobile=0.0
failed_tasks_due_to_vm_capacity_on_mobile=0

lan_delay=0.11269796241271754
man_delay=10.002343486039962
wan_delay=0.9413297963824651
gsm_delay=0.0
failed_tasks_due_to_lan=0
failed_tasks_due_to_man=0
failed_tasks_due_to_wan=0
failed_tasks_due_to_gsm=0

