total_tasks=32478
total_completed_tasks=29380
total_failed_tasks_total=3080
total_uncompleted_tasks=18
failed_tasks_due_to_bw=0
total_service_time=19.34823316507046
total_processing_time=18.544782736494685
network_delay=0.8034504285757783
total_failed_tasks_due_to_vm_capacity=0
failed_tasks_due_to_mobility=3
rejected_tasks_due_to_wlan_range=0
error_tasks_due_to_ram_capacity=0
error_tasks_due_to_delay_limit=1837
rejected_tasks_by_solver=1240

completed_tasks_on_edge=4970
failed_tasks_on_edge=1625
uncompleted_tasks_on_edge=1
service_time_on_edge=28.39726799454096
processing_time_on_edge=23.861867115998347
vm_load_on_edge=13.071100917431192
failed_tasks_due_to_vm_capacity_on_edge=0

completed_tasks_on_cloud=24410
failed_tasks_on_cloud=215
uncompleted_tasks_on_cloud=17
service_time_on_cloud=17.505803705731307
processing_time_on_cloud=17.46219734664906
vm_load_on_cloud=10.969266055045873
failed_tasks_due_to_vm_capacity_on_cloud=0

completed_tasks_on_mobile=0
failed_tasks_on_mobile=1240
uncompleted_tasks_on_mobile=0
serivice_time_on_mobile=0.0
processing_time_on_mobile=0.0
vm_load_on_mobile=0.0
failed_tasks_due_to_vm_capacity_on_mobile=0

lan_delay=0.0031517622215636414
man_delay=10.002343742502992
wan_delay=0.04360635908240305
gsm_delay=0.0
failed_tasks_due_to_lan=0
failed_tasks_due_to_man=0
failed_tasks_due_to_wan=0
failed_tasks_due_to_gsm=0

experiment_time=5950
cost_of_vm_utilization=0.017892005468678543

