total_tasks=6582
total_completed_tasks=6416
total_failed_tasks_total=165
total_uncompleted_tasks=1
failed_tasks_due_to_bw=0
total_service_time=8.77000812443358
total_processing_time=7.548551946206385
network_delay=1.2214561782273292
total_failed_tasks_due_to_vm_capacity=0
failed_tasks_due_to_mobility=0
rejected_tasks_due_to_wlan_range=0
error_tasks_due_to_ram_capacity=0
error_tasks_due_to_delay_limit=164
rejected_tasks_by_solver=1

completed_tasks_on_edge=1590
failed_tasks_on_edge=164
uncompleted_tasks_on_edge=0
service_time_on_edge=24.097059975639088
processing_time_on_edge=19.27558873138719
vm_load_on_edge=3.1926605504587156
failed_tasks_due_to_vm_capacity_on_edge=0

completed_tasks_on_cloud=4826
failed_tasks_on_cloud=0
uncompleted_tasks_on_cloud=1
service_time_on_cloud=3.7202749202444125
processing_time_on_cloud=3.684899130533678
vm_load_on_cloud=0.8316513761467891
failed_tasks_due_to_vm_capacity_on_cloud=0

completed_tasks_on_mobile=0
failed_tasks_on_mobile=1
uncompleted_tasks_on_mobile=0
serivice_time_on_mobile=0.0
processing_time_on_mobile=0.0
vm_load_on_mobile=0.0
failed_tasks_due_to_vm_capacity_on_mobile=0

lan_delay=0.0027323393022831172
man_delay=10.002343157793852
wan_delay=0.03537578971101146
gsm_delay=0.0
failed_tasks_due_to_lan=0
failed_tasks_due_to_man=0
failed_tasks_due_to_wan=0
failed_tasks_due_to_gsm=0

