total_tasks=31828
total_completed_tasks=28987
total_failed_tasks_total=2840
total_uncompleted_tasks=1
failed_tasks_due_to_bw=0
total_service_time=15.592375830349006
total_processing_time=14.799577743850968
network_delay=0.7927980864980448
total_failed_tasks_due_to_vm_capacity=0
failed_tasks_due_to_mobility=2
rejected_tasks_due_to_wlan_range=0
error_tasks_due_to_ram_capacity=0
error_tasks_due_to_delay_limit=1691
rejected_tasks_by_solver=1147

completed_tasks_on_edge=4910
failed_tasks_on_edge=1622
uncompleted_tasks_on_edge=1
service_time_on_edge=24.578200493970236
processing_time_on_edge=20.079374313708612
vm_load_on_edge=13.071100917431192
failed_tasks_due_to_vm_capacity_on_edge=0

completed_tasks_on_cloud=24077
failed_tasks_on_cloud=71
uncompleted_tasks_on_cloud=0
service_time_on_cloud=13.759905045019414
processing_time_on_cloud=13.722873787461069
vm_load_on_cloud=10.969266055045873
failed_tasks_due_to_vm_capacity_on_cloud=0

completed_tasks_on_mobile=0
failed_tasks_on_mobile=1147
uncompleted_tasks_on_mobile=0
serivice_time_on_mobile=0.0
processing_time_on_mobile=0.0
vm_load_on_mobile=0.0
failed_tasks_due_to_vm_capacity_on_mobile=0

lan_delay=0.002864340709679436
man_delay=10.002343739103388
wan_delay=0.03703125755850488
gsm_delay=0.0
failed_tasks_due_to_lan=0
failed_tasks_due_to_man=0
failed_tasks_due_to_wan=0
failed_tasks_due_to_gsm=0

