total_tasks=12973
total_completed_tasks=12400
total_failed_tasks_total=569
total_uncompleted_tasks=4
failed_tasks_due_to_bw=0
total_service_time=14.136789843001214
total_processing_time=13.020535975249397
network_delay=1.116253867751685
total_failed_tasks_due_to_vm_capacity=0
failed_tasks_due_to_mobility=1
rejected_tasks_due_to_wlan_range=0
error_tasks_due_to_ram_capacity=0
error_tasks_due_to_delay_limit=543
rejected_tasks_by_solver=25

completed_tasks_on_edge=2905
failed_tasks_on_edge=531
uncompleted_tasks_on_edge=1
service_time_on_edge=27.27381970725632
processing_time_on_edge=22.656824023724965
vm_load_on_edge=6.360091743119266
failed_tasks_due_to_vm_capacity_on_edge=0

completed_tasks_on_cloud=9495
failed_tasks_on_cloud=13
uncompleted_tasks_on_cloud=3
service_time_on_cloud=10.117508984058444
processing_time_on_cloud=10.072308826137013
vm_load_on_cloud=2.175229357798165
failed_tasks_due_to_vm_capacity_on_cloud=0

completed_tasks_on_mobile=0
failed_tasks_on_mobile=25
uncompleted_tasks_on_mobile=0
serivice_time_on_mobile=0.0
processing_time_on_mobile=0.0
vm_load_on_mobile=0.0
failed_tasks_due_to_vm_capacity_on_mobile=0

lan_delay=0.0031780953464310606
man_delay=10.002343353490879
wan_delay=0.04520015792147216
gsm_delay=0.0
failed_tasks_due_to_lan=0
failed_tasks_due_to_man=0
failed_tasks_due_to_wan=0
failed_tasks_due_to_gsm=0

experiment_time=3410
cost_of_vm_utilization=0.012043542825044714

