total_tasks=57
total_completed_tasks=25
total_failed_tasks_total=30
total_uncompleted_tasks=2
failed_tasks_due_to_bw=0
total_service_time=277.1146205097193
total_processing_time=275.7730789612158
network_delay=1.3415415485035251
total_failed_tasks_due_to_vm_capacity=0
failed_tasks_due_to_mobility=0
rejected_tasks_due_to_wlan_range=0
error_tasks_due_to_ram_capacity=0
error_tasks_due_to_delay_limit=13
rejected_tasks_by_solver=17

completed_tasks_on_edge=1
failed_tasks_on_edge=1
uncompleted_tasks_on_edge=0
service_time_on_edge=241.80982142297808
processing_time_on_edge=231.55089571473724
vm_load_on_edge=11.26834862385321
failed_tasks_due_to_vm_capacity_on_edge=0

completed_tasks_on_cloud=24
failed_tasks_on_cloud=12
uncompleted_tasks_on_cloud=2
service_time_on_cloud=278.5856538050002
processing_time_on_cloud=277.6156699298191
vm_load_on_cloud=6.323853211009175
failed_tasks_due_to_vm_capacity_on_cloud=0

completed_tasks_on_mobile=0
failed_tasks_on_mobile=17
uncompleted_tasks_on_mobile=0
serivice_time_on_mobile=0.0
processing_time_on_mobile=0.0
vm_load_on_mobile=0.0
failed_tasks_due_to_vm_capacity_on_mobile=0

lan_delay=0.25658288197553764
man_delay=10.002342826265314
wan_delay=0.9699838751811362
gsm_delay=0.0
failed_tasks_due_to_lan=0
failed_tasks_due_to_man=0
failed_tasks_due_to_wan=0
failed_tasks_due_to_gsm=0

