total_tasks=35669
total_completed_tasks=31285
total_failed_tasks_total=4357
total_uncompleted_tasks=27
failed_tasks_due_to_bw=0
total_service_time=19.652604008536063
total_processing_time=18.929864851477188
network_delay=0.7227391570588925
total_failed_tasks_due_to_vm_capacity=0
failed_tasks_due_to_mobility=2
rejected_tasks_due_to_wlan_range=0
error_tasks_due_to_ram_capacity=0
error_tasks_due_to_delay_limit=2037
rejected_tasks_by_solver=2318

completed_tasks_on_edge=5123
failed_tasks_on_edge=1801
uncompleted_tasks_on_edge=6
service_time_on_edge=29.601617726384244
processing_time_on_edge=25.406426628077174
vm_load_on_edge=14.837155963302752
failed_tasks_due_to_vm_capacity_on_edge=0

completed_tasks_on_cloud=26162
failed_tasks_on_cloud=238
uncompleted_tasks_on_cloud=21
service_time_on_cloud=17.70440443371235
processing_time_on_cloud=17.6616351296852
vm_load_on_cloud=12.21788990825689
failed_tasks_due_to_vm_capacity_on_cloud=0

completed_tasks_on_mobile=0
failed_tasks_on_mobile=2318
uncompleted_tasks_on_mobile=0
serivice_time_on_mobile=0.0
processing_time_on_mobile=0.0
vm_load_on_mobile=0.0
failed_tasks_due_to_vm_capacity_on_mobile=0

lan_delay=0.0033051070725675087
man_delay=10.002343704282751
wan_delay=0.04276930402730931
gsm_delay=0.0
failed_tasks_due_to_lan=0
failed_tasks_due_to_man=0
failed_tasks_due_to_wan=0
failed_tasks_due_to_gsm=0

experiment_time=6211
cost_of_vm_utilization=0.019094994060076146

