total_tasks=232
total_completed_tasks=126
total_failed_tasks_total=105
total_uncompleted_tasks=1
failed_tasks_due_to_bw=0
total_service_time=49.44784096279963
total_processing_time=48.2245673052391
network_delay=1.2232736575605174
total_failed_tasks_due_to_vm_capacity=0
failed_tasks_due_to_mobility=0
rejected_tasks_due_to_wlan_range=0
error_tasks_due_to_ram_capacity=0
error_tasks_due_to_delay_limit=70
rejected_tasks_by_solver=35

completed_tasks_on_edge=14
failed_tasks_on_edge=0
uncompleted_tasks_on_edge=0
service_time_on_edge=47.24860427791605
processing_time_on_edge=40.08959651310204
vm_load_on_edge=14.837155963302752
failed_tasks_due_to_vm_capacity_on_edge=0

completed_tasks_on_cloud=112
failed_tasks_on_cloud=70
uncompleted_tasks_on_cloud=1
service_time_on_cloud=49.72274554841009
processing_time_on_cloud=49.241438654256235
vm_load_on_cloud=12.21788990825689
failed_tasks_due_to_vm_capacity_on_cloud=0

completed_tasks_on_mobile=0
failed_tasks_on_mobile=35
uncompleted_tasks_on_mobile=0
serivice_time_on_mobile=0.0
processing_time_on_mobile=0.0
vm_load_on_mobile=0.0
failed_tasks_due_to_vm_capacity_on_mobile=0

lan_delay=0.014476363363830886
man_delay=10.002343962030256
wan_delay=0.4813068941538297
gsm_delay=0.0
failed_tasks_due_to_lan=0
failed_tasks_due_to_man=0
failed_tasks_due_to_wan=0
failed_tasks_due_to_gsm=0

