total_tasks=135
total_completed_tasks=100
total_failed_tasks_total=35
total_uncompleted_tasks=0
failed_tasks_due_to_bw=0
total_service_time=47.29414346934666
total_processing_time=45.84283490644202
network_delay=1.451308562904643
total_failed_tasks_due_to_vm_capacity=0
failed_tasks_due_to_mobility=0
rejected_tasks_due_to_wlan_range=0
error_tasks_due_to_ram_capacity=0
error_tasks_due_to_delay_limit=28
rejected_tasks_by_solver=7

completed_tasks_on_edge=13
failed_tasks_on_edge=2
uncompleted_tasks_on_edge=0
service_time_on_edge=53.921151084405594
processing_time_on_edge=46.196966222691
vm_load_on_edge=11.26834862385321
failed_tasks_due_to_vm_capacity_on_edge=0

completed_tasks_on_cloud=87
failed_tasks_on_cloud=26
uncompleted_tasks_on_cloud=0
service_time_on_cloud=46.30390095215394
processing_time_on_cloud=45.78991873274964
vm_load_on_cloud=6.323853211009175
failed_tasks_due_to_vm_capacity_on_cloud=0

completed_tasks_on_mobile=0
failed_tasks_on_mobile=7
uncompleted_tasks_on_mobile=0
serivice_time_on_mobile=0.0
processing_time_on_mobile=0.0
vm_load_on_mobile=0.0
failed_tasks_due_to_vm_capacity_on_mobile=0

lan_delay=0.030074505310132584
man_delay=10.002343463325785
wan_delay=0.5139822194043067
gsm_delay=0.0
failed_tasks_due_to_lan=0
failed_tasks_due_to_man=0
failed_tasks_due_to_wan=0
failed_tasks_due_to_gsm=0

