total_tasks=135
total_completed_tasks=124
total_failed_tasks_total=9
total_uncompleted_tasks=2
failed_tasks_due_to_bw=0
total_service_time=266.63626904682974
total_processing_time=265.2521692017849
network_delay=1.3840998450451067
total_failed_tasks_due_to_vm_capacity=0
failed_tasks_due_to_mobility=0
rejected_tasks_due_to_wlan_range=0
error_tasks_due_to_ram_capacity=0
error_tasks_due_to_delay_limit=6
rejected_tasks_by_solver=3

completed_tasks_on_edge=23
failed_tasks_on_edge=1
uncompleted_tasks_on_edge=0
service_time_on_edge=373.72418220126946
processing_time_on_edge=368.05389282591875
vm_load_on_edge=6.360091743119266
failed_tasks_due_to_vm_capacity_on_edge=0

completed_tasks_on_cloud=101
failed_tasks_on_cloud=5
uncompleted_tasks_on_cloud=2
service_time_on_cloud=242.24991258591794
processing_time_on_cloud=241.8418757032197
vm_load_on_cloud=2.175229357798165
failed_tasks_due_to_vm_capacity_on_cloud=0

completed_tasks_on_mobile=0
failed_tasks_on_mobile=3
uncompleted_tasks_on_mobile=0
serivice_time_on_mobile=0.0
processing_time_on_mobile=0.0
vm_load_on_mobile=0.0
failed_tasks_due_to_vm_capacity_on_mobile=0

lan_delay=0.01679104358440705
man_delay=10.0023432023555
wan_delay=0.4080368826983202
gsm_delay=0.0
failed_tasks_due_to_lan=0
failed_tasks_due_to_man=0
failed_tasks_due_to_wan=0
failed_tasks_due_to_gsm=0

