total_tasks=16701
total_completed_tasks=15781
total_failed_tasks_total=917
total_uncompleted_tasks=3
failed_tasks_due_to_bw=0
total_service_time=15.10114642989548
total_processing_time=14.030517711517902
network_delay=1.0706287183773753
total_failed_tasks_due_to_vm_capacity=0
failed_tasks_due_to_mobility=0
rejected_tasks_due_to_wlan_range=0
error_tasks_due_to_ram_capacity=0
error_tasks_due_to_delay_limit=886
rejected_tasks_by_solver=31

completed_tasks_on_edge=3540
failed_tasks_on_edge=832
uncompleted_tasks_on_edge=3
service_time_on_edge=27.11715415056483
processing_time_on_edge=22.497057622586
vm_load_on_edge=8.81651376146789
failed_tasks_due_to_vm_capacity_on_edge=0

completed_tasks_on_cloud=12241
failed_tasks_on_cloud=54
uncompleted_tasks_on_cloud=0
service_time_on_cloud=11.626212410520365
processing_time_on_cloud=11.582061598031979
vm_load_on_cloud=3.131192660550459
failed_tasks_due_to_vm_capacity_on_cloud=0

completed_tasks_on_mobile=0
failed_tasks_on_mobile=31
uncompleted_tasks_on_mobile=0
serivice_time_on_mobile=0.0
processing_time_on_mobile=0.0
vm_load_on_mobile=0.0
failed_tasks_due_to_vm_capacity_on_mobile=0

lan_delay=0.003195588353828136
man_delay=10.002343528930863
wan_delay=0.044150812488499946
gsm_delay=0.0
failed_tasks_due_to_lan=0
failed_tasks_due_to_man=0
failed_tasks_due_to_wan=0
failed_tasks_due_to_gsm=0

experiment_time=4180
cost_of_vm_utilization=0.01372861725794831

