total_tasks=196
total_completed_tasks=106
total_failed_tasks_total=90
total_uncompleted_tasks=0
failed_tasks_due_to_bw=0
total_service_time=47.811950165158954
total_processing_time=45.86594608180176
network_delay=1.9460040833572116
total_failed_tasks_due_to_vm_capacity=0
failed_tasks_due_to_mobility=0
rejected_tasks_due_to_wlan_range=0
error_tasks_due_to_ram_capacity=0
error_tasks_due_to_delay_limit=63
rejected_tasks_by_solver=27

completed_tasks_on_edge=21
failed_tasks_on_edge=1
uncompleted_tasks_on_edge=0
service_time_on_edge=53.71752990211997
processing_time_on_edge=46.07769008433752
vm_load_on_edge=13.071100917431192
failed_tasks_due_to_vm_capacity_on_edge=0

completed_tasks_on_cloud=85
failed_tasks_on_cloud=62
uncompleted_tasks_on_cloud=0
service_time_on_cloud=46.352924583086235
processing_time_on_cloud=45.81363285764586
vm_load_on_cloud=10.969266055045873
failed_tasks_due_to_vm_capacity_on_cloud=0

completed_tasks_on_mobile=0
failed_tasks_on_mobile=27
uncompleted_tasks_on_mobile=0
serivice_time_on_mobile=0.0
processing_time_on_mobile=0.0
vm_load_on_mobile=0.0
failed_tasks_due_to_vm_capacity_on_mobile=0

lan_delay=0.019006389643443377
man_delay=10.002343874432437
wan_delay=0.5392917254403888
gsm_delay=0.0
failed_tasks_due_to_lan=0
failed_tasks_due_to_man=0
failed_tasks_due_to_wan=0
failed_tasks_due_to_gsm=0

