total_tasks=66
total_completed_tasks=60
total_failed_tasks_total=6
total_uncompleted_tasks=0
failed_tasks_due_to_bw=0
total_service_time=34.01255544808978
total_processing_time=31.718187095284065
network_delay=2.294368352805705
total_failed_tasks_due_to_vm_capacity=0
failed_tasks_due_to_mobility=0
rejected_tasks_due_to_wlan_range=0
error_tasks_due_to_ram_capacity=0
error_tasks_due_to_delay_limit=4
rejected_tasks_by_solver=2

completed_tasks_on_edge=12
failed_tasks_on_edge=0
uncompleted_tasks_on_edge=0
service_time_on_edge=48.69681168274252
processing_time_on_edge=39.50312256608111
vm_load_on_edge=5.222477064220183
failed_tasks_due_to_vm_capacity_on_edge=0

completed_tasks_on_cloud=48
failed_tasks_on_cloud=4
uncompleted_tasks_on_cloud=0
service_time_on_cloud=30.341491389426594
processing_time_on_cloud=29.771953227584813
vm_load_on_cloud=1.488073394495413
failed_tasks_due_to_vm_capacity_on_cloud=0

completed_tasks_on_mobile=0
failed_tasks_on_mobile=2
uncompleted_tasks_on_mobile=0
serivice_time_on_mobile=0.0
processing_time_on_mobile=0.0
vm_load_on_mobile=0.0
failed_tasks_due_to_vm_capacity_on_mobile=0

lan_delay=0.024874722443056347
man_delay=10.002342975510931
wan_delay=0.569538161841778
gsm_delay=0.0
failed_tasks_due_to_lan=0
failed_tasks_due_to_man=0
failed_tasks_due_to_wan=0
failed_tasks_due_to_gsm=0

