total_tasks=103
total_completed_tasks=97
total_failed_tasks_total=5
total_uncompleted_tasks=1
failed_tasks_due_to_bw=0
total_service_time=255.3538469521395
total_processing_time=253.58279491822287
network_delay=1.771052033916565
total_failed_tasks_due_to_vm_capacity=0
failed_tasks_due_to_mobility=0
rejected_tasks_due_to_wlan_range=0
error_tasks_due_to_ram_capacity=0
error_tasks_due_to_delay_limit=2
rejected_tasks_by_solver=3

completed_tasks_on_edge=20
failed_tasks_on_edge=0
uncompleted_tasks_on_edge=0
service_time_on_edge=379.79294248675535
processing_time_on_edge=372.760654542727
vm_load_on_edge=5.222477064220183
failed_tasks_due_to_vm_capacity_on_edge=0

completed_tasks_on_cloud=77
failed_tasks_on_cloud=2
uncompleted_tasks_on_cloud=1
service_time_on_cloud=223.03200395613536
processing_time_on_cloud=222.62750670406595
vm_load_on_cloud=1.488073394495413
failed_tasks_due_to_vm_capacity_on_cloud=0

completed_tasks_on_mobile=0
failed_tasks_on_mobile=3
uncompleted_tasks_on_mobile=0
serivice_time_on_mobile=0.0
processing_time_on_mobile=0.0
vm_load_on_mobile=0.0
failed_tasks_due_to_vm_capacity_on_mobile=0

lan_delay=0.030647862668906217
man_delay=10.002342973370542
wan_delay=0.4044972520693648
gsm_delay=0.0
failed_tasks_due_to_lan=0
failed_tasks_due_to_man=0
failed_tasks_due_to_wan=0
failed_tasks_due_to_gsm=0

