total_tasks=20298
total_completed_tasks=19041
total_failed_tasks_total=1254
total_uncompleted_tasks=3
failed_tasks_due_to_bw=0
total_service_time=12.766738055547062
total_processing_time=11.837066982773324
network_delay=0.9296710727736222
total_failed_tasks_due_to_vm_capacity=0
failed_tasks_due_to_mobility=0
rejected_tasks_due_to_wlan_range=0
error_tasks_due_to_ram_capacity=0
error_tasks_due_to_delay_limit=1234
rejected_tasks_by_solver=20

completed_tasks_on_edge=4026
failed_tasks_on_edge=1202
uncompleted_tasks_on_edge=3
service_time_on_edge=24.25150458926034
processing_time_on_edge=19.992715027028822
vm_load_on_edge=9.238532110091743
failed_tasks_due_to_vm_capacity_on_edge=0

completed_tasks_on_cloud=15015
failed_tasks_on_cloud=32
uncompleted_tasks_on_cloud=0
service_time_on_cloud=9.687306149804158
processing_time_on_cloud=9.650277836841122
vm_load_on_cloud=4.994036697247709
failed_tasks_due_to_vm_capacity_on_cloud=0

completed_tasks_on_mobile=0
failed_tasks_on_mobile=20
uncompleted_tasks_on_mobile=0
serivice_time_on_mobile=0.0
processing_time_on_mobile=0.0
vm_load_on_mobile=0.0
failed_tasks_due_to_vm_capacity_on_mobile=0

lan_delay=0.002948885882858677
man_delay=10.002343586095021
wan_delay=0.037028312963140186
gsm_delay=0.0
failed_tasks_due_to_lan=0
failed_tasks_due_to_man=0
failed_tasks_due_to_wan=0
failed_tasks_due_to_gsm=0

