total_tasks=426
total_completed_tasks=274
total_failed_tasks_total=132
total_uncompleted_tasks=20
failed_tasks_due_to_bw=0
total_service_time=403.7971804838645
total_processing_time=402.2067371889396
network_delay=1.5904432949247707
total_failed_tasks_due_to_vm_capacity=0
failed_tasks_due_to_mobility=0
rejected_tasks_due_to_wlan_range=0
error_tasks_due_to_ram_capacity=0
error_tasks_due_to_delay_limit=93
rejected_tasks_by_solver=39

completed_tasks_on_edge=44
failed_tasks_on_edge=3
uncompleted_tasks_on_edge=2
service_time_on_edge=427.552276494278
processing_time_on_edge=419.7931083067295
vm_load_on_edge=15.055045871559633
failed_tasks_due_to_vm_capacity_on_edge=0

completed_tasks_on_cloud=230
failed_tasks_on_cloud=90
uncompleted_tasks_on_cloud=18
service_time_on_cloud=399.25272733404626
processing_time_on_cloud=398.84238793162325
vm_load_on_cloud=12.797706422018353
failed_tasks_due_to_vm_capacity_on_cloud=0

completed_tasks_on_mobile=0
failed_tasks_on_mobile=39
uncompleted_tasks_on_mobile=0
serivice_time_on_mobile=0.0
processing_time_on_mobile=0.0
vm_load_on_mobile=0.0
failed_tasks_due_to_vm_capacity_on_mobile=0

lan_delay=0.03008429939869863
man_delay=10.002343855252628
wan_delay=0.41033940242284866
gsm_delay=0.0
failed_tasks_due_to_lan=0
failed_tasks_due_to_man=0
failed_tasks_due_to_wan=0
failed_tasks_due_to_gsm=0

