total_tasks=10127
total_completed_tasks=9687
total_failed_tasks_total=439
total_uncompleted_tasks=1
failed_tasks_due_to_bw=0
total_service_time=12.928780588506372
total_processing_time=11.633003534974966
network_delay=1.295777053531378
total_failed_tasks_due_to_vm_capacity=0
failed_tasks_due_to_mobility=0
rejected_tasks_due_to_wlan_range=0
error_tasks_due_to_ram_capacity=0
error_tasks_due_to_delay_limit=420
rejected_tasks_by_solver=19

completed_tasks_on_edge=2448
failed_tasks_on_edge=412
uncompleted_tasks_on_edge=0
service_time_on_edge=27.814970673377783
processing_time_on_edge=22.822758424717712
vm_load_on_edge=5.222477064220183
failed_tasks_due_to_vm_capacity_on_edge=0

completed_tasks_on_cloud=7239
failed_tasks_on_cloud=8
uncompleted_tasks_on_cloud=1
service_time_on_cloud=7.894743659681263
processing_time_on_cloud=7.8489836468563405
vm_load_on_cloud=1.488073394495413
failed_tasks_due_to_vm_capacity_on_cloud=0

completed_tasks_on_mobile=0
failed_tasks_on_mobile=19
uncompleted_tasks_on_mobile=0
serivice_time_on_mobile=0.0
processing_time_on_mobile=0.0
vm_load_on_mobile=0.0
failed_tasks_due_to_vm_capacity_on_mobile=0

lan_delay=0.003298369440987713
man_delay=10.002343305756419
wan_delay=0.04576001282496751
gsm_delay=0.0
failed_tasks_due_to_lan=0
failed_tasks_due_to_man=0
failed_tasks_due_to_wan=0
failed_tasks_due_to_gsm=0

experiment_time=2656
cost_of_vm_utilization=0.010602106129995303

