total_tasks=36621
total_completed_tasks=31821
total_failed_tasks_total=4799
total_uncompleted_tasks=1
failed_tasks_due_to_bw=0
total_service_time=16.333643951463827
total_processing_time=15.624058103427837
network_delay=0.7095858480360413
total_failed_tasks_due_to_vm_capacity=0
failed_tasks_due_to_mobility=2
rejected_tasks_due_to_wlan_range=0
error_tasks_due_to_ram_capacity=0
error_tasks_due_to_delay_limit=1981
rejected_tasks_by_solver=2816

completed_tasks_on_edge=5191
failed_tasks_on_edge=1893
uncompleted_tasks_on_edge=1
service_time_on_edge=24.65910356887169
processing_time_on_edge=20.500013078659844
vm_load_on_edge=15.055045871559633
failed_tasks_due_to_vm_capacity_on_edge=0

completed_tasks_on_cloud=26630
failed_tasks_on_cloud=90
uncompleted_tasks_on_cloud=0
service_time_on_cloud=14.71075770009461
processing_time_on_cloud=14.673585618394808
vm_load_on_cloud=12.797706422018353
failed_tasks_due_to_vm_capacity_on_cloud=0

completed_tasks_on_mobile=0
failed_tasks_on_mobile=2816
uncompleted_tasks_on_mobile=0
serivice_time_on_mobile=0.0
processing_time_on_mobile=0.0
vm_load_on_mobile=0.0
failed_tasks_due_to_vm_capacity_on_mobile=0

lan_delay=0.0028478741823935614
man_delay=10.002343727311068
wan_delay=0.03717208169985142
gsm_delay=0.0
failed_tasks_due_to_lan=0
failed_tasks_due_to_man=0
failed_tasks_due_to_wan=0
failed_tasks_due_to_gsm=0

