total_tasks=111
total_completed_tasks=90
total_failed_tasks_total=21
total_uncompleted_tasks=0
failed_tasks_due_to_bw=0
total_service_time=38.01829050053665
total_processing_time=36.22710804970506
network_delay=1.79118245083159
total_failed_tasks_due_to_vm_capacity=0
failed_tasks_due_to_mobility=0
rejected_tasks_due_to_wlan_range=0
error_tasks_due_to_ram_capacity=0
error_tasks_due_to_delay_limit=17
rejected_tasks_by_solver=4

completed_tasks_on_edge=14
failed_tasks_on_edge=1
uncompleted_tasks_on_edge=0
service_time_on_edge=44.477214234075845
processing_time_on_edge=35.87866339626073
vm_load_on_edge=8.81651376146789
failed_tasks_due_to_vm_capacity_on_edge=0

completed_tasks_on_cloud=76
failed_tasks_on_cloud=16
uncompleted_tasks_on_cloud=0
service_time_on_cloud=36.828488760147856
processing_time_on_cloud=36.29129522270796
vm_load_on_cloud=3.131192660550459
failed_tasks_due_to_vm_capacity_on_cloud=0

completed_tasks_on_mobile=0
failed_tasks_on_mobile=4
uncompleted_tasks_on_mobile=0
serivice_time_on_mobile=0.0
processing_time_on_mobile=0.0
vm_load_on_mobile=0.0
failed_tasks_due_to_vm_capacity_on_mobile=0

lan_delay=0.0251138489149435
man_delay=10.002343153716858
wan_delay=0.5371935374398894
gsm_delay=0.0
failed_tasks_due_to_lan=0
failed_tasks_due_to_man=0
failed_tasks_due_to_wan=0
failed_tasks_due_to_gsm=0

