total_tasks=97
total_completed_tasks=29
total_failed_tasks_total=67
total_uncompleted_tasks=1
failed_tasks_due_to_bw=0
total_service_time=311.8602342048621
total_processing_time=309.69634907832045
network_delay=2.1638851265415497
total_failed_tasks_due_to_vm_capacity=0
failed_tasks_due_to_mobility=0
rejected_tasks_due_to_wlan_range=0
error_tasks_due_to_ram_capacity=0
error_tasks_due_to_delay_limit=14
rejected_tasks_by_solver=53

completed_tasks_on_edge=6
failed_tasks_on_edge=0
uncompleted_tasks_on_edge=0
service_time_on_edge=299.19620900504424
processing_time_on_edge=292.3914448180323
vm_load_on_edge=15.055045871559633
failed_tasks_due_to_vm_capacity_on_edge=0

completed_tasks_on_cloud=23
failed_tasks_on_cloud=14
uncompleted_tasks_on_cloud=1
service_time_on_cloud=315.1638929526406
processing_time_on_cloud=314.21067192883044
vm_load_on_cloud=12.797706422018353
failed_tasks_due_to_vm_capacity_on_cloud=0

completed_tasks_on_mobile=0
failed_tasks_on_mobile=53
uncompleted_tasks_on_mobile=0
serivice_time_on_mobile=0.0
processing_time_on_mobile=0.0
vm_load_on_mobile=0.0
failed_tasks_due_to_vm_capacity_on_mobile=0

lan_delay=0.13653514245900616
man_delay=10.002343566829353
wan_delay=0.9532210238101521
gsm_delay=0.0
failed_tasks_due_to_lan=0
failed_tasks_due_to_man=0
failed_tasks_due_to_wan=0
failed_tasks_due_to_gsm=0

