total_tasks=215
total_completed_tasks=186
total_failed_tasks_total=22
total_uncompleted_tasks=7
failed_tasks_due_to_bw=0
total_service_time=321.86350762331386
total_processing_time=320.2519629222226
network_delay=1.6115447010911166
total_failed_tasks_due_to_vm_capacity=0
failed_tasks_due_to_mobility=0
rejected_tasks_due_to_wlan_range=0
error_tasks_due_to_ram_capacity=0
error_tasks_due_to_delay_limit=18
rejected_tasks_by_solver=4

completed_tasks_on_edge=28
failed_tasks_on_edge=0
uncompleted_tasks_on_edge=0
service_time_on_edge=408.3519401220392
processing_time_on_edge=399.75429220317204
vm_load_on_edge=9.238532110091743
failed_tasks_due_to_vm_capacity_on_edge=0

completed_tasks_on_cloud=158
failed_tasks_on_cloud=18
uncompleted_tasks_on_cloud=7
service_time_on_cloud=306.53644363619804
processing_time_on_cloud=306.16294254332024
vm_load_on_cloud=4.994036697247709
failed_tasks_due_to_vm_capacity_on_cloud=0

completed_tasks_on_mobile=0
failed_tasks_on_mobile=4
uncompleted_tasks_on_mobile=0
serivice_time_on_mobile=0.0
processing_time_on_mobile=0.0
vm_load_on_mobile=0.0
failed_tasks_due_to_vm_capacity_on_mobile=0

lan_delay=0.02421075563795835
man_delay=10.00234335710072
wan_delay=0.37350109287764277
gsm_delay=0.0
failed_tasks_due_to_lan=0
failed_tasks_due_to_man=0
failed_tasks_due_to_wan=0
failed_tasks_due_to_gsm=0

