total_tasks=401
total_completed_tasks=263
total_failed_tasks_total=117
total_uncompleted_tasks=21
failed_tasks_due_to_bw=0
total_service_time=404.39885598160635
total_processing_time=402.72958934850243
network_delay=1.6692666331036132
total_failed_tasks_due_to_vm_capacity=0
failed_tasks_due_to_mobility=0
rejected_tasks_due_to_wlan_range=0
error_tasks_due_to_ram_capacity=0
error_tasks_due_to_delay_limit=83
rejected_tasks_by_solver=34

completed_tasks_on_edge=52
failed_tasks_on_edge=1
uncompleted_tasks_on_edge=1
service_time_on_edge=505.82726523861015
processing_time_on_edge=499.06165042989284
vm_load_on_edge=14.837155963302752
failed_tasks_due_to_vm_capacity_on_edge=0

completed_tasks_on_cloud=211
failed_tasks_on_cloud=82
uncompleted_tasks_on_cloud=20
service_time_on_cloud=379.4022811884109
processing_time_on_cloud=378.98898661754384
vm_load_on_cloud=12.21788990825689
failed_tasks_due_to_vm_capacity_on_cloud=0

completed_tasks_on_mobile=0
failed_tasks_on_mobile=34
uncompleted_tasks_on_mobile=0
serivice_time_on_mobile=0.0
processing_time_on_mobile=0.0
vm_load_on_mobile=0.0
failed_tasks_due_to_vm_capacity_on_mobile=0

lan_delay=0.033268136766639714
man_delay=10.00234362689833
wan_delay=0.4132945708670316
gsm_delay=0.0
failed_tasks_due_to_lan=0
failed_tasks_due_to_man=0
failed_tasks_due_to_wan=0
failed_tasks_due_to_gsm=0

