total_tasks=78
total_completed_tasks=76
total_failed_tasks_total=2
total_uncompleted_tasks=0
failed_tasks_due_to_bw=0
total_service_time=271.31044622566344
total_processing_time=269.7735171303078
network_delay=1.5369290953557015
total_failed_tasks_due_to_vm_capacity=0
failed_tasks_due_to_mobility=0
rejected_tasks_due_to_wlan_range=0
error_tasks_due_to_ram_capacity=0
error_tasks_due_to_delay_limit=0
rejected_tasks_by_solver=2

completed_tasks_on_edge=13
failed_tasks_on_edge=0
uncompleted_tasks_on_edge=0
service_time_on_edge=538.2637596390407
processing_time_on_edge=531.3126969844517
vm_load_on_edge=3.1926605504587156
failed_tasks_due_to_vm_capacity_on_edge=0

completed_tasks_on_cloud=63
failed_tasks_on_cloud=0
uncompleted_tasks_on_cloud=0
service_time_on_cloud=216.22484187052214
processing_time_on_cloud=215.8051149381828
vm_load_on_cloud=0.8316513761467891
failed_tasks_due_to_vm_capacity_on_cloud=0

completed_tasks_on_mobile=0
failed_tasks_on_mobile=2
uncompleted_tasks_on_mobile=0
serivice_time_on_mobile=0.0
processing_time_on_mobile=0.0
vm_load_on_mobile=0.0
failed_tasks_due_to_vm_capacity_on_mobile=0

lan_delay=0.026363685794792598
man_delay=10.002342954924966
wan_delay=0.4197269323393074
gsm_delay=0.0
failed_tasks_due_to_lan=0
failed_tasks_due_to_man=0
failed_tasks_due_to_wan=0
failed_tasks_due_to_gsm=0

