total_tasks=328
total_completed_tasks=235
total_failed_tasks_total=76
total_uncompleted_tasks=17
failed_tasks_due_to_bw=0
total_service_time=397.3021261508224
total_processing_time=395.9127071152184
network_delay=1.3894190356042568
total_failed_tasks_due_to_vm_capacity=0
failed_tasks_due_to_mobility=0
rejected_tasks_due_to_wlan_range=0
error_tasks_due_to_ram_capacity=0
error_tasks_due_to_delay_limit=53
rejected_tasks_by_solver=23

completed_tasks_on_edge=39
failed_tasks_on_edge=3
uncompleted_tasks_on_edge=0
service_time_on_edge=503.3318264930358
processing_time_on_edge=497.14721492359473
vm_load_on_edge=13.277522935779816
failed_tasks_due_to_vm_capacity_on_edge=0

completed_tasks_on_cloud=196
failed_tasks_on_cloud=50
uncompleted_tasks_on_cloud=17
service_time_on_cloud=376.20437965415766
processing_time_on_cloud=375.7691060717147
vm_load_on_cloud=9.601376146788997
failed_tasks_due_to_vm_capacity_on_cloud=0

completed_tasks_on_mobile=0
failed_tasks_on_mobile=23
uncompleted_tasks_on_mobile=0
serivice_time_on_mobile=0.0
processing_time_on_mobile=0.0
vm_load_on_mobile=0.0
failed_tasks_due_to_vm_capacity_on_mobile=0

lan_delay=0.02932324833112068
man_delay=10.002343521803368
wan_delay=0.4352735824428865
gsm_delay=0.0
failed_tasks_due_to_lan=0
failed_tasks_due_to_man=0
failed_tasks_due_to_wan=0
failed_tasks_due_to_gsm=0

