Simulation started at 25/01/2025 05:38:15
----------------------------------------------------------------------
Scenario started at 25/01/2025 05:38:15
Scenario: TWO_TIER_WITH_EO - Policy: OPT_BASED - #iteration: 1
Duration: 11.0 sec (warm up period: 1.0 sec) - #devices: 200
Creating tasks...Done, 
Creating device locations...Done.
SimManager is starting...

QUANTAS TAREFAS: 3844


Done.
.........10.........20.........30.........40.........50.........60.........70.........80.........90.........100

Total cost:0.004890546811320678

AUGMENTED_REALITY
# of tasks (Edge/Cloud): 3734(1274/2460)
# of failed tasks (Edge/Cloud): 74(74/0)
# of completed tasks (Edge/Cloud): 3660(1200/2460)
---------------------------------------
HEALTH_APP
# of tasks (Edge/Cloud): 23(2/20)
# of failed tasks (Edge/Cloud): 1(0/0)
# of completed tasks (Edge/Cloud): 22(2/20)
---------------------------------------
HEAVY_COMP_APP
# of tasks (Edge/Cloud): 13(1/8)
# of failed tasks (Edge/Cloud): 4(0/0)
# of completed tasks (Edge/Cloud): 9(1/8)
---------------------------------------
INFOTAINMENT_APP
# of tasks (Edge/Cloud): 27(9/17)
# of failed tasks (Edge/Cloud): 1(0/0)
# of completed tasks (Edge/Cloud): 26(9/17)
---------------------------------------
# of tasks (Edge/Cloud/Mobile): 3797(1286/2505/6)
# of failed tasks (Edge/Cloud/Mobile): 80(74/0/6)
# of completed tasks (Edge/Cloud/Mobile): 3717(1212/2505/0)
# of uncompleted tasks (Edge/Cloud/Mobile): 0(0/0/0)
# of failed tasks due to vm capacity (Edge/Cloud/Mobile): 0(0/0/0)
# of failed tasks due to Mobility/WLAN Range/Network(WLAN/MAN/WAN/GSM): 0/0/0(0/0/0/0)
percentage of completed tasks: 97,893073%
average service time: 12,750510 seconds. (on Edge: 28,034826, on Cloud: 5,355464, on Mobile: NaN)
average processing time: 10,746737 seconds. (on Edge: 21,982537, on Cloud: 5,310495, on Mobile: NaN)
average network delay: 2,003773 seconds. (LAN delay: 0,003018, MAN delay: 10,002343, WAN delay: 0,044969, GSM delay: NaN)
average server utilization Edge/Cloud/Mobile: 2,479358/0,377982/0,000000
average cost: 0.0$
average overhead: 0.0 ns
average QoE (for all): 0.0%
average QoE (for executed): 0.0%
Scenario finished at 25/01/2025 05:54:09. It took 15 Minutes 54 Seconds
----------------------------------------------------------------------
Simulation finished at 25/01/2025 05:54:09. It took 15 Minutes 54 Seconds
Simulation started at 25/01/2025 05:54:09
----------------------------------------------------------------------
Scenario started at 25/01/2025 05:54:09
Scenario: TWO_TIER_WITH_EO - Policy: OPT_BASED - #iteration: 1
Duration: 11.0 sec (warm up period: 1.0 sec) - #devices: 400
Creating tasks...Done, 
Creating device locations...Done.
SimManager is starting...

QUANTAS TAREFAS: 6790


Done.
.........10.........20.........30.........40.........50.........60.........70.........80.........90.........100

Total cost:0.007490026869565252

AUGMENTED_REALITY
# of tasks (Edge/Cloud): 6582(1754/4827)
# of failed tasks (Edge/Cloud): 165(164/0)
# of completed tasks (Edge/Cloud): 6416(1590/4826)
---------------------------------------
HEALTH_APP
# of tasks (Edge/Cloud): 50(9/39)
# of failed tasks (Edge/Cloud): 3(0/1)
# of completed tasks (Edge/Cloud): 47(9/38)
---------------------------------------
HEAVY_COMP_APP
# of tasks (Edge/Cloud): 18(0/12)
# of failed tasks (Edge/Cloud): 7(0/1)
# of completed tasks (Edge/Cloud): 11(0/11)
---------------------------------------
INFOTAINMENT_APP
# of tasks (Edge/Cloud): 78(13/63)
# of failed tasks (Edge/Cloud): 2(0/0)
# of completed tasks (Edge/Cloud): 76(13/63)
---------------------------------------
# of tasks (Edge/Cloud/Mobile): 6728(1776/4941/11)
# of failed tasks (Edge/Cloud/Mobile): 177(164/2/11)
# of completed tasks (Edge/Cloud/Mobile): 6550(1612/4938/0)
# of uncompleted tasks (Edge/Cloud/Mobile): 1(0/1/0)
# of failed tasks due to vm capacity (Edge/Cloud/Mobile): 0(0/0/0)
# of failed tasks due to Mobility/WLAN Range/Network(WLAN/MAN/WAN/GSM): 0/0/0(0/0/0/0)
percentage of completed tasks: 97,354340%
average service time: 12,355763 seconds. (on Edge: 28,424385, on Cloud: 7,110194, on Mobile: NaN)
average processing time: 11,128917 seconds. (on Edge: 23,581488, on Cloud: 7,063801, on Mobile: NaN)
average network delay: 1,226846 seconds. (LAN delay: 0,003053, MAN delay: 10,002343, WAN delay: 0,046394, GSM delay: NaN)
average server utilization Edge/Cloud/Mobile: 3,192661/0,831651/0,000000
average cost: 0.0$
average overhead: 0.0 ns
average QoE (for all): 0.0%
average QoE (for executed): 0.0%
Scenario finished at 25/01/2025 06:23:45. It took 29 Minutes 36 Seconds
----------------------------------------------------------------------
Simulation finished at 25/01/2025 06:23:45. It took 29 Minutes 36 Seconds
Simulation started at 25/01/2025 06:23:46
----------------------------------------------------------------------
Scenario started at 25/01/2025 06:23:46
Scenario: TWO_TIER_WITH_EO - Policy: OPT_BASED - #iteration: 1
Duration: 11.0 sec (warm up period: 1.0 sec) - #devices: 600
Creating tasks...Done, 
Creating device locations...Done.
SimManager is starting...

QUANTAS TAREFAS: 10228


Done.
.........10.........20.........30.........40.........50.........60.........70.........80.........90.........100

Total cost:0.010602106129995303

AUGMENTED_REALITY
# of tasks (Edge/Cloud): 9927(2825/7098)
# of failed tasks (Edge/Cloud): 416(412/0)
# of completed tasks (Edge/Cloud): 9511(2413/7098)
---------------------------------------
HEALTH_APP
# of tasks (Edge/Cloud): 66(12/52)
# of failed tasks (Edge/Cloud): 6(0/4)
# of completed tasks (Edge/Cloud): 60(12/48)
---------------------------------------
HEAVY_COMP_APP
# of tasks (Edge/Cloud): 31(3/18)
# of failed tasks (Edge/Cloud): 12(0/2)
# of completed tasks (Edge/Cloud): 19(3/16)
---------------------------------------
INFOTAINMENT_APP
# of tasks (Edge/Cloud): 103(20/80)
# of failed tasks (Edge/Cloud): 5(0/2)
# of completed tasks (Edge/Cloud): 97(20/77)
---------------------------------------
# of tasks (Edge/Cloud/Mobile): 10127(2860/7248/19)
# of failed tasks (Edge/Cloud/Mobile): 439(412/8/19)
# of completed tasks (Edge/Cloud/Mobile): 9687(2448/7239/0)
# of uncompleted tasks (Edge/Cloud/Mobile): 1(0/1/0)
# of failed tasks due to vm capacity (Edge/Cloud/Mobile): 0(0/0/0)
# of failed tasks due to Mobility/WLAN Range/Network(WLAN/MAN/WAN/GSM): 0/0/0(0/0/0/0)
percentage of completed tasks: 95,655179%
average service time: 12,928781 seconds. (on Edge: 27,814971, on Cloud: 7,894744, on Mobile: NaN)
average processing time: 11,633004 seconds. (on Edge: 22,822758, on Cloud: 7,848984, on Mobile: NaN)
average network delay: 1,295777 seconds. (LAN delay: 0,003298, MAN delay: 10,002343, WAN delay: 0,045760, GSM delay: NaN)
average server utilization Edge/Cloud/Mobile: 5,222477/1,488073/0,000000
average cost: 0.0$
average overhead: 0.0 ns
average QoE (for all): 0.0%
average QoE (for executed): 0.0%
Scenario finished at 25/01/2025 07:08:03. It took 44 Minutes 17 Seconds
----------------------------------------------------------------------
Simulation finished at 25/01/2025 07:08:03. It took 44 Minutes 17 Seconds
Simulation started at 25/01/2025 07:08:03
----------------------------------------------------------------------
Scenario started at 25/01/2025 07:08:03
Scenario: TWO_TIER_WITH_EO - Policy: OPT_BASED - #iteration: 1
Duration: 11.0 sec (warm up period: 1.0 sec) - #devices: 800
Creating tasks...Done, 
Creating device locations...Done.
SimManager is starting...

QUANTAS TAREFAS: 13088


Done.
.........10.........20.........30.........40.........50.........60.........70.........80.........90.........100

Total cost:0.012043542825044714

AUGMENTED_REALITY
# of tasks (Edge/Cloud): 12718(3398/9314)
# of failed tasks (Edge/Cloud): 537(529/2)
# of completed tasks (Edge/Cloud): 12180(2868/9312)
---------------------------------------
HEALTH_APP
# of tasks (Edge/Cloud): 84(13/68)
# of failed tasks (Edge/Cloud): 8(1/4)
# of completed tasks (Edge/Cloud): 76(12/64)
---------------------------------------
HEAVY_COMP_APP
# of tasks (Edge/Cloud): 36(2/21)
# of failed tasks (Edge/Cloud): 15(0/2)
# of completed tasks (Edge/Cloud): 20(2/18)
---------------------------------------
INFOTAINMENT_APP
# of tasks (Edge/Cloud): 135(24/108)
# of failed tasks (Edge/Cloud): 9(1/5)
# of completed tasks (Edge/Cloud): 124(23/101)
---------------------------------------
# of tasks (Edge/Cloud/Mobile): 12973(3437/9511/25)
# of failed tasks (Edge/Cloud/Mobile): 569(531/13/25)
# of completed tasks (Edge/Cloud/Mobile): 12400(2905/9495/0)
# of uncompleted tasks (Edge/Cloud/Mobile): 4(1/3/0)
# of failed tasks due to vm capacity (Edge/Cloud/Mobile): 0(0/0/0)
# of failed tasks due to Mobility/WLAN Range/Network(WLAN/MAN/WAN/GSM): 1/0/0(0/0/0/0)
percentage of completed tasks: 95,583134%
average service time: 14,136790 seconds. (on Edge: 27,273820, on Cloud: 10,117509, on Mobile: NaN)
average processing time: 13,020536 seconds. (on Edge: 22,656824, on Cloud: 10,072309, on Mobile: NaN)
average network delay: 1,116254 seconds. (LAN delay: 0,003178, MAN delay: 10,002343, WAN delay: 0,045200, GSM delay: NaN)
average server utilization Edge/Cloud/Mobile: 6,360092/2,175229/0,000000
average cost: 0.0$
average overhead: 0.0 ns
average QoE (for all): 0.0%
average QoE (for executed): 0.0%
Scenario finished at 25/01/2025 08:04:54. It took 56 Minutes 50 Seconds
----------------------------------------------------------------------
Simulation finished at 25/01/2025 08:04:54. It took 56 Minutes 50 Seconds
Simulation started at 25/01/2025 08:04:54
----------------------------------------------------------------------
Scenario started at 25/01/2025 08:04:54
Scenario: TWO_TIER_WITH_EO - Policy: OPT_BASED - #iteration: 1
Duration: 11.0 sec (warm up period: 1.0 sec) - #devices: 1000
Creating tasks...Done, 
Creating device locations...Done.
SimManager is starting...

QUANTAS TAREFAS: 16863


Done.
.........10.........20.........30.........40.........50.........60.........70.........80.........90.........100

Total cost:0.01372861725794831

AUGMENTED_REALITY
# of tasks (Edge/Cloud): 16388(4330/12048)
# of failed tasks (Edge/Cloud): 859(826/23)
# of completed tasks (Edge/Cloud): 15526(3501/12025)
---------------------------------------
HEALTH_APP
# of tasks (Edge/Cloud): 111(15/92)
# of failed tasks (Edge/Cloud): 21(1/16)
# of completed tasks (Edge/Cloud): 90(14/76)
---------------------------------------
HEAVY_COMP_APP
# of tasks (Edge/Cloud): 38(2/23)
# of failed tasks (Edge/Cloud): 16(0/3)
# of completed tasks (Edge/Cloud): 22(2/20)
---------------------------------------
INFOTAINMENT_APP
# of tasks (Edge/Cloud): 164(28/132)
# of failed tasks (Edge/Cloud): 21(5/12)
# of completed tasks (Edge/Cloud): 143(23/120)
---------------------------------------
# of tasks (Edge/Cloud/Mobile): 16701(4375/12295/31)
# of failed tasks (Edge/Cloud/Mobile): 917(832/54/31)
# of completed tasks (Edge/Cloud/Mobile): 15781(3540/12241/0)
# of uncompleted tasks (Edge/Cloud/Mobile): 3(3/0/0)
# of failed tasks due to vm capacity (Edge/Cloud/Mobile): 0(0/0/0)
# of failed tasks due to Mobility/WLAN Range/Network(WLAN/MAN/WAN/GSM): 0/0/0(0/0/0/0)
percentage of completed tasks: 94,491348%
average service time: 15,101146 seconds. (on Edge: 27,117154, on Cloud: 11,626212, on Mobile: NaN)
average processing time: 14,030518 seconds. (on Edge: 22,497058, on Cloud: 11,582062, on Mobile: NaN)
average network delay: 1,070629 seconds. (LAN delay: 0,003196, MAN delay: 10,002344, WAN delay: 0,044151, GSM delay: NaN)
average server utilization Edge/Cloud/Mobile: 8,816514/3,131193/0,000000
average cost: 0.0$
average overhead: 0.0 ns
average QoE (for all): 0.0%
average QoE (for executed): 0.0%
Scenario finished at 25/01/2025 09:14:36. It took 1 Hour 9 Minutes 41 Seconds
----------------------------------------------------------------------
Simulation finished at 25/01/2025 09:14:36. It took 1 Hour 9 Minutes 41 Seconds
Simulation started at 25/01/2025 09:14:36
----------------------------------------------------------------------
Scenario started at 25/01/2025 09:14:36
Scenario: TWO_TIER_WITH_EO - Policy: OPT_BASED - #iteration: 1
Duration: 11.0 sec (warm up period: 1.0 sec) - #devices: 1200
Creating tasks...Done, 
Creating device locations...Done.
SimManager is starting...

QUANTAS TAREFAS: 20905


Done.
.........10.........20.........30.........40.........50.........60.........70.........80.........90.........100

Total cost:0.015377276940656928

AUGMENTED_REALITY
# of tasks (Edge/Cloud): 20298(5231/15047)
# of failed tasks (Edge/Cloud): 1254(1202/32)
# of completed tasks (Edge/Cloud): 19041(4026/15015)
---------------------------------------
HEALTH_APP
# of tasks (Edge/Cloud): 129(20/103)
# of failed tasks (Edge/Cloud): 29(4/19)
# of completed tasks (Edge/Cloud): 100(16/84)
---------------------------------------
HEAVY_COMP_APP
# of tasks (Edge/Cloud): 51(3/31)
# of failed tasks (Edge/Cloud): 24(0/7)
# of completed tasks (Edge/Cloud): 27(3/24)
---------------------------------------
INFOTAINMENT_APP
# of tasks (Edge/Cloud): 215(28/183)
# of failed tasks (Edge/Cloud): 22(0/18)
# of completed tasks (Edge/Cloud): 186(28/158)
---------------------------------------
# of tasks (Edge/Cloud/Mobile): 20693(5282/15364/47)
# of failed tasks (Edge/Cloud/Mobile): 1329(1206/76/47)
# of completed tasks (Edge/Cloud/Mobile): 19354(4073/15281/0)
# of uncompleted tasks (Edge/Cloud/Mobile): 10(3/7/0)
# of failed tasks due to vm capacity (Edge/Cloud/Mobile): 0(0/0/0)
# of failed tasks due to Mobility/WLAN Range/Network(WLAN/MAN/WAN/GSM): 0/0/0(0/0/0/0)
percentage of completed tasks: 93,529213%
average service time: 16,313049 seconds. (on Edge: 27,176075, on Cloud: 13,417617, on Mobile: NaN)
average processing time: 15,372786 seconds. (on Edge: 22,877730, on Cloud: 13,372418, on Mobile: NaN)
average network delay: 0,940263 seconds. (LAN delay: 0,003206, MAN delay: 10,002344, WAN delay: 0,045200, GSM delay: NaN)
average server utilization Edge/Cloud/Mobile: 9,238532/4,994037/0,000000
average cost: 0.0$
average overhead: 0.0 ns
average QoE (for all): 0.0%
average QoE (for executed): 0.0%
Scenario finished at 25/01/2025 10:32:56. It took 1 Hour 18 Minutes 20 Seconds
----------------------------------------------------------------------
Simulation finished at 25/01/2025 10:32:56. It took 1 Hour 18 Minutes 20 Seconds
Simulation started at 25/01/2025 10:32:57
----------------------------------------------------------------------
Scenario started at 25/01/2025 10:32:57
Scenario: TWO_TIER_WITH_EO - Policy: OPT_BASED - #iteration: 1
Duration: 11.0 sec (warm up period: 1.0 sec) - #devices: 1400
Creating tasks...Done, 
Creating device locations...Done.
SimManager is starting...

QUANTAS TAREFAS: 23417


Done.
.........10.........20.........30.........40.........50.........60.........70.........80.........90.........100

Total cost:0.01625751474780761

AUGMENTED_REALITY
# of tasks (Edge/Cloud): 22748(5444/17267)
# of failed tasks (Edge/Cloud): 1265(1174/54)
# of completed tasks (Edge/Cloud): 21480(4267/17213)
---------------------------------------
HEALTH_APP
# of tasks (Edge/Cloud): 135(15/113)
# of failed tasks (Edge/Cloud): 35(2/26)
# of completed tasks (Edge/Cloud): 100(13/87)
---------------------------------------
HEAVY_COMP_APP
# of tasks (Edge/Cloud): 57(2/38)
# of failed tasks (Edge/Cloud): 30(1/12)
# of completed tasks (Edge/Cloud): 25(1/24)
---------------------------------------
INFOTAINMENT_APP
# of tasks (Edge/Cloud): 260(40/215)
# of failed tasks (Edge/Cloud): 30(1/24)
# of completed tasks (Edge/Cloud): 215(38/177)
---------------------------------------
# of tasks (Edge/Cloud/Mobile): 23200(5501/17633/66)
# of failed tasks (Edge/Cloud/Mobile): 1360(1178/116/66)
# of completed tasks (Edge/Cloud/Mobile): 21820(4319/17501/0)
# of uncompleted tasks (Edge/Cloud/Mobile): 20(4/16/0)
# of failed tasks due to vm capacity (Edge/Cloud/Mobile): 0(0/0/0)
# of failed tasks due to Mobility/WLAN Range/Network(WLAN/MAN/WAN/GSM): 0/0/0(0/0/0/0)
percentage of completed tasks: 94,051724%
average service time: 17,142716 seconds. (on Edge: 28,455792, on Cloud: 14,350808, on Mobile: NaN)
average processing time: 16,200273 seconds. (on Edge: 23,874049, on Cloud: 14,306493, on Mobile: NaN)
average network delay: 0,942442 seconds. (LAN delay: 0,003221, MAN delay: 10,002344, WAN delay: 0,044315, GSM delay: NaN)
average server utilization Edge/Cloud/Mobile: 11,268349/6,323853/0,000000
average cost: 0.0$
average overhead: 0.0 ns
average QoE (for all): 0.0%
average QoE (for executed): 0.0%
Scenario finished at 25/01/2025 11:56:19. It took 1 Hour 23 Minutes 21 Seconds
----------------------------------------------------------------------
Simulation finished at 25/01/2025 11:56:19. It took 1 Hour 23 Minutes 21 Seconds
Simulation started at 25/01/2025 11:56:19
----------------------------------------------------------------------
Scenario started at 25/01/2025 11:56:19
Scenario: TWO_TIER_WITH_EO - Policy: OPT_BASED - #iteration: 1
Duration: 11.0 sec (warm up period: 1.0 sec) - #devices: 1600
Creating tasks...Done, 
Creating device locations...Done.
SimManager is starting...

QUANTAS TAREFAS: 26912


Done.
.........10.........20.........30.........40.........50.........60.........70.........80.........90.........100

Total cost:0.016623392012150743

AUGMENTED_REALITY
# of tasks (Edge/Cloud): 26164(5646/20436)
# of failed tasks (Edge/Cloud): 1413(1277/54)
# of completed tasks (Edge/Cloud): 24748(4366/20382)
---------------------------------------
HEALTH_APP
# of tasks (Edge/Cloud): 149(14/125)
# of failed tasks (Edge/Cloud): 49(1/38)
# of completed tasks (Edge/Cloud): 100(13/87)
---------------------------------------
HEAVY_COMP_APP
# of tasks (Edge/Cloud): 65(5/38)
# of failed tasks (Edge/Cloud): 37(1/14)
# of completed tasks (Edge/Cloud): 26(4/22)
---------------------------------------
INFOTAINMENT_APP
# of tasks (Edge/Cloud): 297(38/245)
# of failed tasks (Edge/Cloud): 49(1/34)
# of completed tasks (Edge/Cloud): 234(37/197)
---------------------------------------
# of tasks (Edge/Cloud/Mobile): 26675(5703/20844/128)
# of failed tasks (Edge/Cloud/Mobile): 1548(1280/140/128)
# of completed tasks (Edge/Cloud/Mobile): 25108(4420/20688/0)
# of uncompleted tasks (Edge/Cloud/Mobile): 19(3/16/0)
# of failed tasks due to vm capacity (Edge/Cloud/Mobile): 0(0/0/0)
# of failed tasks due to Mobility/WLAN Range/Network(WLAN/MAN/WAN/GSM): 0/0/0(0/0/0/0)
percentage of completed tasks: 94,125586%
average service time: 17,625613 seconds. (on Edge: 28,751416, on Cloud: 15,248581, on Mobile: NaN)
average processing time: 16,796076 seconds. (on Edge: 24,242606, on Cloud: 15,205122, on Mobile: NaN)
average network delay: 0,829537 seconds. (LAN delay: 0,003229, MAN delay: 10,002344, WAN delay: 0,043459, GSM delay: NaN)
average server utilization Edge/Cloud/Mobile: 11,534404/7,908257/0,000000
average cost: 0.0$
average overhead: 0.0 ns
average QoE (for all): 0.0%
average QoE (for executed): 0.0%
Scenario finished at 25/01/2025 13:26:01. It took 1 Hour 29 Minutes 41 Seconds
----------------------------------------------------------------------
Simulation finished at 25/01/2025 13:26:01. It took 1 Hour 29 Minutes 41 Seconds
Simulation started at 25/01/2025 13:26:02
----------------------------------------------------------------------
Scenario started at 25/01/2025 13:26:02
Scenario: TWO_TIER_WITH_EO - Policy: OPT_BASED - #iteration: 1
Duration: 11.0 sec (warm up period: 1.0 sec) - #devices: 1800
Creating tasks...Done, 
Creating device locations...Done.
SimManager is starting...

QUANTAS TAREFAS: 29901


Done.
.........10.........20.........30.........40.........50.........60.........70.........80.........90.........100

Total cost:0.01805693240822323

AUGMENTED_REALITY
# of tasks (Edge/Cloud): 29086(6432/22292)
# of failed tasks (Edge/Cloud): 1980(1569/49)
# of completed tasks (Edge/Cloud): 27106(4863/22243)
---------------------------------------
HEALTH_APP
# of tasks (Edge/Cloud): 167(17/134)
# of failed tasks (Edge/Cloud): 60(2/42)
# of completed tasks (Edge/Cloud): 107(15/92)
---------------------------------------
HEAVY_COMP_APP
# of tasks (Edge/Cloud): 76(3/44)
# of failed tasks (Edge/Cloud): 46(0/17)
# of completed tasks (Edge/Cloud): 27(3/24)
---------------------------------------
INFOTAINMENT_APP
# of tasks (Edge/Cloud): 328(42/263)
# of failed tasks (Edge/Cloud): 76(3/50)
# of completed tasks (Edge/Cloud): 235(39/196)
---------------------------------------
# of tasks (Edge/Cloud/Mobile): 29657(6494/22733/430)
# of failed tasks (Edge/Cloud/Mobile): 2162(1574/158/430)
# of completed tasks (Edge/Cloud/Mobile): 27475(4920/22555/0)
# of uncompleted tasks (Edge/Cloud/Mobile): 20(0/20/0)
# of failed tasks due to vm capacity (Edge/Cloud/Mobile): 0(0/0/0)
# of failed tasks due to Mobility/WLAN Range/Network(WLAN/MAN/WAN/GSM): 2/0/0(0/0/0/0)
percentage of completed tasks: 92,642546%
average service time: 18,601451 seconds. (on Edge: 28,523829, on Cloud: 16,437048, on Mobile: NaN)
average processing time: 17,806213 seconds. (on Edge: 24,283813, on Cloud: 16,393232, on Mobile: NaN)
average network delay: 0,795238 seconds. (LAN delay: 0,003251, MAN delay: 10,002344, WAN delay: 0,043816, GSM delay: NaN)
average server utilization Edge/Cloud/Mobile: 13,277523/9,601376/0,000000
average cost: 0.0$
average overhead: 0.0 ns
average QoE (for all): 0.0%
average QoE (for executed): 0.0%
Scenario finished at 25/01/2025 14:59:25. It took 1 Hour 33 Minutes 23 Seconds
----------------------------------------------------------------------
Simulation finished at 25/01/2025 14:59:25. It took 1 Hour 33 Minutes 23 Seconds
Simulation started at 25/01/2025 14:59:26
----------------------------------------------------------------------
Scenario started at 25/01/2025 14:59:26
Scenario: TWO_TIER_WITH_EO - Policy: OPT_BASED - #iteration: 1
Duration: 11.0 sec (warm up period: 1.0 sec) - #devices: 2000
Creating tasks...Done, 
Creating device locations...Done.
SimManager is starting...

QUANTAS TAREFAS: 32785


Done.
.........10.........20.........30.........40.........50.........60.........70.........80.........90.........100

Total cost:0.017892005468678543

AUGMENTED_REALITY
# of tasks (Edge/Cloud): 31828(6533/24148)
# of failed tasks (Edge/Cloud): 2840(1622/71)
# of completed tasks (Edge/Cloud): 28987(4910/24077)
---------------------------------------
HEALTH_APP
# of tasks (Edge/Cloud): 196(22/147)
# of failed tasks (Edge/Cloud): 90(1/62)
# of completed tasks (Edge/Cloud): 106(21/85)
---------------------------------------
HEAVY_COMP_APP
# of tasks (Edge/Cloud): 87(2/47)
# of failed tasks (Edge/Cloud): 54(0/16)
# of completed tasks (Edge/Cloud): 32(2/30)
---------------------------------------
INFOTAINMENT_APP
# of tasks (Edge/Cloud): 367(39/300)
# of failed tasks (Edge/Cloud): 96(2/66)
# of completed tasks (Edge/Cloud): 255(37/218)
---------------------------------------
# of tasks (Edge/Cloud/Mobile): 32478(6596/24642/1240)
# of failed tasks (Edge/Cloud/Mobile): 3080(1625/215/1240)
# of completed tasks (Edge/Cloud/Mobile): 29380(4970/24410/0)
# of uncompleted tasks (Edge/Cloud/Mobile): 18(1/17/0)
# of failed tasks due to vm capacity (Edge/Cloud/Mobile): 0(0/0/0)
# of failed tasks due to Mobility/WLAN Range/Network(WLAN/MAN/WAN/GSM): 3/0/0(0/0/0/0)
percentage of completed tasks: 90,461235%
average service time: 19,348233 seconds. (on Edge: 28,397268, on Cloud: 17,505804, on Mobile: NaN)
average processing time: 18,544783 seconds. (on Edge: 23,861867, on Cloud: 17,462197, on Mobile: NaN)
average network delay: 0,803450 seconds. (LAN delay: 0,003152, MAN delay: 10,002344, WAN delay: 0,043606, GSM delay: NaN)
average server utilization Edge/Cloud/Mobile: 13,071101/10,969266/0,000000
average cost: 0.0$
average overhead: 0.0 ns
average QoE (for all): 0.0%
average QoE (for executed): 0.0%
Scenario finished at 25/01/2025 16:38:39. It took 1 Hour 39 Minutes 12 Seconds
----------------------------------------------------------------------
Simulation finished at 25/01/2025 16:38:39. It took 1 Hour 39 Minutes 12 Seconds
Simulation started at 25/01/2025 16:38:39
----------------------------------------------------------------------
Scenario started at 25/01/2025 16:38:39
Scenario: TWO_TIER_WITH_EO - Policy: OPT_BASED - #iteration: 1
Duration: 11.0 sec (warm up period: 1.0 sec) - #devices: 2200
Creating tasks...Done, 
Creating device locations...Done.
SimManager is starting...

QUANTAS TAREFAS: 36056


Done.
.........10.........20.........30.........40.........50.........60.........70.........80.........90.........100

Total cost:0.019094994060076146

AUGMENTED_REALITY
# of tasks (Edge/Cloud): 34943(6857/25883)
# of failed tasks (Edge/Cloud): 4076(1799/74)
# of completed tasks (Edge/Cloud): 30862(5053/25809)
---------------------------------------
HEALTH_APP
# of tasks (Edge/Cloud): 232(14/183)
# of failed tasks (Edge/Cloud): 105(0/70)
# of completed tasks (Edge/Cloud): 126(14/112)
---------------------------------------
HEAVY_COMP_APP
# of tasks (Edge/Cloud): 93(5/42)
# of failed tasks (Edge/Cloud): 59(1/12)
# of completed tasks (Edge/Cloud): 34(4/30)
---------------------------------------
INFOTAINMENT_APP
# of tasks (Edge/Cloud): 401(54/313)
# of failed tasks (Edge/Cloud): 117(1/82)
# of completed tasks (Edge/Cloud): 263(52/211)
---------------------------------------
# of tasks (Edge/Cloud/Mobile): 35669(6930/26421/2318)
# of failed tasks (Edge/Cloud/Mobile): 4357(1801/238/2318)
# of completed tasks (Edge/Cloud/Mobile): 31285(5123/26162/0)
# of uncompleted tasks (Edge/Cloud/Mobile): 27(6/21/0)
# of failed tasks due to vm capacity (Edge/Cloud/Mobile): 0(0/0/0)
# of failed tasks due to Mobility/WLAN Range/Network(WLAN/MAN/WAN/GSM): 2/0/0(0/0/0/0)
percentage of completed tasks: 87,709215%
average service time: 19,652604 seconds. (on Edge: 29,601618, on Cloud: 17,704404, on Mobile: NaN)
average processing time: 18,929865 seconds. (on Edge: 25,406427, on Cloud: 17,661635, on Mobile: NaN)
average network delay: 0,722739 seconds. (LAN delay: 0,003305, MAN delay: 10,002344, WAN delay: 0,042769, GSM delay: NaN)
average server utilization Edge/Cloud/Mobile: 14,837156/12,217890/0,000000
average cost: 0.0$
average overhead: 0.0 ns
average QoE (for all): 0.0%
average QoE (for executed): 0.0%
Scenario finished at 25/01/2025 18:22:13. It took 1 Hour 43 Minutes 33 Seconds
----------------------------------------------------------------------
Simulation finished at 25/01/2025 18:22:13. It took 1 Hour 43 Minutes 33 Seconds
Simulation started at 25/01/2025 18:22:13
----------------------------------------------------------------------
Scenario started at 25/01/2025 18:22:13
Scenario: TWO_TIER_WITH_EO - Policy: OPT_BASED - #iteration: 1
Duration: 11.0 sec (warm up period: 1.0 sec) - #devices: 2400
Creating tasks...Done, 
Creating device locations...Done.
SimManager is starting...

QUANTAS TAREFAS: 37792


Done.
.........10.........20.........30.........40.........50.........60.........70.........80.........90.........100

Total cost:0.019008644083583947

AUGMENTED_REALITY
# of tasks (Edge/Cloud): 36621(7085/26720)
# of failed tasks (Edge/Cloud): 4799(1893/90)
# of completed tasks (Edge/Cloud): 31821(5191/26630)
---------------------------------------
HEALTH_APP
# of tasks (Edge/Cloud): 258(16/197)
# of failed tasks (Edge/Cloud): 129(0/84)
# of completed tasks (Edge/Cloud): 128(16/112)
---------------------------------------
HEAVY_COMP_APP
# of tasks (Edge/Cloud): 97(6/38)
# of failed tasks (Edge/Cloud): 67(0/14)
# of completed tasks (Edge/Cloud): 29(6/23)
---------------------------------------
INFOTAINMENT_APP
# of tasks (Edge/Cloud): 426(49/338)
# of failed tasks (Edge/Cloud): 132(3/90)
# of completed tasks (Edge/Cloud): 274(44/230)
---------------------------------------
# of tasks (Edge/Cloud/Mobile): 37402(7156/27293/2953)
# of failed tasks (Edge/Cloud/Mobile): 5127(1896/278/2953)
# of completed tasks (Edge/Cloud/Mobile): 32252(5257/26995/0)
# of uncompleted tasks (Edge/Cloud/Mobile): 23(3/20/0)
# of failed tasks due to vm capacity (Edge/Cloud/Mobile): 0(0/0/0)
# of failed tasks due to Mobility/WLAN Range/Network(WLAN/MAN/WAN/GSM): 2/0/0(0/0/0/0)
percentage of completed tasks: 86,230683%
average service time: 20,023373 seconds. (on Edge: 28,445486, on Cloud: 18,383252, on Mobile: NaN)
average processing time: 19,302795 seconds. (on Edge: 24,244921, on Cloud: 18,340366, on Mobile: NaN)
average network delay: 0,720578 seconds. (LAN delay: 0,003272, MAN delay: 10,002344, WAN delay: 0,042886, GSM delay: NaN)
average server utilization Edge/Cloud/Mobile: 15,055046/12,797706/0,000000
average cost: 0.0$
average overhead: 0.0 ns
average QoE (for all): 0.0%
average QoE (for executed): 0.0%
Scenario finished at 25/01/2025 20:07:48. It took 1 Hour 45 Minutes 35 Seconds
----------------------------------------------------------------------
Simulation finished at 25/01/2025 20:07:48. It took 1 Hour 45 Minutes 35 Seconds
